src/__mocks__/zustand.ts(1,22): error TS2307: Cannot find module '@jest/globals' or its corresponding type declarations.
src/components/ai-elements/message.tsx(3,32): error TS2307: Cannot find module 'ai' or its corresponding type declarations.
src/components/ai-elements/prompt-input.tsx(13,33): error TS2307: Cannot find module 'ai' or its corresponding type declarations.
src/components/asset-search/AssetGrid.tsx(4,16): error TS6133: 'Pause' is declared but its value is never read.
src/components/asset-search/AssetGrid.tsx(4,33): error TS6133: 'ExternalLink' is declared but its value is never read.
src/components/asset-search/AssetGrid.tsx(5,1): error TS6133: 'Button' is declared but its value is never read.
src/components/asset-search/AssetGrid.tsx(7,1): error TS6133: 'Card' is declared but its value is never read.
src/components/asset-search/AssetGrid.tsx(11,10): error TS2305: Module '"@/lib/utils"' has no exported member 'copyToClipboard'.
src/components/asset-search/AssetGrid.tsx(27,10): error TS6133: 'isPlaying' is declared but its value is never read.
src/components/asset-search/AssetGrid.tsx(27,21): error TS6133: 'setIsPlaying' is declared but its value is never read.
src/components/asset-search/AssetGrid.tsx(214,9): error TS2322: Type '"default"' is not assignable to type '"outline"'.
src/components/asset-search/AssetGrid.tsx(224,11): error TS2322: Type '"default"' is not assignable to type '"outline"'.
src/components/asset-search/AssetGrid.tsx(331,7): error TS2322: Type '{ label: string; onClick: () => void; variant: "outline"; icon: Element; }[]' is not assignable to type 'ModalAction[]'.
  Type '{ label: string; onClick: () => void; variant: "outline"; icon: JSX.Element; }' is not assignable to type 'ModalAction'.
    Types of property 'variant' are incompatible.
      Type '"outline"' is not assignable to type '"primary" | "success" | "warning" | "secondary" | "danger"'.
src/components/asset-search/AssetGrid.tsx(381,8): error TS2375: Type '{ item: StandardApiItem | null; isOpen: boolean; onClose: () => void; onAddToOBS: ((item: StandardApiItem, sourceType: "image" | "browser") => void) | undefined; }' is not assignable to type '{ item: StandardApiItem | null; isOpen: boolean; onClose: () => void; onAddToOBS?: (item: StandardApiItem, sourceType: "image" | "browser") => void; }' with 'exactOptionalPropertyTypes: true'. Consider adding 'undefined' to the types of the target's properties.
  Types of property 'onAddToOBS' are incompatible.
    Type '((item: StandardApiItem, sourceType: "image" | "browser") => void) | undefined' is not assignable to type '(item: StandardApiItem, sourceType: "image" | "browser") => void'.
      Type 'undefined' is not assignable to type '(item: StandardApiItem, sourceType: "image" | "browser") => void'.
src/components/asset-search/AssetSettingsPanel.tsx(117,11): error TS6133: 'apiKeyConfig' is declared but its value is never read.
src/components/asset-search/AssetSettingsPanel.tsx(125,46): error TS2339: Property 'testEndpoint' does not exist on type 'ConfigState'.
src/components/asset-search/AssetSettingsPanel.tsx(137,34): error TS2339: Property 'label' does not exist on type 'ConfigState'.
src/components/asset-search/AssetSettingsPanel.tsx(147,51): error TS2339: Property 'label' does not exist on type 'ConfigState'.
src/components/asset-search/AssetSettingsPanel.tsx(153,7): error TS2304: Cannot find name 'apiKeys'.
src/components/asset-search/AssetSettingsPanel.tsx(195,59): error TS2339: Property 'key' does not exist on type 'ConfigState'.
src/components/asset-search/AssetSettingsPanel.tsx(196,60): error TS2339: Property 'key' does not exist on type 'ConfigState'.
src/components/asset-search/AssetSettingsPanel.tsx(201,82): error TS2339: Property 'label' does not exist on type 'ConfigState'.
src/components/asset-search/AssetSettingsPanel.tsx(207,74): error TS2339: Property 'description' does not exist on type 'ConfigState'.
src/components/asset-search/AssetSettingsPanel.tsx(211,101): error TS2339: Property 'placeholder' does not exist on type 'ConfigState'.
src/components/asset-search/AssetSettingsPanel.tsx(211,175): error TS2339: Property 'key' does not exist on type 'ConfigState'.
src/components/asset-search/AssetSettingsPanel.tsx(222,39): error TS2339: Property 'helpUrl' does not exist on type 'ConfigState'.
src/components/asset-search/AssetSettingsPanel.tsx(222,118): error TS2339: Property 'helpUrl' does not exist on type 'ConfigState'.
src/components/asset-search/AssetSettingsPanel.tsx(235,57): error TS2339: Property 'key' does not exist on type 'ConfigState'.
src/components/asset-search/AssetSettingsPanel.tsx(236,58): error TS2339: Property 'key' does not exist on type 'ConfigState'.
src/components/asset-search/AssetSettingsPanel.tsx(241,80): error TS2339: Property 'label' does not exist on type 'ConfigState'.
src/components/asset-search/AssetSettingsPanel.tsx(247,72): error TS2339: Property 'description' does not exist on type 'ConfigState'.
src/components/asset-search/AssetSettingsPanel.tsx(251,99): error TS2339: Property 'placeholder' does not exist on type 'ConfigState'.
src/components/asset-search/AssetSettingsPanel.tsx(251,173): error TS2339: Property 'key' does not exist on type 'ConfigState'.
src/components/asset-search/AssetSettingsPanel.tsx(262,37): error TS2339: Property 'helpUrl' does not exist on type 'ConfigState'.
src/components/asset-search/AssetSettingsPanel.tsx(262,116): error TS2339: Property 'helpUrl' does not exist on type 'ConfigState'.
src/components/asset-search/EnhancedAssetSearch.tsx(100,13): error TS2559: Type 'string' has no properties in common with type 'Toast'.
src/components/asset-search/EnhancedAssetSearch.tsx(105,47): error TS2339: Property 'addBrowserSource' does not exist on type 'ObsClientImpl'.
src/components/asset-search/EnhancedAssetSearch.tsx(108,13): error TS2559: Type 'string' has no properties in common with type 'Toast'.
src/components/asset-search/EnhancedAssetSearch.tsx(114,13): error TS2559: Type 'string' has no properties in common with type 'Toast'.
src/components/asset-search/EnhancedAssetSearch.tsx(119,47): error TS2339: Property 'addImageSource' does not exist on type 'ObsClientImpl'.
src/components/asset-search/EnhancedAssetSearch.tsx(122,13): error TS2559: Type 'string' has no properties in common with type 'Toast'.
src/components/asset-search/index.ts(20,3): error TS2614: Module '"@/config/assetSearchConfigs"' has no exported member 'getConfigByValue'. Did you mean to use 'import getConfigByValue from "@/config/assetSearchConfigs"' instead?
src/components/common/ChatBubblePreview.tsx(46,17): error TS2532: Object is possibly 'undefined'.
src/components/common/ChatBubblePreview.tsx(46,24): error TS2532: Object is possibly 'undefined'.
src/components/common/CollapsibleCard.tsx(58,29): error TS2322: Type '{ htmlContent: string; allowedTags: string[]; allowedAttributes: string[]; className: string; }' is not assignable to type 'IntrinsicAttributes & SecureHtmlRendererProps'.
  Property 'allowedAttributes' does not exist on type 'IntrinsicAttributes & SecureHtmlRendererProps'. Did you mean 'allowedAttrs'?
src/components/common/CollapsibleSection.tsx(27,7): error TS2322: Type '{ children: Element; isOpen: boolean; onToggle: () => void; title: string; emoji: string; accentColor: string; }' is not assignable to type 'IntrinsicAttributes & CollapsibleCardProps'.
  Property 'accentColor' does not exist on type 'IntrinsicAttributes & CollapsibleCardProps'.
src/components/common/ComprehensiveErrorBoundary.tsx(148,13): error TS6133: 'handleRetry' is declared but its value is never read.
src/components/common/ComprehensiveErrorBoundary.tsx(153,13): error TS6133: 'handleReload' is declared but its value is never read.
src/components/common/ComprehensiveErrorBoundary.tsx(201,6): error TS2375: Type '{ children: ReactNode; name: string | undefined; isolate: true; }' is not assignable to type 'Readonly<Props>' with 'exactOptionalPropertyTypes: true'. Consider adding 'undefined' to the types of the target's properties.
  Types of property 'name' are incompatible.
    Type 'string | undefined' is not assignable to type 'string'.
      Type 'undefined' is not assignable to type 'string'.
src/components/common/ErrorFallback.tsx(1,1): error TS6133: 'React' is declared but its value is never read.
src/components/common/FaviconDropdown.tsx(131,39): error TS2532: Object is possibly 'undefined'.
src/components/common/GlobalErrorDisplay.tsx(9,19): error TS7006: Parameter 'error' implicitly has an 'any' type.
src/components/common/GlobalErrorDisplay.tsx(17,11): error TS2353: Object literal may only specify known properties, and 'label' does not exist in type 'ReactElement<ForwardRefExoticComponent<ButtonHTMLAttributes<HTMLButtonElement> & RefAttributes<HTMLButtonElement>>, string | JSXElementConstructor<...>>'.
src/components/common/ImageUpload.tsx(55,29): error TS2345: Argument of type 'string | undefined' is not assignable to parameter of type 'string'.
  Type 'undefined' is not assignable to type 'string'.
src/components/common/LockToggle.tsx(2,30): error TS2307: Cannot find module '@/store/lockStore' or its corresponding type declarations.
src/components/common/PluginErrorBoundary.tsx(1,8): error TS6133: 'React' is declared but its value is never read.
src/components/common/__tests__/contrastUtils.test.ts(3,1): error TS2582: Cannot find name 'describe'. Do you need to install type definitions for a test runner? Try `npm i --save-dev @types/jest` or `npm i --save-dev @types/mocha`.
src/components/common/__tests__/contrastUtils.test.ts(4,3): error TS2582: Cannot find name 'test'. Do you need to install type definitions for a test runner? Try `npm i --save-dev @types/jest` or `npm i --save-dev @types/mocha`.
src/components/common/__tests__/contrastUtils.test.ts(5,5): error TS2304: Cannot find name 'expect'.
src/components/common/__tests__/contrastUtils.test.ts(8,3): error TS2582: Cannot find name 'test'. Do you need to install type definitions for a test runner? Try `npm i --save-dev @types/jest` or `npm i --save-dev @types/mocha`.
src/components/common/__tests__/contrastUtils.test.ts(10,5): error TS2304: Cannot find name 'expect'.
src/components/common/__tests__/contrastUtils.test.ts(13,3): error TS2582: Cannot find name 'test'. Do you need to install type definitions for a test runner? Try `npm i --save-dev @types/jest` or `npm i --save-dev @types/mocha`.
src/components/common/__tests__/contrastUtils.test.ts(15,5): error TS2304: Cannot find name 'expect'.
src/components/debug/HealthDashboard.tsx(2,27): error TS2614: Module '"@/hooks/useHealthStatus"' has no exported member 'HealthReport'. Did you mean to use 'import HealthReport from "@/hooks/useHealthStatus"' instead?
src/components/debug/HealthDashboard.tsx(2,27): error TS6133: 'HealthReport' is declared but its value is never read.
src/components/debug/HealthDashboard.tsx(2,41): error TS2614: Module '"@/hooks/useHealthStatus"' has no exported member 'ServiceStatus'. Did you mean to use 'import ServiceStatus from "@/hooks/useHealthStatus"' instead?
src/components/generate/EnhancedImageGenerator.tsx(4,1): error TS6133: 'Input' is declared but its value is never read.
src/components/generate/EnhancedImageGenerator.tsx(14,3): error TS6133: 'Copy' is declared but its value is never read.
src/components/generate/EnhancedImageGenerator.tsx(121,11): error TS2339: Property 'isConnected' does not exist on type 'CombinedState'.
src/components/generate/EnhancedImageGenerator.tsx(153,21): error TS2345: Argument of type 'string | undefined' is not assignable to parameter of type 'SetStateAction<string | null>'.
  Type 'undefined' is not assignable to type 'SetStateAction<string | null>'.
src/components/generate/EnhancedImageGenerator.tsx(251,13): error TS6133: 'url' is declared but its value is never read.
src/components/generate/SpeechGenerator.tsx(72,11): error TS2339: Property 'isConnected' does not exist on type 'CombinedState'.
src/components/obs-config-forms/ActionConfigForm.tsx(28,22): error TS2379: Argument of type '{ sourceName: undefined; type: string; action: ObsActionName; id?: string; label?: string; icon?: string; className?: string; } | { sourceName: undefined; type: string; action: ObsActionName; ... 4 more ...; sceneName?: string; }' is not assignable to parameter of type 'Partial<ActionConfig>' with 'exactOptionalPropertyTypes: true'. Consider adding 'undefined' to the types of the target's properties.
  Type '{ sourceName: undefined; type: string; action: ObsActionName; id?: string; label?: string; icon?: string; className?: string; }' is not assignable to type 'Partial<ActionConfig>' with 'exactOptionalPropertyTypes: true'. Consider adding 'undefined' to the types of the target's properties.
    Type '{ sourceName: undefined; type: string; action: ObsActionName; id?: string; label?: string; icon?: string; className?: string; }' is not assignable to type 'Partial<BaseWidgetConfig & { type: "action"; action: "toggle_mute"; sourceName: string; }>' with 'exactOptionalPropertyTypes: true'. Consider adding 'undefined' to the types of the target's properties.
      Types of property 'type' are incompatible.
        Type 'string' is not assignable to type '"action"'.
src/components/obs-config-forms/ActionConfigForm.tsx(30,22): error TS2379: Argument of type '{ sceneName: undefined; type: string; action: ObsActionName; id?: string; label?: string; icon?: string; className?: string; sourceName?: string; } | { sceneName: undefined; type: string; ... 4 more ...; className?: string; }' is not assignable to parameter of type 'Partial<ActionConfig>' with 'exactOptionalPropertyTypes: true'. Consider adding 'undefined' to the types of the target's properties.
  Type '{ sceneName: undefined; type: string; action: ObsActionName; id?: string; label?: string; icon?: string; className?: string; sourceName?: string; }' is not assignable to type 'Partial<ActionConfig>' with 'exactOptionalPropertyTypes: true'. Consider adding 'undefined' to the types of the target's properties.
    Type '{ sceneName: undefined; type: string; action: ObsActionName; id?: string; label?: string; icon?: string; className?: string; sourceName?: string; }' is not assignable to type 'Partial<BaseWidgetConfig & { type: "action"; action: "switch_scene"; sceneName: string; }>' with 'exactOptionalPropertyTypes: true'. Consider adding 'undefined' to the types of the target's properties.
      Types of property 'type' are incompatible.
        Type 'string' is not assignable to type '"action"'.
src/components/obs-config-forms/ActionConfigForm.tsx(32,22): error TS2379: Argument of type '{ type: string; action: ObsActionName; id?: string; label?: string; icon?: string; className?: string; sourceName?: string; } | { type: string; action: ObsActionName; ... 4 more ...; sceneName?: string; }' is not assignable to parameter of type 'Partial<ActionConfig>' with 'exactOptionalPropertyTypes: true'. Consider adding 'undefined' to the types of the target's properties.
  Type '{ type: string; action: ObsActionName; id?: string; label?: string; icon?: string; className?: string; sourceName?: string; }' is not assignable to type 'Partial<ActionConfig>' with 'exactOptionalPropertyTypes: true'. Consider adding 'undefined' to the types of the target's properties.
    Type '{ type: string; action: ObsActionName; id?: string; label?: string; icon?: string; className?: string; sourceName?: string; }' is not assignable to type 'Partial<BaseWidgetConfig & { type: "action"; action: "toggle_mute"; sourceName: string; }>' with 'exactOptionalPropertyTypes: true'. Consider adding 'undefined' to the types of the target's properties.
      Types of property 'type' are incompatible.
        Type 'string' is not assignable to type '"action"'.
src/components/obs-config-forms/ActionConfigForm.tsx(40,10): error TS2375: Type '{ children: Element[]; onValueChange: (value: ObsActionName) => void; value: "toggle_mute" | "switch_scene" | undefined; }' is not assignable to type '{ value?: string; defaultValue?: string; onValueChange?(value: string): void; }' with 'exactOptionalPropertyTypes: true'. Consider adding 'undefined' to the types of the target's properties.
  Types of property 'value' are incompatible.
    Type 'string | undefined' is not assignable to type 'string'.
      Type 'undefined' is not assignable to type 'string'.
src/components/obs-config-forms/ActionConfigForm.tsx(57,12): error TS2375: Type '{ children: Element[]; onValueChange: (sceneName: string) => void; value: string | undefined; }' is not assignable to type '{ value?: string; defaultValue?: string; onValueChange?(value: string): void; }' with 'exactOptionalPropertyTypes: true'. Consider adding 'undefined' to the types of the target's properties.
  Types of property 'value' are incompatible.
    Type 'string | undefined' is not assignable to type 'string'.
      Type 'undefined' is not assignable to type 'string'.
src/components/obs-config-forms/ActionConfigForm.tsx(86,12): error TS2375: Type '{ children: Element[]; onValueChange: (sourceName: string) => void; value: string | undefined; }' is not assignable to type '{ value?: string; defaultValue?: string; onValueChange?(value: string): void; }' with 'exactOptionalPropertyTypes: true'. Consider adding 'undefined' to the types of the target's properties.
  Types of property 'value' are incompatible.
    Type 'string | undefined' is not assignable to type 'string'.
      Type 'undefined' is not assignable to type 'string'.
src/components/obs-config-forms/ControlConfigForm.tsx(36,10): error TS2375: Type '{ children: Element[]; onValueChange: (kind: ControlKind) => void; value: ControlKind | undefined; }' is not assignable to type '{ value?: string; defaultValue?: string; onValueChange?(value: string): void; }' with 'exactOptionalPropertyTypes: true'. Consider adding 'undefined' to the types of the target's properties.
  Types of property 'value' are incompatible.
    Type 'string | undefined' is not assignable to type 'string'.
      Type 'undefined' is not assignable to type 'string'.
src/components/obs-config-forms/ControlConfigForm.tsx(51,10): error TS2375: Type '{ children: Element[]; onValueChange: (sourceName: string) => void; value: string | undefined; }' is not assignable to type '{ value?: string; defaultValue?: string; onValueChange?(value: string): void; }' with 'exactOptionalPropertyTypes: true'. Consider adding 'undefined' to the types of the target's properties.
  Types of property 'value' are incompatible.
    Type 'string | undefined' is not assignable to type 'string'.
      Type 'undefined' is not assignable to type 'string'.
src/components/ui/AssetSearchTab.tsx(9,8): error TS2613: Module '"/home/myrqyry/\uD83D\uDE4F\uFE0F/obs-copilot/src/components/ui/SecureHtmlRenderer"' has no default export. Did you mean to use 'import { SecureHtmlRenderer } from "/home/myrqyry/\uD83D\uDE4F\uFE0F/obs-copilot/src/components/ui/SecureHtmlRenderer"' instead?
src/components/ui/AssetSearchTab.tsx(88,45): error TS7015: Element implicitly has an 'any' type because index expression is not of type 'number'.
src/components/ui/AssetSearchTab.tsx(131,12): error TS2375: Type '{ title: string; emoji: string; apiConfigs: any; maxResults: number; gridCols: number; gridRows: number; showFilters: true; defaultFilters: { rating: "g"; limit: number; lang: string; }; customActions: ((item: StandardApiItem) => AssetModalActions[]) | undefined; customGridRenderer: ((item: StandardApiItem, onClick:...' is not assignable to type 'EnhancedAssetSearchProps' with 'exactOptionalPropertyTypes: true'. Consider adding 'undefined' to the types of the target's properties.
  Types of property 'customActions' are incompatible.
    Type '((item: StandardApiItem) => AssetModalActions[]) | undefined' is not assignable to type '(item: StandardApiItem) => AssetModalActions[]'.
      Type 'undefined' is not assignable to type '(item: StandardApiItem) => AssetModalActions[]'.
src/components/ui/AssetSearchTab.tsx(172,46): error TS7006: Parameter 'config' implicitly has an 'any' type.
src/components/ui/AssetSearchTab.tsx(172,54): error TS7006: Parameter 'index' implicitly has an 'any' type.
src/components/ui/Button.tsx(108,27): error TS2322: Type 'number' is not assignable to type '"small" | "medium" | "large"'.
src/components/ui/ErrorViewer.tsx(1,38): error TS6133: 'useCallback' is declared but its value is never read.
src/components/ui/ErrorViewer.tsx(3,1): error TS6133: 'gsap' is declared but its value is never read.
src/components/ui/ErrorViewer.tsx(4,34): error TS6133: 'CheckCircle' is declared but its value is never read.
src/components/ui/ErrorViewer.tsx(25,11): error TS2339: Property 'criticalErrors' does not exist on type 'UiStore'.
src/components/ui/ErrorViewer.tsx(25,27): error TS2339: Property 'removeError' does not exist on type 'UiStore'.
src/components/ui/ErrorViewer.tsx(34,9): error TS6133: 'containerRef' is declared but its value is never read.
src/components/ui/ErrorViewer.tsx(35,9): error TS6133: 'modalRef' is declared but its value is never read.
src/components/ui/ErrorViewer.tsx(42,34): error TS7006: Parameter 'log' implicitly has an 'any' type.
src/components/ui/ErrorViewer.tsx(46,34): error TS7006: Parameter 'log' implicitly has an 'any' type.
src/components/ui/ErrorViewer.tsx(51,34): error TS7006: Parameter 'log' implicitly has an 'any' type.
src/components/ui/ErrorViewer.tsx(58,34): error TS7006: Parameter 'log' implicitly has an 'any' type.
src/components/ui/ErrorViewer.tsx(185,54): error TS2304: Cannot find name 'handleRetry'.
src/components/ui/HealthStatusIndicator.tsx(11,11): error TS2339: Property 'gemini' does not exist on type 'HealthCheckResult'.
src/components/ui/HealthStatusIndicator.tsx(11,19): error TS2339: Property 'obs' does not exist on type 'HealthCheckResult'.
src/components/ui/HealthStatusIndicator.tsx(11,24): error TS2339: Property 'mcp' does not exist on type 'HealthCheckResult'.
src/components/ui/HealthStatusIndicator.tsx(11,29): error TS2339: Property 'overall' does not exist on type 'HealthCheckResult'.
src/components/ui/HealthStatusIndicator.tsx(49,9): error TS6133: 'serviceConfig' is declared but its value is never read.
src/components/ui/HealthStatusIndicator.tsx(73,25): error TS7053: Element implicitly has an 'any' type because expression of type 'any' can't be used to index type '{ healthy: { icon: ForwardRefExoticComponent<Omit<LucideProps, "ref"> & RefAttributes<SVGSVGElement>>; ... 4 more ...; description: string; }; degraded: { ...; }; critical: { ...; }; unknown: { ...; }; }'.
src/components/ui/MorphingLogos.tsx(2,1): error TS6133: 'gsap' is declared but its value is never read.
src/components/ui/__tests__/Button.test.tsx(1,1): error TS6133: 'React' is declared but its value is never read.
src/components/ui/__tests__/HealthStatusIndicator.test.tsx(1,1): error TS6133: 'React' is declared but its value is never read.
src/components/ui/__tests__/HealthStatusIndicator.test.tsx(11,50): error TS2503: Cannot find namespace 'vi'.
src/components/ui/__tests__/Knob.test.tsx(1,1): error TS6133: 'React' is declared but its value is never read.
src/components/ui/__tests__/Knob.test.tsx(3,10): error TS2300: Duplicate identifier 'vi'.
src/components/ui/__tests__/Knob.test.tsx(5,10): error TS2300: Duplicate identifier 'vi'.
src/components/ui/__tests__/Slider.test.tsx(1,1): error TS6133: 'React' is declared but its value is never read.
src/components/ui/__tests__/Slider.test.tsx(5,1): error TS2582: Cannot find name 'describe'. Do you need to install type definitions for a test runner? Try `npm i --save-dev @types/jest` or `npm i --save-dev @types/mocha`.
src/components/ui/__tests__/Slider.test.tsx(6,3): error TS2582: Cannot find name 'it'. Do you need to install type definitions for a test runner? Try `npm i --save-dev @types/jest` or `npm i --save-dev @types/mocha`.
src/components/ui/__tests__/Slider.test.tsx(8,5): error TS2304: Cannot find name 'expect'.
src/components/ui/__tests__/Slider.test.tsx(9,5): error TS2304: Cannot find name 'expect'.
src/components/ui/__tests__/Slider.test.tsx(12,3): error TS2582: Cannot find name 'it'. Do you need to install type definitions for a test runner? Try `npm i --save-dev @types/jest` or `npm i --save-dev @types/mocha`.
src/components/ui/__tests__/Slider.test.tsx(14,5): error TS2304: Cannot find name 'expect'.
src/components/ui/__tests__/Slider.test.tsx(17,3): error TS2582: Cannot find name 'it'. Do you need to install type definitions for a test runner? Try `npm i --save-dev @types/jest` or `npm i --save-dev @types/mocha`.
src/components/ui/__tests__/Slider.test.tsx(18,26): error TS2708: Cannot use namespace 'jest' as a value.
src/components/ui/__tests__/Slider.test.tsx(22,5): error TS2304: Cannot find name 'expect'.
src/components/ui/__tests__/Slider.test.tsx(25,3): error TS2582: Cannot find name 'it'. Do you need to install type definitions for a test runner? Try `npm i --save-dev @types/jest` or `npm i --save-dev @types/mocha`.
src/components/ui/__tests__/Slider.test.tsx(26,29): error TS2708: Cannot use namespace 'jest' as a value.
src/components/ui/__tests__/Slider.test.tsx(30,5): error TS2304: Cannot find name 'expect'.
src/components/ui/__tests__/Slider.test.tsx(33,3): error TS2582: Cannot find name 'it'. Do you need to install type definitions for a test runner? Try `npm i --save-dev @types/jest` or `npm i --save-dev @types/mocha`.
src/components/ui/__tests__/Slider.test.tsx(35,5): error TS2304: Cannot find name 'expect'.
src/components/ui/__tests__/Slider.test.tsx(38,3): error TS2582: Cannot find name 'it'. Do you need to install type definitions for a test runner? Try `npm i --save-dev @types/jest` or `npm i --save-dev @types/mocha`.
src/components/ui/__tests__/Slider.test.tsx(40,5): error TS2304: Cannot find name 'expect'.
src/components/ui/dot-flow.tsx(3,1): error TS6133: 'React' is declared but its value is never read.
src/components/ui/dot-flow.tsx(5,25): error TS2307: Cannot find module 'motion/react-client' or its corresponding type declarations.
src/components/ui/dot-flow.tsx(15,19): error TS6133: 'step' is declared but its value is never read.
src/components/ui/dot-loader.tsx(56,22): error TS2540: Cannot assign to 'current' because it is a read-only property.
src/components/ui/index.ts(16,10): error TS2305: Module '"./popover"' has no exported member 'Popover'.
src/components/ui/index.ts(24,10): error TS2614: Module '"./ErrorViewer"' has no exported member 'ErrorViewer'. Did you mean to use 'import ErrorViewer from "./ErrorViewer"' instead?
src/components/ui/index.ts(25,10): error TS2614: Module '"./AssetSearchTab"' has no exported member 'AssetSearchTab'. Did you mean to use 'import AssetSearchTab from "./AssetSearchTab"' instead?
src/components/ui/index.ts(26,10): error TS2614: Module '"./AudioOutputSelector"' has no exported member 'AudioOutputSelector'. Did you mean to use 'import AudioOutputSelector from "./AudioOutputSelector"' instead?
src/components/ui/index.ts(27,10): error TS2614: Module '"./HealthStatusIndicator"' has no exported member 'HealthStatusIndicator'. Did you mean to use 'import HealthStatusIndicator from "./HealthStatusIndicator"' instead?
src/components/ui/index.ts(28,10): error TS2614: Module '"./InlineMusicControls"' has no exported member 'InlineMusicControls'. Did you mean to use 'import InlineMusicControls from "./InlineMusicControls"' instead?
src/components/ui/index.ts(30,10): error TS2614: Module '"./MorphingLogos"' has no exported member 'MorphingLogos'. Did you mean to use 'import MorphingLogos from "./MorphingLogos"' instead?
src/components/ui/inline-dropdown.tsx(16,60): error TS2532: Object is possibly 'undefined'.
src/components/ui/inline-dropdown.tsx(28,73): error TS2532: Object is possibly 'undefined'.
src/components/ui/morphing-popover.tsx(18,8): error TS2307: Cannot find module 'motion/react' or its corresponding type declarations.
src/components/ui/morphing-popover.tsx(90,40): error TS2379: Argument of type '{ defaultOpen: boolean | undefined; open: boolean | undefined; onOpenChange: ((open: boolean) => void) | undefined; }' is not assignable to parameter of type '{ defaultOpen?: boolean; open?: boolean; onOpenChange?: (open: boolean) => void; }' with 'exactOptionalPropertyTypes: true'. Consider adding 'undefined' to the types of the target's properties.
  Types of property 'defaultOpen' are incompatible.
    Type 'boolean | undefined' is not assignable to type 'boolean'.
      Type 'undefined' is not assignable to type 'boolean'.
src/components/ui/popover.tsx(217,8): error TS2552: Cannot find name 'motion'. Did you mean 'Option'?
src/components/ui/popover.tsx(228,9): error TS2552: Cannot find name 'motion'. Did you mean 'Option'?
src/components/ui/slider.tsx(23,16): error TS2345: Argument of type 'number | undefined' is not assignable to parameter of type 'number | number[]'.
  Type 'undefined' is not assignable to type 'number | number[]'.
src/components/ui/slider.tsx(32,19): error TS2345: Argument of type 'number | undefined' is not assignable to parameter of type 'number'.
  Type 'undefined' is not assignable to type 'number'.
src/components/ui/textarea.tsx(3,1): error TS6133: 'gsap' is declared but its value is never read.
src/components/ui/toast.ts(1,15): error TS5097: An import path can only end with a '.tsx' extension when 'allowImportingTsExtensions' is enabled.
src/components/ui/toast.tsx(340,54): error TS2345: Argument of type '{ type: "DISMISS_TOAST"; toastId: string | undefined; }' is not assignable to parameter of type 'Action'.
  Type '{ type: "DISMISS_TOAST"; toastId: string | undefined; }' is not assignable to type '{ type: "DISMISS_TOAST"; toastId?: string; }' with 'exactOptionalPropertyTypes: true'. Consider adding 'undefined' to the types of the target's properties.
    Types of property 'toastId' are incompatible.
      Type 'string | undefined' is not assignable to type 'string'.
        Type 'undefined' is not assignable to type 'string'.
src/components/ui/tooltip.tsx(1,35): error TS6133: 'useEffect' is declared but its value is never read.
src/config/api-mappers.ts(7,3): error TS2305: Module '"@/config/enhancedApiMappers"' has no exported member 'mapWallhavenToStandard'.
src/config/api-mappers.ts(8,3): error TS2305: Module '"@/config/enhancedApiMappers"' has no exported member 'mapUnsplashToStandard'.
src/config/api-mappers.ts(9,3): error TS2305: Module '"@/config/enhancedApiMappers"' has no exported member 'mapPexelsToStandard'.
src/config/api-mappers.ts(10,3): error TS2305: Module '"@/config/enhancedApiMappers"' has no exported member 'mapPixabayToStandard'.
src/config/api-mappers.ts(11,3): error TS2305: Module '"@/config/enhancedApiMappers"' has no exported member 'mapDeviantArtToStandard'.
src/config/api-mappers.ts(12,3): error TS2305: Module '"@/config/enhancedApiMappers"' has no exported member 'mapArtStationToStandard'.
src/config/api-mappers.ts(13,3): error TS2305: Module '"@/config/enhancedApiMappers"' has no exported member 'mapGiphyToStandard'.
src/config/enhancedApiMappers.ts(87,26): error TS2739: Type '{ id: any; title: any; character: any; source: string; author: string; description: string; tags: any[]; format: string; }' is missing the following properties from type 'StandardApiItem': url, thumbnail
src/config/overlayTemplates.ts(4,3): error TS2741: Property 'id' is missing in type '{ templateName: string; customizations: { fontSize: string; colors: { primary: string; secondary: string; background: string; }; position: { x: number; y: number; }; animation: string; }; generatedCode: { ...; }; }' but required in type 'OverlayConfig'.
src/config/overlayTemplates.ts(79,3): error TS2741: Property 'id' is missing in type '{ templateName: string; customizations: { fontSize: string; colors: { primary: string; secondary: string; background: string; }; position: { x: number; y: number; }; animation: string; }; generatedCode: { ...; }; }' but required in type 'OverlayConfig'.
src/config/overlayTemplates.ts(155,3): error TS2741: Property 'id' is missing in type '{ templateName: string; customizations: { fontSize: string; colors: { primary: string; secondary: string; background: string; }; position: { x: number; y: number; }; animation: string; }; generatedCode: { ...; }; }' but required in type 'OverlayConfig'.
src/config/overlayTemplates.ts(260,3): error TS2741: Property 'id' is missing in type '{ templateName: string; customizations: { fontSize: string; colors: { primary: string; secondary: string; background: string; }; position: { x: number; y: number; }; animation: string; }; generatedCode: { ...; }; }' but required in type 'OverlayConfig'.
src/config/overlayTemplates.ts(382,3): error TS2741: Property 'id' is missing in type '{ templateName: string; customizations: { fontSize: string; colors: { primary: string; secondary: string; background: string; }; position: { x: number; y: number; }; animation: string; placeholders: { ...; }; }; generatedCode: { ...; }; }' but required in type 'OverlayConfig'.
src/features/asset-search/WallhavenTest.tsx(32,44): error TS2339: Property 'backgrounds' does not exist on type 'AssetSearchConfig[]'.
src/features/asset-search/WallhavenTest.tsx(41,44): error TS2339: Property 'images' does not exist on type 'AssetSearchConfig[]'.
src/features/asset-search/WallhavenTest.tsx(41,58): error TS7006: Parameter 'config' implicitly has an 'any' type.
src/features/automation/ActionsStep.tsx(3,74): error TS6133: 'StreamerBotActionData' is declared but its value is never read.
src/features/automation/TriggerStep.tsx(66,22): error TS2532: Object is possibly 'undefined'.
src/features/chat/ChatInput.tsx(60,26): error TS2532: Object is possibly 'undefined'.
src/features/chat/ChatMessageItem.tsx(134,11): error TS6133: 'accentColor' is declared but its value is never read.
src/features/chat/ChatMessageItem.tsx(215,53): error TS2322: Type 'Suggestion[]' is not assignable to type 'SuggestionType[]'.
  Type 'Suggestion' is not assignable to type 'SuggestionType'.
    Property 'emoji' is optional in type 'Suggestion' but required in type 'SuggestionType'.
src/features/chat/ChatMessageItem.tsx(241,50): error TS2375: Type '{ message: ChatMessage; onSuggestionClick: (prompt: string) => void; onAddToContext: ((text: string) => void) | undefined; }' is not assignable to type 'ChoicePromptProps' with 'exactOptionalPropertyTypes: true'. Consider adding 'undefined' to the types of the target's properties.
  Types of property 'onAddToContext' are incompatible.
    Type '((text: string) => void) | undefined' is not assignable to type '(text: string) => void'.
      Type 'undefined' is not assignable to type '(text: string) => void'.
src/features/chat/ChatMessageItem.tsx(255,22): error TS2375: Type '{ message: ChatMessage; isUser: boolean; isAssistant: boolean; onRegenerate: ((messageId: string) => void) | undefined; onAddToContext: ((text: string) => void) | undefined; }' is not assignable to type 'MessageActionsProps' with 'exactOptionalPropertyTypes: true'. Consider adding 'undefined' to the types of the target's properties.
  Types of property 'onRegenerate' are incompatible.
    Type '((messageId: string) => void) | undefined' is not assignable to type '(messageId: string) => void'.
      Type 'undefined' is not assignable to type '(messageId: string) => void'.
src/features/chat/GeminiChat.tsx(12,1): error TS6192: All imports in import declaration are unused.
src/features/chat/GeminiChat.tsx(31,62): error TS2339: Property 'isConnected' does not exist on type 'CombinedState'.
src/features/chat/GeminiChat.tsx(38,55): error TS2339: Property 'flipSides' does not exist on type 'ConfigState'.
src/features/chat/GeminiChat.tsx(289,21): error TS2375: Type '{ messages: ChatMessage[]; isLoading: boolean; handleSuggestionClick: (prompt: string) => void; accentColorName: CatppuccinAccentColorName; ... 9 more ...; customChatBackground: string; }' is not assignable to type 'IntrinsicAttributes & MessageListProps' with 'exactOptionalPropertyTypes: true'. Consider adding 'undefined' to the types of the target's properties.
  Property 'accentColorName' does not exist on type 'IntrinsicAttributes & MessageListProps'.
src/features/chat/MessageList.tsx(77,22): error TS2375: Type '{ message: ChatMessage; onSuggestionClick: (prompt: string) => void; obsSources: any[] | undefined; onAddToContext: (text: string) => void; extraDarkMode: boolean; flipSides: boolean; ... 4 more ...; customChatBackground: string; }' is not assignable to type 'ChatMessageItemProps' with 'exactOptionalPropertyTypes: true'. Consider adding 'undefined' to the types of the target's properties.
  Types of property 'obsSources' are incompatible.
    Type 'any[] | undefined' is not assignable to type 'OBSSource[]'.
      Type 'undefined' is not assignable to type 'OBSSource[]'.
src/features/chat/MessageList.tsx(94,37): error TS2322: Type 'number' is not assignable to type '"small" | "medium" | "large"'.
src/features/chat/components/DataPartsRenderer.tsx(2,10): error TS2305: Module '"@/types"' has no exported member 'ChatMessageDataPart'.
src/features/chat/components/MessageContentRenderer.tsx(41,17): error TS2322: Type 'string | undefined' is not assignable to type 'string'.
  Type 'undefined' is not assignable to type 'string'.
src/features/chat/core/ChatEngine.ts(1,37): error TS6133: 'ChatEvent' is declared but its value is never read.
src/features/chat/core/types.ts(1,30): error TS2307: Cannot find module '@/hooks/useTmi' or its corresponding type declarations.
src/features/chat/providers/TwitchProvider.ts(17,19): error TS2503: Cannot find namespace 'tmi'.
src/features/chat/providers/TwitchProvider.ts(67,31): error TS6133: 'channel' is declared but its value is never read.
src/features/chat/providers/TwitchProvider.ts(67,54): error TS2503: Cannot find namespace 'tmi'.
src/features/chat/providers/TwitchProvider.ts(72,9): error TS2375: Type '{ id: string | undefined; name: string; displayName: string; color: string | undefined; badges: Record<string, string> | undefined; }' is not assignable to type 'ChatUser' with 'exactOptionalPropertyTypes: true'. Consider adding 'undefined' to the types of the target's properties.
  Types of property 'id' are incompatible.
    Type 'string | undefined' is not assignable to type 'string'.
      Type 'undefined' is not assignable to type 'string'.
src/features/chat/providers/emotes/SevenTVProvider.ts(104,40): error TS6133: 'animated' is declared but its value is never read.
src/features/connections/ObsMainControls.tsx(2,1): error TS6133: 'shallow' is declared but its value is never read.
src/features/connections/ObsMainControls.tsx(3,37): error TS6133: 'OBSVideoSettings' is declared but its value is never read.
src/features/connections/ObsMainControls.tsx(11,30): error TS2307: Cannot find module '@/store/lockStore' or its corresponding type declarations.
src/features/connections/ObsMainControls.tsx(178,30): error TS2345: Argument of type 'string | undefined' is not assignable to parameter of type 'string'.
  Type 'undefined' is not assignable to type 'string'.
src/features/connections/ObsMainControls.tsx(179,31): error TS2345: Argument of type 'string | undefined' is not assignable to parameter of type 'string'.
  Type 'undefined' is not assignable to type 'string'.
src/features/connections/ObsMainControls.tsx(203,34): error TS2345: Argument of type 'string | undefined' is not assignable to parameter of type 'string'.
  Type 'undefined' is not assignable to type 'string'.
src/features/connections/ObsMainControls.tsx(262,83): error TS2322: Type 'number' is not assignable to type '"small" | "medium" | "large"'.
src/features/connections/ObsMainControls.tsx(267,9): error TS6133: 'accentColor' is declared but its value is never read.
src/features/connections/ObsMainControls.tsx(486,61): error TS2322: Type 'number' is not assignable to type '"small" | "medium" | "large"'.
src/features/connections/ObsSettingsPanel.tsx(11,13): error TS2339: Property 'isConnected' does not exist on type 'CombinedState'.
src/features/connections/utils/WebSocketPool.ts(3,20): error TS6133: 'maxPoolSize' is declared but its value is never read.
src/features/emote-wall/components/EmoteWall.tsx(23,24): error TS2345: Argument of type '{ enabled: boolean; theme: EmoteWallTheme | undefined; }' is not assignable to parameter of type 'EmoteWallConfig'.
  Types of property 'theme' are incompatible.
    Type 'EmoteWallTheme | undefined' is not assignable to type 'EmoteWallTheme'.
      Type 'undefined' is not assignable to type 'EmoteWallTheme'.
src/features/emote-wall/components/EmoteWallConfig.tsx(3,1): error TS6133: 'Label' is declared but its value is never read.
src/features/emote-wall/components/EmoteWallConfig.tsx(4,1): error TS6133: 'Switch' is declared but its value is never read.
src/features/emote-wall/components/EmoteWallConfig.tsx(5,1): error TS6133: 'Input' is declared but its value is never read.
src/features/emote-wall/core/EmoteWallEngine.ts(1,1): error TS6133: 'OBSWebSocket' is declared but its value is never read.
src/features/emote-wall/core/EmoteWallEngine.ts(59,38): error TS2709: Cannot use namespace 'OBSWebSocket' as a type.
src/features/emote-wall/core/EmoteWallEngine.ts(60,53): error TS7006: Parameter 'data' implicitly has an 'any' type.
src/features/emote-wall/effects/ParticleSystem.ts(216,22): error TS18048: 'particle' is possibly 'undefined'.
src/features/emote-wall/effects/ParticleSystem.ts(218,21): error TS18048: 'particle' is possibly 'undefined'.
src/features/emote-wall/effects/ParticleSystem.ts(221,9): error TS18048: 'particle' is possibly 'undefined'.
src/features/emote-wall/effects/PhysicsEngine.ts(9,11): error TS6133: 'container' is declared but its value is never read.
src/features/emote-wall/hooks/useEmoteWall.ts(9,62): error TS2339: Property 'obsSocket' does not exist on type 'CombinedState'.
src/features/media/AIImageEditor.tsx(6,1): error TS6133: 'Tooltip' is declared but its value is never read.
src/features/media/AIImageEditor.tsx(6,25): error TS2307: Cannot find module '@/components/ui/Tooltip' or its corresponding type declarations.
src/features/media/AIImageEditor.tsx(11,30): error TS6133: 'Scissors' is declared but its value is never read.
src/features/media/AIImageEditor.tsx(11,40): error TS6133: 'Text' is declared but its value is never read.
src/features/media/AIImageEditor.tsx(11,46): error TS6133: 'Filter' is declared but its value is never read.
src/features/media/AIImageEditor.tsx(12,42): error TS6133: 'Users' is declared but its value is never read.
src/features/media/AIImageEditor.tsx(12,49): error TS6133: 'Globe' is declared but its value is never read.
src/features/media/AIImageEditor.tsx(12,56): error TS6133: 'MessageSquare' is declared but its value is never read.
src/features/media/AIImageEditor.tsx(12,71): error TS6133: 'Type' is declared but its value is never read.
src/features/media/AIImageEditor.tsx(13,3): error TS6133: 'Edit3' is declared but its value is never read.
src/features/media/AIImageEditor.tsx(13,10): error TS6133: 'Shuffle' is declared but its value is never read.
src/features/media/AIImageEditor.tsx(13,19): error TS6133: 'Eye' is declared but its value is never read.
src/features/media/AIImageEditor.tsx(13,24): error TS6133: 'EyeOff' is declared but its value is never read.
src/features/media/AIImageEditor.tsx(17,1): error TS6133: 'ObsClient' is declared but its value is never read.
src/features/media/AIImageEditor.tsx(18,1): error TS6192: All imports in import declaration are unused.
src/features/media/AIImageEditor.tsx(25,1): error TS6133: 'ImageEditorTemplates' is declared but its value is never read.
src/features/media/AIImageEditor.tsx(35,9): error TS2339: Property 'setInputImage' does not exist on type 'ImageEditorState'.
src/features/media/AIImageEditor.tsx(36,9): error TS2339: Property 'setCurrentImage' does not exist on type 'ImageEditorState'.
src/features/media/AIImageEditor.tsx(53,9): error TS2339: Property 'updateCrop' does not exist on type 'ImageEditorState'.
src/features/media/AIImageEditor.tsx(54,9): error TS2339: Property 'updateZoom' does not exist on type 'ImageEditorState'.
src/features/media/AIImageEditor.tsx(55,9): error TS2339: Property 'updateRotation' does not exist on type 'ImageEditorState'.
src/features/media/AIImageEditor.tsx(56,9): error TS2339: Property 'updateAspect' does not exist on type 'ImageEditorState'.
src/features/media/AIImageEditor.tsx(56,9): error TS6133: 'updateAspect' is declared but its value is never read.
src/features/media/AIImageEditor.tsx(57,9): error TS2339: Property 'setIsCropping' does not exist on type 'ImageEditorState'.
src/features/media/AIImageEditor.tsx(58,9): error TS2339: Property 'setCroppedAreaPixels' does not exist on type 'ImageEditorState'.
src/features/media/AIImageEditor.tsx(59,9): error TS2339: Property 'setFlipH' does not exist on type 'ImageEditorState'.
src/features/media/AIImageEditor.tsx(60,9): error TS2339: Property 'setFlipV' does not exist on type 'ImageEditorState'.
src/features/media/AIImageEditor.tsx(61,9): error TS2339: Property 'setFilter' does not exist on type 'ImageEditorState'.
src/features/media/AIImageEditor.tsx(62,9): error TS2339: Property 'resetManipulationStates' does not exist on type 'ImageEditorState'.
src/features/media/AIImageEditor.tsx(72,9): error TS6133: 'showGeneratedImages' is declared but its value is never read.
src/features/media/AIImageEditor.tsx(73,9): error TS2339: Property 'setAiPrompt' does not exist on type 'ImageEditorState'.
src/features/media/AIImageEditor.tsx(74,9): error TS2339: Property 'setAiLoading' does not exist on type 'ImageEditorState'.
src/features/media/AIImageEditor.tsx(75,9): error TS2339: Property 'setAiError' does not exist on type 'ImageEditorState'.
src/features/media/AIImageEditor.tsx(76,9): error TS2339: Property 'setGeneratedImages' does not exist on type 'ImageEditorState'.
src/features/media/AIImageEditor.tsx(77,9): error TS2339: Property 'setShowAiPanel' does not exist on type 'ImageEditorState'.
src/features/media/AIImageEditor.tsx(78,9): error TS2339: Property 'setAiModel' does not exist on type 'ImageEditorState'.
src/features/media/AIImageEditor.tsx(79,9): error TS2339: Property 'setAspectRatio' does not exist on type 'ImageEditorState'.
src/features/media/AIImageEditor.tsx(80,9): error TS2339: Property 'setNumberOfImages' does not exist on type 'ImageEditorState'.
src/features/media/AIImageEditor.tsx(80,9): error TS6133: 'setNumberOfImages' is declared but its value is never read.
src/features/media/AIImageEditor.tsx(81,9): error TS2339: Property 'setUploadedImages' does not exist on type 'ImageEditorState'.
src/features/media/AIImageEditor.tsx(82,9): error TS2339: Property 'setShowGeneratedImages' does not exist on type 'ImageEditorState'.
src/features/media/AIImageEditor.tsx(83,9): error TS2339: Property 'saveToHistory' does not exist on type 'ImageEditorState'.
src/features/media/AIImageEditor.tsx(84,9): error TS2339: Property 'undo' does not exist on type 'ImageEditorState'.
src/features/media/AIImageEditor.tsx(84,9): error TS6133: 'undo' is declared but its value is never read.
src/features/media/AIImageEditor.tsx(85,9): error TS2339: Property 'redo' does not exist on type 'ImageEditorState'.
src/features/media/AIImageEditor.tsx(85,9): error TS6133: 'redo' is declared but its value is never read.
src/features/media/AIImageEditor.tsx(86,9): error TS2339: Property 'canUndo' does not exist on type 'ImageEditorState'.
src/features/media/AIImageEditor.tsx(86,9): error TS6133: 'canUndo' is declared but its value is never read.
src/features/media/AIImageEditor.tsx(87,9): error TS2339: Property 'canRedo' does not exist on type 'ImageEditorState'.
src/features/media/AIImageEditor.tsx(87,9): error TS6133: 'canRedo' is declared but its value is never read.
src/features/media/AIImageEditor.tsx(89,9): error TS2339: Property 'setOutputImage' does not exist on type 'ImageEditorState'.
src/features/media/AIImageEditor.tsx(91,9): error TS2339: Property 'setInputModalOpen' does not exist on type 'ImageEditorState'.
src/features/media/AIImageEditor.tsx(93,9): error TS2339: Property 'setLoading' does not exist on type 'ImageEditorState'.
src/features/media/AIImageEditor.tsx(201,11): error TS6133: 'handleBackgroundRemoval' is declared but its value is never read.
src/features/media/AIImageEditor.tsx(218,41): error TS6133: 'croppedArea' is declared but its value is never read.
src/features/media/AIImageEditor.tsx(259,11): error TS6133: 'handleApplyResize' is declared but its value is never read.
src/features/media/AIImageEditor.tsx(269,11): error TS6133: 'handleApplyTextOverlay' is declared but its value is never read.
src/features/media/AIImageEditor.tsx(310,27): error TS2532: Object is possibly 'undefined'.
src/features/media/AIImageEditor.tsx(310,45): error TS2339: Property 'data' does not exist on type 'ImageUploadResult'.
src/features/media/AIImageEditor.tsx(310,61): error TS2532: Object is possibly 'undefined'.
src/features/media/AIImageEditor.tsx(310,79): error TS2339: Property 'mimeType' does not exist on type 'ImageUploadResult'.
src/features/media/AIImageEditor.tsx(313,84): error TS2379: Argument of type '{ model: string; numberOfImages: number; outputMimeType: string; aspectRatio: string; personGeneration: string; imageInput: { data: any; mimeType: any; } | undefined; }' is not assignable to parameter of type '{ model?: string; numberOfImages?: number; outputMimeType?: string; aspectRatio?: string; personGeneration?: string; negativePrompt?: string; imageInput?: { data: string; mimeType: string; }; }' with 'exactOptionalPropertyTypes: true'. Consider adding 'undefined' to the types of the target's properties.
  Types of property 'imageInput' are incompatible.
    Type '{ data: any; mimeType: any; } | undefined' is not assignable to type '{ data: string; mimeType: string; }'.
      Type 'undefined' is not assignable to type '{ data: string; mimeType: string; }'.
src/features/media/AIImageEditor.tsx(360,19): error TS6133: 'file' is declared but its value is never read.
src/features/media/AIImageEditor.tsx(454,62): error TS2322: Type '{ children: Element; title: string; defaultOpen: true; }' is not assignable to type 'IntrinsicAttributes & CollapsibleCardProps'.
  Property 'defaultOpen' does not exist on type 'IntrinsicAttributes & CollapsibleCardProps'.
src/features/media/AIImageEditor.tsx(569,54): error TS2322: Type '{ children: Element; title: string; defaultOpen: true; }' is not assignable to type 'IntrinsicAttributes & CollapsibleCardProps'.
  Property 'defaultOpen' does not exist on type 'IntrinsicAttributes & CollapsibleCardProps'.
src/features/media/AIImageEditor.tsx(694,25): error TS2322: Type '{ onImagesUploaded: (images: ImageUploadResult[]) => void; maxImages: number; }' is not assignable to type 'IntrinsicAttributes & ImageUploadProps'.
  Property 'onImagesUploaded' does not exist on type 'IntrinsicAttributes & ImageUploadProps'.
src/features/media/AIImageEditorOld.tsx(6,25): error TS2307: Cannot find module '@/components/ui/Tooltip' or its corresponding type declarations.
src/features/media/AIImageEditorOld.tsx(12,56): error TS6133: 'MessageSquare' is declared but its value is never read.
src/features/media/AIImageEditorOld.tsx(12,71): error TS6133: 'Type' is declared but its value is never read.
src/features/media/AIImageEditorOld.tsx(13,3): error TS6133: 'Edit3' is declared but its value is never read.
src/features/media/AIImageEditorOld.tsx(13,10): error TS6133: 'Shuffle' is declared but its value is never read.
src/features/media/AIImageEditorOld.tsx(13,19): error TS6133: 'Eye' is declared but its value is never read.
src/features/media/AIImageEditorOld.tsx(22,1): error TS6133: 'CollapsibleCard' is declared but its value is never read.
src/features/media/AIImageEditorOld.tsx(28,3): error TS2614: Module '"@/store/imageEditorStore"' has no exported member 'useImageEditorInput'. Did you mean to use 'import useImageEditorInput from "@/store/imageEditorStore"' instead?
src/features/media/AIImageEditorOld.tsx(29,3): error TS2614: Module '"@/store/imageEditorStore"' has no exported member 'useImageEditorManipulation'. Did you mean to use 'import useImageEditorManipulation from "@/store/imageEditorStore"' instead?
src/features/media/AIImageEditorOld.tsx(30,3): error TS2614: Module '"@/store/imageEditorStore"' has no exported member 'useImageEditorAI'. Did you mean to use 'import useImageEditorAI from "@/store/imageEditorStore"' instead?
src/features/media/AIImageEditorOld.tsx(32,33): error TS2307: Cannot find module '@/store/uiStateStore' or its corresponding type declarations.
src/features/media/AIImageEditorOld.tsx(44,9): error TS2339: Property 'setOutputImage' does not exist on type 'ImageEditorState'.
src/features/media/AIImageEditorOld.tsx(45,9): error TS2339: Property 'setInputModalOpen' does not exist on type 'ImageEditorState'.
src/features/media/AIImageEditorOld.tsx(48,9): error TS2339: Property 'setLoading' does not exist on type 'ImageEditorState'.
src/features/media/AIImageEditorOld.tsx(49,9): error TS2339: Property 'resetManipulationStates' does not exist on type 'ImageEditorState'.
src/features/media/AIImageEditorOld.tsx(50,9): error TS2339: Property 'saveToHistory' does not exist on type 'ImageEditorState'.
src/features/media/AIImageEditorOld.tsx(51,9): error TS2339: Property 'undo' does not exist on type 'ImageEditorState'.
src/features/media/AIImageEditorOld.tsx(51,9): error TS6133: 'undo' is declared but its value is never read.
src/features/media/AIImageEditorOld.tsx(52,9): error TS2339: Property 'redo' does not exist on type 'ImageEditorState'.
src/features/media/AIImageEditorOld.tsx(52,9): error TS6133: 'redo' is declared but its value is never read.
src/features/media/AIImageEditorOld.tsx(53,9): error TS2339: Property 'canUndo' does not exist on type 'ImageEditorState'.
src/features/media/AIImageEditorOld.tsx(53,9): error TS6133: 'canUndo' is declared but its value is never read.
src/features/media/AIImageEditorOld.tsx(54,9): error TS2339: Property 'canRedo' does not exist on type 'ImageEditorState'.
src/features/media/AIImageEditorOld.tsx(54,9): error TS6133: 'canRedo' is declared but its value is never read.
src/features/media/AIImageEditorOld.tsx(57,11): error TS6198: All destructured elements are unused.
src/features/media/AIImageEditorOld.tsx(65,45): error TS7006: Parameter 'url' implicitly has an 'any' type.
src/features/media/AIImageEditorOld.tsx(173,14): error TS2304: Cannot find name 'inputBlob'.
src/features/media/AIImageEditorOld.tsx(183,40): error TS2304: Cannot find name 'currentImage'.
src/features/media/AIImageEditorOld.tsx(191,41): error TS6133: 'croppedArea' is declared but its value is never read.
src/features/media/AIImageEditorOld.tsx(209,9): error TS2304: Cannot find name 'currentImage'.
src/features/media/AIImageEditorOld.tsx(209,23): error TS2304: Cannot find name 'croppedAreaPixels'.
src/features/media/AIImageEditorOld.tsx(209,42): error TS2304: Cannot find name 'rotation'.
src/features/media/AIImageEditorOld.tsx(213,19): error TS2559: Type 'string' has no properties in common with type 'Toast'.
src/features/media/AIImageEditorOld.tsx(219,57): error TS2339: Property 'addBrowserSource' does not exist on type 'ObsClientImpl'.
src/features/media/AIImageEditorOld.tsx(221,57): error TS2339: Property 'addImageSource' does not exist on type 'ObsClientImpl'.
src/features/media/AIImageEditorOld.tsx(225,19): error TS2559: Type 'string' has no properties in common with type 'Toast'.
src/features/media/AIImageEditorOld.tsx(230,13): error TS2304: Cannot find name 'currentImage'.
src/features/media/AIImageEditorOld.tsx(232,25): error TS2304: Cannot find name 'currentImage'.
src/features/media/AIImageEditorOld.tsx(238,9): error TS2304: Cannot find name 'currentImage'.
src/features/media/AIImageEditorOld.tsx(243,9): error TS2304: Cannot find name 'currentImage'.
src/features/media/AIImageEditorOld.tsx(253,9): error TS2304: Cannot find name 'currentImage'.
src/features/media/AIImageEditorOld.tsx(290,9): error TS2304: Cannot find name 'setAiLoading'.
src/features/media/AIImageEditorOld.tsx(291,9): error TS2304: Cannot find name 'setAiError'.
src/features/media/AIImageEditorOld.tsx(292,9): error TS2304: Cannot find name 'setGeneratedImages'.
src/features/media/AIImageEditorOld.tsx(295,32): error TS2304: Cannot find name 'uploadedImages'.
src/features/media/AIImageEditorOld.tsx(296,27): error TS2304: Cannot find name 'uploadedImages'.
src/features/media/AIImageEditorOld.tsx(296,61): error TS2304: Cannot find name 'uploadedImages'.
src/features/media/AIImageEditorOld.tsx(299,74): error TS2304: Cannot find name 'aiPrompt'.
src/features/media/AIImageEditorOld.tsx(299,84): error TS2379: Argument of type '{ model: any; numberOfImages: any; outputMimeType: string; aspectRatio: any; personGeneration: string; imageInput: { data: any; mimeType: any; } | undefined; }' is not assignable to parameter of type '{ model?: string; numberOfImages?: number; outputMimeType?: string; aspectRatio?: string; personGeneration?: string; negativePrompt?: string; imageInput?: { data: string; mimeType: string; }; }' with 'exactOptionalPropertyTypes: true'. Consider adding 'undefined' to the types of the target's properties.
  Types of property 'imageInput' are incompatible.
    Type '{ data: any; mimeType: any; } | undefined' is not assignable to type '{ data: string; mimeType: string; }'.
      Type 'undefined' is not assignable to type '{ data: string; mimeType: string; }'.
src/features/media/AIImageEditorOld.tsx(300,24): error TS2304: Cannot find name 'aiModel'.
src/features/media/AIImageEditorOld.tsx(301,17): error TS18004: No value exists in scope for the shorthand property 'numberOfImages'. Either declare one or provide an initializer.
src/features/media/AIImageEditorOld.tsx(303,17): error TS18004: No value exists in scope for the shorthand property 'aspectRatio'. Either declare one or provide an initializer.
src/features/media/AIImageEditorOld.tsx(308,13): error TS2304: Cannot find name 'setGeneratedImages'.
src/features/media/AIImageEditorOld.tsx(309,13): error TS2304: Cannot find name 'setShowGeneratedImages'.
src/features/media/AIImageEditorOld.tsx(312,13): error TS2304: Cannot find name 'setAiError'.
src/features/media/AIImageEditorOld.tsx(315,13): error TS2304: Cannot find name 'setAiLoading'.
src/features/media/AIImageEditorOld.tsx(321,14): error TS2304: Cannot find name 'aiPrompt'.
src/features/media/AIImageEditorOld.tsx(322,13): error TS2304: Cannot find name 'setAiError'.
src/features/media/AIImageEditorOld.tsx(326,14): error TS2304: Cannot find name 'currentImage'.
src/features/media/AIImageEditorOld.tsx(327,13): error TS2304: Cannot find name 'setAiError'.
src/features/media/AIImageEditorOld.tsx(332,9): error TS2304: Cannot find name 'setAiLoading'.
src/features/media/AIImageEditorOld.tsx(333,9): error TS2304: Cannot find name 'setAiError'.
src/features/media/AIImageEditorOld.tsx(342,23): error TS2304: Cannot find name 'currentImage'.
src/features/media/AIImageEditorOld.tsx(352,71): error TS2304: Cannot find name 'aiPrompt'.
src/features/media/AIImageEditorOld.tsx(353,24): error TS2304: Cannot find name 'aiModel'.
src/features/media/AIImageEditorOld.tsx(354,31): error TS2322: Type 'string | undefined' is not assignable to type 'string'.
  Type 'undefined' is not assignable to type 'string'.
src/features/media/AIImageEditorOld.tsx(358,17): error TS2304: Cannot find name 'setCurrentImage'.
src/features/media/AIImageEditorOld.tsx(363,13): error TS2304: Cannot find name 'setAiError'.
src/features/media/AIImageEditorOld.tsx(366,13): error TS2304: Cannot find name 'setAiLoading'.
src/features/media/AIImageEditorOld.tsx(371,15): error TS2375: Type '{ data: string; mimeType: string; fileName: string; size: number; width: undefined; height: undefined; }' is not assignable to type 'ImageUploadResult' with 'exactOptionalPropertyTypes: true'. Consider adding 'undefined' to the types of the target's properties.
  Types of property 'width' are incompatible.
    Type 'undefined' is not assignable to type 'number'.
src/features/media/AIImageEditorOld.tsx(379,9): error TS2304: Cannot find name 'setUploadedImage'.
src/features/media/AIImageEditorOld.tsx(383,9): error TS2304: Cannot find name 'setUploadedImage'.
src/features/media/AIImageEditorOld.tsx(387,9): error TS2304: Cannot find name 'setAiPrompt'.
src/features/media/AIImageEditorOld.tsx(388,9): error TS2304: Cannot find name 'setShowAiPanel'.
src/features/media/AIImageEditorOld.tsx(391,13): error TS2304: Cannot find name 'setCharacterConsistency'.
src/features/media/AIImageEditorOld.tsx(393,13): error TS2304: Cannot find name 'setMultiImageFusion'.
src/features/media/AIImageEditorOld.tsx(395,13): error TS2304: Cannot find name 'setWorldKnowledge'.
src/features/media/AIImageEditorOld.tsx(400,11): error TS6133: 'checkSynthIDWatermark' is declared but its value is never read.
src/features/media/AIImageEditorOld.tsx(400,42): error TS6133: 'imageData' is declared but its value is never read.
src/features/media/AIImageEditorOld.tsx(435,44): error TS2304: Cannot find name 'setShowAiPanel'.
src/features/media/AIImageEditorOld.tsx(435,60): error TS2304: Cannot find name 'showAiPanel'.
src/features/media/AIImageEditorOld.tsx(436,38): error TS2304: Cannot find name 'showAiPanel'.
src/features/media/AIImageEditorOld.tsx(440,30): error TS2304: Cannot find name 'showAiPanel'.
src/features/media/AIImageEditorOld.tsx(443,26): error TS2304: Cannot find name 'showAiPanel'.
src/features/media/AIImageEditorOld.tsx(452,42): error TS2304: Cannot find name 'uploadedImages'.
src/features/media/AIImageEditorOld.tsx(460,38): error TS2304: Cannot find name 'uploadedImages'.
src/features/media/AIImageEditorOld.tsx(462,46): error TS2304: Cannot find name 'uploadedImages'.
src/features/media/AIImageEditorOld.tsx(462,77): error TS2304: Cannot find name 'uploadedImages'.
src/features/media/AIImageEditorOld.tsx(476,44): error TS2304: Cannot find name 'aiPrompt'.
src/features/media/AIImageEditorOld.tsx(477,54): error TS2304: Cannot find name 'setAiPrompt'.
src/features/media/AIImageEditorOld.tsx(478,50): error TS2304: Cannot find name 'currentImage'.
src/features/media/AIImageEditorOld.tsx(490,48): error TS2304: Cannot find name 'aiModel'.
src/features/media/AIImageEditorOld.tsx(491,67): error TS2304: Cannot find name 'setAiModel'.
src/features/media/AIImageEditorOld.tsx(512,60): error TS2304: Cannot find name 'setCharacterConsistency'.
src/features/media/AIImageEditorOld.tsx(512,85): error TS2304: Cannot find name 'characterConsistency'.
src/features/media/AIImageEditorOld.tsx(513,54): error TS2304: Cannot find name 'characterConsistency'.
src/features/media/AIImageEditorOld.tsx(521,60): error TS2304: Cannot find name 'setMultiImageFusion'.
src/features/media/AIImageEditorOld.tsx(521,81): error TS2304: Cannot find name 'multiImageFusion'.
src/features/media/AIImageEditorOld.tsx(522,54): error TS2304: Cannot find name 'multiImageFusion'.
src/features/media/AIImageEditorOld.tsx(530,60): error TS2304: Cannot find name 'setWorldKnowledge'.
src/features/media/AIImageEditorOld.tsx(530,79): error TS2304: Cannot find name 'worldKnowledge'.
src/features/media/AIImageEditorOld.tsx(531,54): error TS2304: Cannot find name 'worldKnowledge'.
src/features/media/AIImageEditorOld.tsx(539,60): error TS2304: Cannot find name 'setShowGeneratedImages'.
src/features/media/AIImageEditorOld.tsx(539,84): error TS2304: Cannot find name 'showGeneratedImages'.
src/features/media/AIImageEditorOld.tsx(540,54): error TS2304: Cannot find name 'showGeneratedImages'.
src/features/media/AIImageEditorOld.tsx(551,39): error TS2304: Cannot find name 'currentImage'.
src/features/media/AIImageEditorOld.tsx(556,54): error TS2304: Cannot find name 'Input'.
src/features/media/AIImageEditorOld.tsx(558,64): error TS2304: Cannot find name 'numberOfImages'.
src/features/media/AIImageEditorOld.tsx(559,68): error TS7006: Parameter 'e' implicitly has an 'any' type.
src/features/media/AIImageEditorOld.tsx(559,74): error TS2304: Cannot find name 'setNumberOfImages'.
src/features/media/AIImageEditorOld.tsx(568,64): error TS2304: Cannot find name 'aspectRatio'.
src/features/media/AIImageEditorOld.tsx(569,83): error TS2304: Cannot find name 'setAspectRatio'.
src/features/media/AIImageEditorOld.tsx(570,67): error TS2304: Cannot find name 'aiModel'.
src/features/media/AIImageEditorOld.tsx(589,50): error TS2304: Cannot find name 'currentImage'.
src/features/media/AIImageEditorOld.tsx(590,51): error TS2304: Cannot find name 'aiLoading'.
src/features/media/AIImageEditorOld.tsx(590,65): error TS2304: Cannot find name 'aiPrompt'.
src/features/media/AIImageEditorOld.tsx(595,42): error TS2304: Cannot find name 'aiLoading'.
src/features/media/AIImageEditorOld.tsx(595,73): error TS2304: Cannot find name 'currentImage'.
src/features/media/AIImageEditorOld.tsx(599,34): error TS2304: Cannot find name 'aiError'.
src/features/media/AIImageEditorOld.tsx(599,86): error TS2304: Cannot find name 'aiError'.
src/features/media/AIImageEditorOld.tsx(604,22): error TS2304: Cannot find name 'currentImage'.
src/features/media/AIImageEditorOld.tsx(641,56): error TS2304: Cannot find name 'setIsCropping'.
src/features/media/AIImageEditorOld.tsx(641,71): error TS2304: Cannot find name 'isCropping'.
src/features/media/AIImageEditorOld.tsx(642,50): error TS2304: Cannot find name 'isCropping'.
src/features/media/AIImageEditorOld.tsx(645,42): error TS2304: Cannot find name 'isCropping'.
src/features/media/AIImageEditorOld.tsx(648,38): error TS2304: Cannot find name 'isCropping'.
src/features/media/AIImageEditorOld.tsx(652,64): error TS2304: Cannot find name 'aspect'.
src/features/media/AIImageEditorOld.tsx(652,122): error TS2304: Cannot find name 'setAspect'.
src/features/media/AIImageEditorOld.tsx(677,52): error TS2304: Cannot find name 'width'.
src/features/media/AIImageEditorOld.tsx(678,62): error TS2304: Cannot find name 'setWidth'.
src/features/media/AIImageEditorOld.tsx(685,52): error TS2304: Cannot find name 'height'.
src/features/media/AIImageEditorOld.tsx(686,62): error TS2304: Cannot find name 'setHeight'.
src/features/media/AIImageEditorOld.tsx(705,91): error TS2304: Cannot find name 'flipH'.
src/features/media/AIImageEditorOld.tsx(705,98): error TS2304: Cannot find name 'flipV'.
src/features/media/AIImageEditorOld.tsx(708,90): error TS2304: Cannot find name 'flipH'.
src/features/media/AIImageEditorOld.tsx(708,98): error TS2304: Cannot find name 'flipV'.
src/features/media/AIImageEditorOld.tsx(720,48): error TS2304: Cannot find name 'filter'.
src/features/media/AIImageEditorOld.tsx(743,44): error TS2304: Cannot find name 'textOverlay'.
src/features/media/AIImageEditorOld.tsx(744,54): error TS2304: Cannot find name 'setTextOverlay'.
src/features/media/AIImageEditorOld.tsx(752,48): error TS2304: Cannot find name 'textSize'.
src/features/media/AIImageEditorOld.tsx(753,58): error TS2304: Cannot find name 'setTextSize'.
src/features/media/AIImageEditorOld.tsx(760,48): error TS2304: Cannot find name 'textX'.
src/features/media/AIImageEditorOld.tsx(761,58): error TS2304: Cannot find name 'setTextX'.
src/features/media/AIImageEditorOld.tsx(768,48): error TS2304: Cannot find name 'textY'.
src/features/media/AIImageEditorOld.tsx(769,58): error TS2304: Cannot find name 'setTextY'.
src/features/media/AIImageEditorOld.tsx(778,52): error TS2304: Cannot find name 'textColor'.
src/features/media/AIImageEditorOld.tsx(779,62): error TS2304: Cannot find name 'setTextColor'.
src/features/media/AIImageEditorOld.tsx(788,59): error TS2304: Cannot find name 'textOverlay'.
src/features/media/AIImageEditorOld.tsx(801,22): error TS2304: Cannot find name 'showGeneratedImages'.
src/features/media/AIImageEditorOld.tsx(801,45): error TS2304: Cannot find name 'generatedImages'.
src/features/media/AIImageEditorOld.tsx(808,52): error TS2304: Cannot find name 'setShowGeneratedImages'.
src/features/media/AIImageEditorOld.tsx(816,34): error TS2304: Cannot find name 'generatedImages'.
src/features/media/AIImageEditorOld.tsx(816,55): error TS7006: Parameter 'url' implicitly has an 'any' type.
src/features/media/AIImageEditorOld.tsx(816,60): error TS7006: Parameter 'index' implicitly has an 'any' type.
src/features/media/AIImageEditorOld.tsx(822,60): error TS2304: Cannot find name 'setCurrentImage'.
src/features/media/AIImageEditorOld.tsx(868,26): error TS2304: Cannot find name 'aiLoading'.
src/features/media/AIImageEditorOld.tsx(876,26): error TS2304: Cannot find name 'currentImage'.
src/features/media/AIImageEditorOld.tsx(877,29): error TS2304: Cannot find name 'isCropping'.
src/features/media/AIImageEditorOld.tsx(880,48): error TS2304: Cannot find name 'currentImage'.
src/features/media/AIImageEditorOld.tsx(881,47): error TS2304: Cannot find name 'crop'.
src/features/media/AIImageEditorOld.tsx(882,47): error TS2304: Cannot find name 'zoom'.
src/features/media/AIImageEditorOld.tsx(883,51): error TS2304: Cannot find name 'rotation'.
src/features/media/AIImageEditorOld.tsx(884,49): error TS2304: Cannot find name 'aspect'.
src/features/media/AIImageEditorOld.tsx(885,55): error TS2304: Cannot find name 'setCrop'.
src/features/media/AIImageEditorOld.tsx(886,55): error TS2304: Cannot find name 'setZoom'.
src/features/media/AIImageEditorOld.tsx(887,59): error TS2304: Cannot find name 'setRotation'.
src/features/media/AIImageEditorOld.tsx(898,50): error TS2304: Cannot find name 'currentImage'.
src/features/media/AIImageEditorOld.tsx(916,34): error TS2304: Cannot find name 'showAiPanel'.
src/features/media/AIImageEditorOld.tsx(916,50): error TS2304: Cannot find name 'aiLoading'.
src/features/media/AIImageEditorOld.tsx(919,52): error TS2304: Cannot find name 'aiPrompt'.
src/features/media/AIImageEditorOld.tsx(931,22): error TS2304: Cannot find name 'currentImage'.
src/features/media/AIImageEditorOld.tsx(931,39): error TS2304: Cannot find name 'isCropping'.
src/features/media/AIImageEditorOld.tsx(936,70): error TS2304: Cannot find name 'currentImage'.
src/features/media/AIImageEditorOld.tsx(945,32): error TS2304: Cannot find name 'currentImage'.
src/features/media/AIImageEditorOld.tsx(952,31): error TS2304: Cannot find name 'currentImage'.
src/features/media/AIImageEditorRefactored.tsx(6,1): error TS6133: 'Tooltip' is declared but its value is never read.
src/features/media/AIImageEditorRefactored.tsx(6,25): error TS2307: Cannot find module '@/components/ui/Tooltip' or its corresponding type declarations.
src/features/media/AIImageEditorRefactored.tsx(11,30): error TS6133: 'Scissors' is declared but its value is never read.
src/features/media/AIImageEditorRefactored.tsx(11,40): error TS6133: 'Text' is declared but its value is never read.
src/features/media/AIImageEditorRefactored.tsx(11,46): error TS6133: 'Filter' is declared but its value is never read.
src/features/media/AIImageEditorRefactored.tsx(12,42): error TS6133: 'Users' is declared but its value is never read.
src/features/media/AIImageEditorRefactored.tsx(12,49): error TS6133: 'Globe' is declared but its value is never read.
src/features/media/AIImageEditorRefactored.tsx(12,56): error TS6133: 'MessageSquare' is declared but its value is never read.
src/features/media/AIImageEditorRefactored.tsx(12,71): error TS6133: 'Type' is declared but its value is never read.
src/features/media/AIImageEditorRefactored.tsx(13,3): error TS6133: 'Edit3' is declared but its value is never read.
src/features/media/AIImageEditorRefactored.tsx(13,10): error TS6133: 'Shuffle' is declared but its value is never read.
src/features/media/AIImageEditorRefactored.tsx(13,19): error TS6133: 'Eye' is declared but its value is never read.
src/features/media/AIImageEditorRefactored.tsx(13,24): error TS6133: 'EyeOff' is declared but its value is never read.
src/features/media/AIImageEditorRefactored.tsx(17,1): error TS6133: 'ObsClient' is declared but its value is never read.
src/features/media/AIImageEditorRefactored.tsx(18,1): error TS6192: All imports in import declaration are unused.
src/features/media/AIImageEditorRefactored.tsx(25,1): error TS6133: 'ImageEditorTemplates' is declared but its value is never read.
src/features/media/AIImageEditorRefactored.tsx(28,3): error TS2614: Module '"@/store/imageEditorStore"' has no exported member 'useImageEditorInput'. Did you mean to use 'import useImageEditorInput from "@/store/imageEditorStore"' instead?
src/features/media/AIImageEditorRefactored.tsx(29,3): error TS2614: Module '"@/store/imageEditorStore"' has no exported member 'useImageEditorManipulation'. Did you mean to use 'import useImageEditorManipulation from "@/store/imageEditorStore"' instead?
src/features/media/AIImageEditorRefactored.tsx(30,3): error TS2614: Module '"@/store/imageEditorStore"' has no exported member 'useImageEditorAI'. Did you mean to use 'import useImageEditorAI from "@/store/imageEditorStore"' instead?
src/features/media/AIImageEditorRefactored.tsx(32,33): error TS2307: Cannot find module '@/store/uiStateStore' or its corresponding type declarations.
src/features/media/AIImageEditorRefactored.tsx(43,9): error TS2339: Property 'setOutputImage' does not exist on type 'ImageEditorState'.
src/features/media/AIImageEditorRefactored.tsx(44,9): error TS2339: Property 'setInputModalOpen' does not exist on type 'ImageEditorState'.
src/features/media/AIImageEditorRefactored.tsx(47,9): error TS2339: Property 'setLoading' does not exist on type 'ImageEditorState'.
src/features/media/AIImageEditorRefactored.tsx(48,9): error TS2339: Property 'resetManipulationStates' does not exist on type 'ImageEditorState'.
src/features/media/AIImageEditorRefactored.tsx(49,9): error TS2339: Property 'saveToHistory' does not exist on type 'ImageEditorState'.
src/features/media/AIImageEditorRefactored.tsx(50,9): error TS2339: Property 'undo' does not exist on type 'ImageEditorState'.
src/features/media/AIImageEditorRefactored.tsx(50,9): error TS6133: 'undo' is declared but its value is never read.
src/features/media/AIImageEditorRefactored.tsx(51,9): error TS2339: Property 'redo' does not exist on type 'ImageEditorState'.
src/features/media/AIImageEditorRefactored.tsx(51,9): error TS6133: 'redo' is declared but its value is never read.
src/features/media/AIImageEditorRefactored.tsx(52,9): error TS2339: Property 'canUndo' does not exist on type 'ImageEditorState'.
src/features/media/AIImageEditorRefactored.tsx(52,9): error TS6133: 'canUndo' is declared but its value is never read.
src/features/media/AIImageEditorRefactored.tsx(53,9): error TS2339: Property 'canRedo' does not exist on type 'ImageEditorState'.
src/features/media/AIImageEditorRefactored.tsx(53,9): error TS6133: 'canRedo' is declared but its value is never read.
src/features/media/AIImageEditorRefactored.tsx(56,11): error TS6198: All destructured elements are unused.
src/features/media/AIImageEditorRefactored.tsx(64,45): error TS7006: Parameter 'url' implicitly has an 'any' type.
src/features/media/AIImageEditorRefactored.tsx(162,11): error TS6133: 'handleBackgroundRemoval' is declared but its value is never read.
src/features/media/AIImageEditorRefactored.tsx(179,41): error TS6133: 'croppedArea' is declared but its value is never read.
src/features/media/AIImageEditorRefactored.tsx(220,11): error TS6133: 'handleApplyResize' is declared but its value is never read.
src/features/media/AIImageEditorRefactored.tsx(230,11): error TS6133: 'handleApplyTextOverlay' is declared but its value is never read.
src/features/media/AIImageEditorRefactored.tsx(274,92): error TS2379: Argument of type '{ model: any; numberOfImages: any; outputMimeType: string; aspectRatio: any; personGeneration: string; imageInput: { data: any; mimeType: any; } | undefined; }' is not assignable to parameter of type '{ model?: string; numberOfImages?: number; outputMimeType?: string; aspectRatio?: string; personGeneration?: string; negativePrompt?: string; imageInput?: { data: string; mimeType: string; }; }' with 'exactOptionalPropertyTypes: true'. Consider adding 'undefined' to the types of the target's properties.
  Types of property 'imageInput' are incompatible.
    Type '{ data: any; mimeType: any; } | undefined' is not assignable to type '{ data: string; mimeType: string; }'.
      Type 'undefined' is not assignable to type '{ data: string; mimeType: string; }'.
src/features/media/AIImageEditorRefactored.tsx(321,19): error TS6133: 'file' is declared but its value is never read.
src/features/media/AIImageEditorRefactored.tsx(415,62): error TS2322: Type '{ children: Element; title: string; defaultOpen: true; }' is not assignable to type 'IntrinsicAttributes & CollapsibleCardProps'.
  Property 'defaultOpen' does not exist on type 'IntrinsicAttributes & CollapsibleCardProps'.
src/features/media/AIImageEditorRefactored.tsx(530,54): error TS2322: Type '{ children: Element; title: string; defaultOpen: true; }' is not assignable to type 'IntrinsicAttributes & CollapsibleCardProps'.
  Property 'defaultOpen' does not exist on type 'IntrinsicAttributes & CollapsibleCardProps'.
src/features/media/AIImageEditorRefactored.tsx(608,75): error TS7006: Parameter 'url' implicitly has an 'any' type.
src/features/media/AIImageEditorRefactored.tsx(608,80): error TS7006: Parameter 'index' implicitly has an 'any' type.
src/features/media/AIImageEditorRefactored.tsx(655,25): error TS2322: Type '{ onImagesUploaded: (images: ImageUploadResult[]) => void; maxImages: number; }' is not assignable to type 'IntrinsicAttributes & ImageUploadProps'.
  Property 'onImagesUploaded' does not exist on type 'IntrinsicAttributes & ImageUploadProps'.
src/features/media/ImageEditor.tsx(6,1): error TS6133: 'Tooltip' is declared but its value is never read.
src/features/media/ImageEditor.tsx(6,25): error TS2307: Cannot find module '@/components/ui/Tooltip' or its corresponding type declarations.
src/features/media/ImageEditor.tsx(10,37): error TS6133: 'Scissors' is declared but its value is never read.
src/features/media/ImageEditor.tsx(10,53): error TS6133: 'Filter' is declared but its value is never read.
src/features/media/ImageEditor.tsx(13,1): error TS6133: 'ObsClient' is declared but its value is never read.
src/features/media/ImageEditor.tsx(14,1): error TS6192: All imports in import declaration are unused.
src/features/media/ImageEditor.tsx(19,3): error TS2614: Module '"@/store/imageEditorStore"' has no exported member 'useImageEditorInput'. Did you mean to use 'import useImageEditorInput from "@/store/imageEditorStore"' instead?
src/features/media/ImageEditor.tsx(20,3): error TS2614: Module '"@/store/imageEditorStore"' has no exported member 'useImageEditorManipulation'. Did you mean to use 'import useImageEditorManipulation from "@/store/imageEditorStore"' instead?
src/features/media/ImageEditor.tsx(31,9): error TS2339: Property 'setOutputImage' does not exist on type 'ImageEditorState'.
src/features/media/ImageEditor.tsx(32,9): error TS2339: Property 'setInputModalOpen' does not exist on type 'ImageEditorState'.
src/features/media/ImageEditor.tsx(35,9): error TS2339: Property 'setLoading' does not exist on type 'ImageEditorState'.
src/features/media/ImageEditor.tsx(36,9): error TS2339: Property 'resetManipulationStates' does not exist on type 'ImageEditorState'.
src/features/media/ImageEditor.tsx(37,9): error TS2339: Property 'saveToHistory' does not exist on type 'ImageEditorState'.
src/features/media/ImageEditor.tsx(38,9): error TS2339: Property 'undo' does not exist on type 'ImageEditorState'.
src/features/media/ImageEditor.tsx(38,9): error TS6133: 'undo' is declared but its value is never read.
src/features/media/ImageEditor.tsx(39,9): error TS2339: Property 'redo' does not exist on type 'ImageEditorState'.
src/features/media/ImageEditor.tsx(39,9): error TS6133: 'redo' is declared but its value is never read.
src/features/media/ImageEditor.tsx(40,9): error TS2339: Property 'canUndo' does not exist on type 'ImageEditorState'.
src/features/media/ImageEditor.tsx(40,9): error TS6133: 'canUndo' is declared but its value is never read.
src/features/media/ImageEditor.tsx(41,9): error TS2339: Property 'canRedo' does not exist on type 'ImageEditorState'.
src/features/media/ImageEditor.tsx(41,9): error TS6133: 'canRedo' is declared but its value is never read.
src/features/media/ImageEditor.tsx(148,41): error TS6133: 'croppedArea' is declared but its value is never read.
src/features/media/ImageEditor.tsx(189,11): error TS6133: 'handleApplyResize' is declared but its value is never read.
src/features/media/ImageEditor.tsx(279,26): error TS2304: Cannot find name 'Layers'.
src/features/media/ImageEditor.tsx(298,34): error TS2304: Cannot find name 'ImageIcon'.
src/features/media/ImageEditor.tsx(316,34): error TS2304: Cannot find name 'ImageIcon'.
src/features/media/ImageEditorOld.tsx(197,41): error TS6133: 'croppedArea' is declared but its value is never read.
src/features/media/ImageEditorOld.tsx(219,19): error TS2559: Type 'string' has no properties in common with type 'Toast'.
src/features/media/ImageEditorOld.tsx(225,57): error TS2339: Property 'addBrowserSource' does not exist on type 'ObsClientImpl'.
src/features/media/ImageEditorOld.tsx(227,57): error TS2339: Property 'addImageSource' does not exist on type 'ObsClientImpl'.
src/features/media/ImageEditorOld.tsx(231,19): error TS2559: Type 'string' has no properties in common with type 'Toast'.
src/features/media/ImageEditorRefactored.tsx(6,1): error TS6133: 'Tooltip' is declared but its value is never read.
src/features/media/ImageEditorRefactored.tsx(6,25): error TS2307: Cannot find module '@/components/ui/Tooltip' or its corresponding type declarations.
src/features/media/ImageEditorRefactored.tsx(10,37): error TS6133: 'Scissors' is declared but its value is never read.
src/features/media/ImageEditorRefactored.tsx(10,53): error TS6133: 'Filter' is declared but its value is never read.
src/features/media/ImageEditorRefactored.tsx(13,1): error TS6133: 'ObsClient' is declared but its value is never read.
src/features/media/ImageEditorRefactored.tsx(14,1): error TS6192: All imports in import declaration are unused.
src/features/media/ImageEditorRefactored.tsx(19,3): error TS2614: Module '"@/store/imageEditorStore"' has no exported member 'useImageEditorInput'. Did you mean to use 'import useImageEditorInput from "@/store/imageEditorStore"' instead?
src/features/media/ImageEditorRefactored.tsx(20,3): error TS2614: Module '"@/store/imageEditorStore"' has no exported member 'useImageEditorManipulation'. Did you mean to use 'import useImageEditorManipulation from "@/store/imageEditorStore"' instead?
src/features/media/ImageEditorRefactored.tsx(31,9): error TS2339: Property 'setOutputImage' does not exist on type 'ImageEditorState'.
src/features/media/ImageEditorRefactored.tsx(32,9): error TS2339: Property 'setInputModalOpen' does not exist on type 'ImageEditorState'.
src/features/media/ImageEditorRefactored.tsx(35,9): error TS2339: Property 'setLoading' does not exist on type 'ImageEditorState'.
src/features/media/ImageEditorRefactored.tsx(36,9): error TS2339: Property 'resetManipulationStates' does not exist on type 'ImageEditorState'.
src/features/media/ImageEditorRefactored.tsx(37,9): error TS2339: Property 'saveToHistory' does not exist on type 'ImageEditorState'.
src/features/media/ImageEditorRefactored.tsx(38,9): error TS2339: Property 'undo' does not exist on type 'ImageEditorState'.
src/features/media/ImageEditorRefactored.tsx(38,9): error TS6133: 'undo' is declared but its value is never read.
src/features/media/ImageEditorRefactored.tsx(39,9): error TS2339: Property 'redo' does not exist on type 'ImageEditorState'.
src/features/media/ImageEditorRefactored.tsx(39,9): error TS6133: 'redo' is declared but its value is never read.
src/features/media/ImageEditorRefactored.tsx(40,9): error TS2339: Property 'canUndo' does not exist on type 'ImageEditorState'.
src/features/media/ImageEditorRefactored.tsx(40,9): error TS6133: 'canUndo' is declared but its value is never read.
src/features/media/ImageEditorRefactored.tsx(41,9): error TS2339: Property 'canRedo' does not exist on type 'ImageEditorState'.
src/features/media/ImageEditorRefactored.tsx(41,9): error TS6133: 'canRedo' is declared but its value is never read.
src/features/media/ImageEditorRefactored.tsx(148,41): error TS6133: 'croppedArea' is declared but its value is never read.
src/features/media/ImageEditorRefactored.tsx(189,11): error TS6133: 'handleApplyResize' is declared but its value is never read.
src/features/media/ImageEditorRefactored.tsx(279,26): error TS2304: Cannot find name 'Layers'.
src/features/media/ImageEditorRefactored.tsx(298,34): error TS2304: Cannot find name 'ImageIcon'.
src/features/media/ImageEditorRefactored.tsx(316,34): error TS2304: Cannot find name 'ImageIcon'.
src/features/media/ImageEditorTemplates.tsx(4,1): error TS6133: 'CardContent' is declared but its value is never read.
src/features/media/ImageGeneration.tsx(45,11): error TS6133: 'accentColor' is declared but its value is never read.
src/features/media/ImageGeneration.tsx(48,26): error TS2345: Argument of type '{ data: string; mimeType: string; fileName: string; size: number; width: undefined; height: undefined; }' is not assignable to parameter of type 'SetStateAction<ImageUploadResult | null>'.
  Type '{ data: string; mimeType: string; fileName: string; size: number; width: undefined; height: undefined; }' is not assignable to type 'ImageUploadResult' with 'exactOptionalPropertyTypes: true'. Consider adding 'undefined' to the types of the target's properties.
    Types of property 'width' are incompatible.
      Type 'undefined' is not assignable to type 'number'.
src/features/media/ImageGeneration.tsx(73,82): error TS2379: Argument of type '{ model: string; numberOfImages: number; outputMimeType: string; aspectRatio: string; personGeneration: string; negativePrompt: string; imageInput: { data: string; mimeType: string; } | undefined; }' is not assignable to parameter of type '{ model?: string; numberOfImages?: number; outputMimeType?: string; aspectRatio?: string; personGeneration?: string; negativePrompt?: string; imageInput?: { data: string; mimeType: string; }; }' with 'exactOptionalPropertyTypes: true'. Consider adding 'undefined' to the types of the target's properties.
  Types of property 'imageInput' are incompatible.
    Type '{ data: string; mimeType: string; } | undefined' is not assignable to type '{ data: string; mimeType: string; }'.
      Type 'undefined' is not assignable to type '{ data: string; mimeType: string; }'.
src/features/media/ImageGeneration.tsx(94,19): error TS2559: Type 'string' has no properties in common with type 'Toast'.
src/features/media/ImageGeneration.tsx(99,57): error TS2339: Property 'addBrowserSource' does not exist on type 'ObsClientImpl'.
src/features/media/ImageGeneration.tsx(101,57): error TS2339: Property 'addImageSource' does not exist on type 'ObsClientImpl'.
src/features/media/ImageGeneration.tsx(109,19): error TS2559: Type 'string' has no properties in common with type 'Toast'.
src/features/media/LiveAPIDemo.tsx(32,21): error TS7006: Parameter 'err' implicitly has an 'any' type.
src/features/media/LiveAPIDemo.tsx(33,21): error TS7006: Parameter 'event' implicitly has an 'any' type.
src/features/media/MusicGeneration.tsx(4,1): error TS6133: 'toast' is declared but its value is never read.
src/features/media/MusicGeneration.tsx(42,5): error TS2322: Type 'T | undefined' is not assignable to type 'T'.
  'T' could be instantiated with an arbitrary type which could be unrelated to 'T | undefined'.
src/features/media/MusicGeneration.tsx(100,13): error TS2322: Type '{ children: Element; title: string; emoji: string; accentColor: string; isOpen: boolean; onToggle: () => void; }' is not assignable to type 'IntrinsicAttributes & CollapsibleCardProps'.
  Property 'accentColor' does not exist on type 'IntrinsicAttributes & CollapsibleCardProps'.
src/features/media/VideoGeneration.tsx(65,38): error TS2345: Argument of type 'string | undefined' is not assignable to parameter of type 'SetStateAction<string | null>'.
  Type 'undefined' is not assignable to type 'SetStateAction<string | null>'.
src/features/media/VideoGeneration.tsx(66,32): error TS2345: Argument of type 'string | undefined' is not assignable to parameter of type 'SetStateAction<string | null>'.
  Type 'undefined' is not assignable to type 'SetStateAction<string | null>'.
src/features/media/VideoGeneration.tsx(99,13): error TS2322: Type '{ children: Element; title: string; emoji: string; accentColor: string; isOpen: boolean; onToggle: () => void; }' is not assignable to type 'IntrinsicAttributes & CollapsibleCardProps'.
  Property 'accentColor' does not exist on type 'IntrinsicAttributes & CollapsibleCardProps'.
src/features/obs-control/ActionHandler.ts(168,5): error TS2375: Type '{ valid: boolean; errors: string[] | undefined; warnings: string[] | undefined; }' is not assignable to type 'ValidationResult' with 'exactOptionalPropertyTypes: true'. Consider adding 'undefined' to the types of the target's properties.
  Types of property 'errors' are incompatible.
    Type 'string[] | undefined' is not assignable to type 'string[]'.
      Type 'undefined' is not assignable to type 'string[]'.
src/features/obs-control/AudioFilterWidget.tsx(145,11): error TS2322: Type '"success"' is not assignable to type '"default" | "link" | "accent" | "destructive" | "outline" | "secondary" | "ghost" | "accent-outline" | "primary-gradient" | "secondary-gradient" | null | undefined'.
src/features/obs-control/AudioFilterWidget.tsx(152,11): error TS2322: Type '"success"' is not assignable to type '"default" | "link" | "accent" | "destructive" | "outline" | "secondary" | "ghost" | "accent-outline" | "primary-gradient" | "secondary-gradient" | null | undefined'.
src/features/obs-control/AudioFilterWidget.tsx(159,11): error TS2322: Type '"success"' is not assignable to type '"default" | "link" | "accent" | "destructive" | "outline" | "secondary" | "ghost" | "accent-outline" | "primary-gradient" | "secondary-gradient" | null | undefined'.
src/features/obs-control/AudioMeterWidget.tsx(16,10): error TS6133: 'peakLevels' is declared but its value is never read.
src/features/obs-control/AudioVolumeWidget.tsx(29,9): error TS6133: 'property' is declared but its value is never read.
src/features/obs-control/AudioVolumeWidget.tsx(149,11): error TS2322: Type '{ min: number; max: number; step: number; value: number[]; onValueChange: ([newValue]: [any]) => void; onValueCommit: ([newValue]: [any]) => Promise<void>; className: string; }' is not assignable to type 'IntrinsicAttributes & SliderProps'.
  Property 'onValueChange' does not exist on type 'IntrinsicAttributes & SliderProps'.
src/features/obs-control/AudioVolumeWidget.tsx(149,28): error TS7031: Binding element 'newValue' implicitly has an 'any' type.
src/features/obs-control/AudioVolumeWidget.tsx(150,28): error TS7031: Binding element 'newValue' implicitly has an 'any' type.
src/features/obs-control/AudioVolumeWidget.tsx(174,11): error TS2322: Type '{ min: number; max: number; step: number; value: number[]; onValueChange: ([newValue]: [any]) => void; onValueCommit: ([newValue]: [any]) => Promise<void>; className: string; }' is not assignable to type 'IntrinsicAttributes & SliderProps'.
  Property 'onValueChange' does not exist on type 'IntrinsicAttributes & SliderProps'.
src/features/obs-control/AudioVolumeWidget.tsx(174,28): error TS7031: Binding element 'newValue' implicitly has an 'any' type.
src/features/obs-control/AudioVolumeWidget.tsx(175,28): error TS7031: Binding element 'newValue' implicitly has an 'any' type.
src/features/obs-control/ButtonWidget.tsx(13,11): error TS2339: Property 'updateWidgetState' does not exist on type 'WidgetStoreState'.
src/features/obs-control/FilterManagerWidget.tsx(1,38): error TS6133: 'useCallback' is declared but its value is never read.
src/features/obs-control/FilterManagerWidget.tsx(24,10): error TS6133: 'loading' is declared but its value is never read.
src/features/obs-control/FilterManagerWidget.tsx(45,9): error TS6133: 'addFilter' is declared but its value is never read.
src/features/obs-control/FilterManagerWidget.tsx(59,9): error TS6133: 'removeFilter' is declared but its value is never read.
src/features/obs-control/FilterManagerWidget.tsx(73,9): error TS6133: 'updateFilterSettings' is declared but its value is never read.
src/features/obs-control/FilterManagerWidget.tsx(105,20): error TS2304: Cannot find name 'handleAddFilter'.
src/features/obs-control/FilterManagerWidget.tsx(108,11): error TS2322: Type '"success"' is not assignable to type '"default" | "link" | "accent" | "destructive" | "outline" | "secondary" | "ghost" | "accent-outline" | "primary-gradient" | "secondary-gradient" | null | undefined'.
src/features/obs-control/FilterManagerWidget.tsx(117,32): error TS6133: 'index' is declared but its value is never read.
src/features/obs-control/FilterManagerWidget.tsx(121,32): error TS2304: Cannot find name 'handleRemoveFilter'.
src/features/obs-control/ObsSliderWidget.tsx(26,9): error TS2322: Type '(newValue: number) => void' is not assignable to type '(value: number | number[]) => void'.
  Types of parameters 'newValue' and 'value' are incompatible.
    Type 'number | number[]' is not assignable to type 'number'.
      Type 'number[]' is not assignable to type 'number'.
src/features/obs-control/PickerWidget.tsx(13,27): error TS2339: Property 'isConnected' does not exist on type 'CombinedState'.
src/features/obs-control/SceneCreatorWidget.tsx(59,3): error TS2304: Cannot find name 'useEffect'.
src/features/obs-control/SceneOrganizerWidget.tsx(24,10): error TS6133: 'loading' is declared but its value is never read.
src/features/obs-control/SceneOrganizerWidget.tsx(58,29): error TS2532: Object is possibly 'undefined'.
src/features/obs-control/SceneOrganizerWidget.tsx(62,37): error TS2345: Argument of type 'SceneItem | undefined' is not assignable to parameter of type 'SceneItem'.
  Type 'undefined' is not assignable to type 'SceneItem'.
src/features/obs-control/SceneOrganizerWidget.tsx(89,10): error TS2304: Cannot find name 'sources'.
src/features/obs-control/SceneOrganizerWidget.tsx(92,11): error TS2304: Cannot find name 'sources'.
src/features/obs-control/SceneOrganizerWidget.tsx(92,24): error TS7006: Parameter 'item' implicitly has an 'any' type.
src/features/obs-control/SceneOrganizerWidget.tsx(92,30): error TS7006: Parameter 'index' implicitly has an 'any' type.
src/features/obs-control/SceneOrganizerWidget.tsx(97,52): error TS2554: Expected 1 arguments, but got 2.
src/features/obs-control/SceneSwitcherWidget.tsx(5,10): error TS2305: Module '"react-window"' has no exported member 'FixedSizeList'.
src/features/obs-control/SceneSwitcherWidget.tsx(83,38): error TS18048: 'scene' is possibly 'undefined'.
src/features/obs-control/SceneSwitcherWidget.tsx(84,89): error TS18048: 'scene' is possibly 'undefined'.
src/features/obs-control/SceneSwitcherWidget.tsx(86,12): error TS18048: 'scene' is possibly 'undefined'.
src/features/obs-control/StatusWidget.tsx(12,27): error TS2339: Property 'isConnected' does not exist on type 'CombinedState'.
src/features/obs-control/SwitchWidget.tsx(13,11): error TS2339: Property 'updateWidgetState' does not exist on type 'WidgetStoreState'.
src/features/obs-control/TransformWidget.tsx(1,38): error TS6133: 'useCallback' is declared but its value is never read.
src/features/obs-control/TransformWidget.tsx(17,10): error TS6133: 'transforms' is declared but its value is never read.
src/features/obs-control/TransformWidget.tsx(27,10): error TS6133: 'loading' is declared but its value is never read.
src/features/obs-control/TransitionWidget.tsx(20,10): error TS6133: 'loading' is declared but its value is never read.
src/features/obs-control/UniversalWidgetEngine.test.tsx(10,57): error TS2322: Type 'ForwardedRef<unknown>' is not assignable to type 'LegacyRef<HTMLDivElement> | undefined'.
  Type 'MutableRefObject<unknown>' is not assignable to type 'LegacyRef<HTMLDivElement> | undefined'.
    Type 'MutableRefObject<unknown>' is not assignable to type 'RefObject<HTMLDivElement>'.
      Types of property 'current' are incompatible.
        Type 'unknown' is not assignable to type 'HTMLDivElement | null'.
src/features/obs-control/UniversalWidgetEngine.test.tsx(14,54): error TS2322: Type 'ForwardedRef<unknown>' is not assignable to type 'LegacyRef<HTMLButtonElement> | undefined'.
  Type 'MutableRefObject<unknown>' is not assignable to type 'LegacyRef<HTMLButtonElement> | undefined'.
    Type 'MutableRefObject<unknown>' is not assignable to type 'RefObject<HTMLButtonElement>'.
      Types of property 'current' are incompatible.
        Type 'unknown' is not assignable to type 'HTMLButtonElement | null'.
src/features/obs-control/UniversalWidgetEngine.test.tsx(18,66): error TS2322: Type 'ForwardedRef<unknown>' is not assignable to type 'LegacyRef<HTMLInputElement> | undefined'.
  Type 'MutableRefObject<unknown>' is not assignable to type 'LegacyRef<HTMLInputElement> | undefined'.
    Type 'MutableRefObject<unknown>' is not assignable to type 'RefObject<HTMLInputElement>'.
      Types of property 'current' are incompatible.
        Type 'unknown' is not assignable to type 'HTMLInputElement | null'.
src/features/obs-control/UniversalWidgetEngine.test.tsx(22,69): error TS2322: Type 'ForwardedRef<unknown>' is not assignable to type 'LegacyRef<HTMLInputElement> | undefined'.
  Type 'MutableRefObject<unknown>' is not assignable to type 'LegacyRef<HTMLInputElement> | undefined'.
    Type 'MutableRefObject<unknown>' is not assignable to type 'RefObject<HTMLInputElement>'.
      Types of property 'current' are incompatible.
        Type 'unknown' is not assignable to type 'HTMLInputElement | null'.
src/features/obs-control/UniversalWidgetEngine.test.tsx(26,54): error TS2322: Type 'ForwardedRef<unknown>' is not assignable to type 'LegacyRef<HTMLSelectElement> | undefined'.
  Type 'MutableRefObject<unknown>' is not assignable to type 'LegacyRef<HTMLSelectElement> | undefined'.
    Type 'MutableRefObject<unknown>' is not assignable to type 'RefObject<HTMLSelectElement>'.
      Types of property 'current' are incompatible.
        Type 'unknown' is not assignable to type 'HTMLSelectElement | null'.
src/features/obs-control/UniversalWidgetEngine.test.tsx(27,58): error TS2322: Type 'ForwardedRef<unknown>' is not assignable to type 'LegacyRef<HTMLDivElement> | undefined'.
  Type 'MutableRefObject<unknown>' is not assignable to type 'LegacyRef<HTMLDivElement> | undefined'.
    Type 'MutableRefObject<unknown>' is not assignable to type 'RefObject<HTMLDivElement>'.
      Types of property 'current' are incompatible.
        Type 'unknown' is not assignable to type 'HTMLDivElement | null'.
src/features/obs-control/UniversalWidgetEngine.test.tsx(28,58): error TS2322: Type 'ForwardedRef<unknown>' is not assignable to type 'LegacyRef<HTMLOptionElement> | undefined'.
  Type 'MutableRefObject<unknown>' is not assignable to type 'LegacyRef<HTMLOptionElement> | undefined'.
    Type 'MutableRefObject<unknown>' is not assignable to type 'RefObject<HTMLOptionElement>'.
      Types of property 'current' are incompatible.
        Type 'unknown' is not assignable to type 'HTMLOptionElement | null'.
src/features/obs-control/UniversalWidgetEngine.test.tsx(29,58): error TS2322: Type 'ForwardedRef<unknown>' is not assignable to type 'LegacyRef<HTMLDivElement> | undefined'.
  Type 'MutableRefObject<unknown>' is not assignable to type 'LegacyRef<HTMLDivElement> | undefined'.
    Type 'MutableRefObject<unknown>' is not assignable to type 'RefObject<HTMLDivElement>'.
      Types of property 'current' are incompatible.
        Type 'unknown' is not assignable to type 'HTMLDivElement | null'.
src/features/obs-control/UniversalWidgetEngine.test.tsx(30,57): error TS2322: Type 'ForwardedRef<unknown>' is not assignable to type 'LegacyRef<HTMLSpanElement> | undefined'.
  Type 'MutableRefObject<unknown>' is not assignable to type 'LegacyRef<HTMLSpanElement> | undefined'.
    Type 'MutableRefObject<unknown>' is not assignable to type 'RefObject<HTMLSpanElement>'.
      Types of property 'current' are incompatible.
        Type 'unknown' is not assignable to type 'HTMLSpanElement | null'.
src/features/obs-control/UniversalWidgetEngine.test.tsx(34,49): error TS2322: Type 'ForwardedRef<unknown>' is not assignable to type 'LegacyRef<HTMLDivElement> | undefined'.
  Type 'MutableRefObject<unknown>' is not assignable to type 'LegacyRef<HTMLDivElement> | undefined'.
    Type 'MutableRefObject<unknown>' is not assignable to type 'RefObject<HTMLDivElement>'.
      Types of property 'current' are incompatible.
        Type 'unknown' is not assignable to type 'HTMLDivElement | null'.
src/features/obs-control/UniversalWidgetEngine.test.tsx(35,56): error TS2322: Type 'ForwardedRef<unknown>' is not assignable to type 'LegacyRef<HTMLDivElement> | undefined'.
  Type 'MutableRefObject<unknown>' is not assignable to type 'LegacyRef<HTMLDivElement> | undefined'.
    Type 'MutableRefObject<unknown>' is not assignable to type 'RefObject<HTMLDivElement>'.
      Types of property 'current' are incompatible.
        Type 'unknown' is not assignable to type 'HTMLDivElement | null'.
src/features/obs-control/UniversalWidgetEngine.test.tsx(39,52): error TS2322: Type 'ForwardedRef<unknown>' is not assignable to type 'LegacyRef<HTMLLabelElement> | undefined'.
  Type 'MutableRefObject<unknown>' is not assignable to type 'LegacyRef<HTMLLabelElement> | undefined'.
    Type 'MutableRefObject<unknown>' is not assignable to type 'RefObject<HTMLLabelElement>'.
      Types of property 'current' are incompatible.
        Type 'unknown' is not assignable to type 'HTMLLabelElement | null'.
src/features/obs-control/UniversalWidgetEngine.test.tsx(43,51): error TS2322: Type 'ForwardedRef<unknown>' is not assignable to type 'LegacyRef<HTMLDivElement> | undefined'.
  Type 'MutableRefObject<unknown>' is not assignable to type 'LegacyRef<HTMLDivElement> | undefined'.
    Type 'MutableRefObject<unknown>' is not assignable to type 'RefObject<HTMLDivElement>'.
      Types of property 'current' are incompatible.
        Type 'unknown' is not assignable to type 'HTMLDivElement | null'.
src/features/obs-control/UniversalWidgetEngine.test.tsx(55,7): error TS2353: Object literal may only specify known properties, and 'action' does not exist in type 'UniversalWidgetConfig'.
src/features/obs-control/UniversalWidgetEngine.test.tsx(57,13): error TS2604: JSX element type 'UniversalWidgetEngine' does not have any construct or call signatures.
src/features/obs-control/UniversalWidgetEngine.test.tsx(57,13): error TS2786: 'UniversalWidgetEngine' cannot be used as a JSX component.
  Its type 'UniversalWidgetEngine' is not a valid JSX element type.
src/features/obs-control/UniversalWidgetEngine.test.tsx(66,7): error TS2353: Object literal may only specify known properties, and 'action' does not exist in type 'UniversalWidgetConfig'.
src/features/obs-control/UniversalWidgetEngine.test.tsx(70,13): error TS2604: JSX element type 'UniversalWidgetEngine' does not have any construct or call signatures.
src/features/obs-control/UniversalWidgetEngine.test.tsx(70,13): error TS2786: 'UniversalWidgetEngine' cannot be used as a JSX component.
  Its type 'UniversalWidgetEngine' is not a valid JSX element type.
src/features/obs-control/UniversalWidgetEngine.test.tsx(80,7): error TS2353: Object literal may only specify known properties, and 'action' does not exist in type 'UniversalWidgetConfig'.
src/features/obs-control/UniversalWidgetEngine.test.tsx(83,13): error TS2604: JSX element type 'UniversalWidgetEngine' does not have any construct or call signatures.
src/features/obs-control/UniversalWidgetEngine.test.tsx(83,13): error TS2786: 'UniversalWidgetEngine' cannot be used as a JSX component.
  Its type 'UniversalWidgetEngine' is not a valid JSX element type.
src/features/obs-control/UniversalWidgetEngine.test.tsx(93,7): error TS2353: Object literal may only specify known properties, and 'action' does not exist in type 'UniversalWidgetConfig'.
src/features/obs-control/UniversalWidgetEngine.test.tsx(96,13): error TS2604: JSX element type 'UniversalWidgetEngine' does not have any construct or call signatures.
src/features/obs-control/UniversalWidgetEngine.test.tsx(96,13): error TS2786: 'UniversalWidgetEngine' cannot be used as a JSX component.
  Its type 'UniversalWidgetEngine' is not a valid JSX element type.
src/features/obs-control/UniversalWidgetEngine.ts(12,3): error TS6133: 'ValidationResult' is declared but its value is never read.
src/features/obs-control/UniversalWidgetEngine.ts(21,3): error TS6196: 'ScenesChangedEvent' is declared but never used.
src/features/obs-control/UniversalWidgetEngine.ts(206,40): error TS2379: Argument of type '{ isLoading: true; error: undefined; }' is not assignable to parameter of type 'Partial<WidgetState>' with 'exactOptionalPropertyTypes: true'. Consider adding 'undefined' to the types of the target's properties.
  Types of property 'error' are incompatible.
    Type 'undefined' is not assignable to type 'string'.
src/features/obs-control/UniversalWidgetEngine.ts(218,9): error TS2375: Type 'ActionResult<any>' is not assignable to type 'ActionResult' with 'exactOptionalPropertyTypes: true'. Consider adding 'undefined' to the types of the target's properties.
  Types of property 'error' are incompatible.
    Type 'string | WidgetError' is not assignable to type 'WidgetError'.
      Type 'string' is not assignable to type 'WidgetError'.
src/features/obs-control/UniversalWidgetEngine.ts(227,9): error TS2375: Type 'ActionResult<any>' is not assignable to type 'ActionResult' with 'exactOptionalPropertyTypes: true'. Consider adding 'undefined' to the types of the target's properties.
  Types of property 'error' are incompatible.
    Type 'string | WidgetError' is not assignable to type 'WidgetError'.
      Type 'string' is not assignable to type 'WidgetError'.
src/features/obs-control/UniversalWidgetEngine.ts(253,9): error TS2554: Expected 2-3 arguments, but got 6.
src/features/obs-control/UniversalWidgetEngine.ts(277,17): error TS6133: 'executeWithRetry' is declared but its value is never read.
src/features/obs-control/UniversalWidgetEngine.ts(290,11): error TS2375: Type 'ActionResult<any>' is not assignable to type 'ActionResult' with 'exactOptionalPropertyTypes: true'. Consider adding 'undefined' to the types of the target's properties.
  Types of property 'error' are incompatible.
    Type 'string | WidgetError' is not assignable to type 'WidgetError'.
      Type 'string' is not assignable to type 'WidgetError'.
src/features/obs-control/UniversalWidgetEngine.ts(292,11): error TS2375: Type 'ActionResult<any>' is not assignable to type 'ActionResult' with 'exactOptionalPropertyTypes: true'. Consider adding 'undefined' to the types of the target's properties.
  Types of property 'error' are incompatible.
    Type 'string | WidgetError' is not assignable to type 'WidgetError'.
      Type 'string' is not assignable to type 'WidgetError'.
src/features/obs-control/UniversalWidgetEngine.ts(299,61): error TS2352: Conversion of type 'WidgetError' to type 'string' may be a mistake because neither type sufficiently overlaps with the other. If this was intentional, convert the expression to 'unknown' first.
src/features/obs-control/UniversalWidgetEngine.ts(300,33): error TS2352: Conversion of type 'WidgetError' to type 'string' may be a mistake because neither type sufficiently overlaps with the other. If this was intentional, convert the expression to 'unknown' first.
src/features/obs-control/UniversalWidgetEngine.ts(438,11): error TS6133: 'handleObsEvent' is declared but its value is never read.
src/features/obs-control/UniversalWidgetEngine.ts(458,11): error TS2554: Expected 2-3 arguments, but got 6.
src/features/obs-control/VisibilityWidget.tsx(1,27): error TS6133: 'useEffect' is declared but its value is never read.
src/features/obs-control/controls/EnhancedKnob.tsx(2,18): error TS2614: Module '"framer-motion"' has no exported member 'useMotionValue'. Did you mean to use 'import useMotionValue from "framer-motion"' instead?
src/features/obs-control/controls/EnhancedKnob.tsx(2,34): error TS2614: Module '"framer-motion"' has no exported member 'useTransform'. Did you mean to use 'import useTransform from "framer-motion"' instead?
src/features/obs-control/controls/EnhancedKnob.tsx(2,34): error TS6133: 'useTransform' is declared but its value is never read.
src/features/obs-control/controls/EnhancedKnob.tsx(2,48): error TS2614: Module '"framer-motion"' has no exported member 'animate'. Did you mean to use 'import animate from "framer-motion"' instead?
src/features/obs-control/controls/EnhancedKnob.tsx(57,9): error TS6133: 'rotationToValue' is declared but its value is never read.
src/features/obs-control/controls/UniversalKnob.tsx(15,11): error TS2339: Property 'executeAction' does not exist on type 'WidgetStoreState'.
src/features/obs-control/controls/UniversalKnob.tsx(19,14): error TS2345: Argument of type 'number | undefined' is not assignable to parameter of type 'SetStateAction<number>'.
  Type 'undefined' is not assignable to type 'SetStateAction<number>'.
src/features/obs-control/controls/UniversalSlider.tsx(15,11): error TS2339: Property 'executeAction' does not exist on type 'WidgetStoreState'.
src/features/obs-control/controls/UniversalSlider.tsx(19,14): error TS2345: Argument of type 'number | undefined' is not assignable to parameter of type 'SetStateAction<number>'.
  Type 'undefined' is not assignable to type 'SetStateAction<number>'.
src/features/obs-control/widgetStore.ts(32,13): error TS6133: 'name' is declared but its value is never read.
src/features/obs-control/widgetStore.ts(38,13): error TS6133: 'name' is declared but its value is never read.
src/features/obs-control/widgetStore.ts(41,16): error TS6133: 'name' is declared but its value is never read.
src/features/obs-control/widgetStore.ts(47,3): error TS2379: Argument of type 'StateCreator<WidgetStoreState, [], [["zustand/persist", WidgetStoreState]]>' is not assignable to parameter of type 'StateCreator<WidgetStoreState, [], []>' with 'exactOptionalPropertyTypes: true'. Consider adding 'undefined' to the types of the target's properties.
  Type 'StateCreator<WidgetStoreState, [], [["zustand/persist", WidgetStoreState]]>' is not assignable to type '{ $$storeMutators?: []; }' with 'exactOptionalPropertyTypes: true'. Consider adding 'undefined' to the types of the target's properties.
    Types of property '$$storeMutators' are incompatible.
      Type '[["zustand/persist", WidgetStoreState]]' is not assignable to type '[]'.
        Source has 1 element(s) but target allows only 0.
src/features/obs-control/widgetStore.ts(62,61): error TS2339: Property 'state' does not exist on type 'UniversalWidgetConfig'.
src/features/templates/HtmlTemplateBuilder.tsx(6,1): error TS6133: 'Slider' is declared but its value is never read.
src/features/templates/HtmlTemplateBuilder.tsx(92,23): error TS2345: Argument of type '(prev: Partial<TemplateConfig>) => { position: TemplateConfig["position"]; layout?: "overlay" | "fullscreen" | "sidebar" | "corner"; colors?: { primary?: string; secondary?: string; accent?: string; background?: string; text?: string; border?: string; }; ... 5 more ...; customCss?: string; }' is not assignable to parameter of type 'SetStateAction<Partial<TemplateConfig>>'.
  Type '(prev: Partial<TemplateConfig>) => { position: TemplateConfig["position"]; layout?: "overlay" | "fullscreen" | "sidebar" | "corner"; colors?: { primary?: string; secondary?: string; accent?: string; background?: string; text?: string; border?: string; }; ... 5 more ...; customCss?: string; }' is not assignable to type '(prevState: Partial<TemplateConfig>) => Partial<TemplateConfig>'.
    Call signature return types '{ position: "bottom-left" | "top-left" | "top-right" | "bottom-right" | undefined; layout?: "overlay" | "fullscreen" | "sidebar" | "corner"; colors?: { primary?: string; secondary?: string; accent?: string; background?: string; text?: string; border?: string; }; ... 5 more ...; customCss?: string; }' and 'Partial<TemplateConfig>' are incompatible.
      The types of 'position' are incompatible between these types.
        Type '"bottom-left" | "top-left" | "top-right" | "bottom-right" | undefined' is not assignable to type '"bottom-left" | "top-left" | "top-right" | "bottom-right"'.
          Type 'undefined' is not assignable to type '"bottom-left" | "top-left" | "top-right" | "bottom-right"'.
src/hooks/__tests__/useApiSearch.test.ts(1,27): error TS6133: 'waitFor' is declared but its value is never read.
src/hooks/__tests__/useApiSearch.test.ts(70,14): error TS2339: Property 'objectContaining' does not exist on type '(...args: any[]) => any'.
src/hooks/__tests__/useGeminiChat.test.ts(7,1): error TS6133: 'geminiService' is declared but its value is never read.
src/hooks/__tests__/useGeminiChat.test.ts(8,1): error TS6133: 'useChatStore' is declared but its value is never read.
src/hooks/__tests__/useGeminiChat.test.ts(10,1): error TS6133: 'useObsActions' is declared but its value is never read.
src/hooks/__tests__/useGeminiChat.test.ts(61,5): error TS2304: Cannot find name 'mockUseGeminiChat'.
src/hooks/__tests__/useGeminiChat.test.ts(70,41): error TS2554: Expected 2 arguments, but got 0.
src/hooks/__tests__/useGeminiChat.test.ts(73,27): error TS2339: Property 'messages' does not exist on type '{ isLoading: boolean; useGoogleSearch: boolean; setUseGoogleSearch: Dispatch<SetStateAction<boolean>>; contextMessages: string[]; handleAddToContext: (text: string) => void; ... 4 more ...; isDataPartsEnabled: true; }'.
src/hooks/__tests__/useGeminiChat.test.ts(74,27): error TS2339: Property 'isStreaming' does not exist on type '{ isLoading: boolean; useGoogleSearch: boolean; setUseGoogleSearch: Dispatch<SetStateAction<boolean>>; contextMessages: string[]; handleAddToContext: (text: string) => void; ... 4 more ...; isDataPartsEnabled: true; }'.
src/hooks/__tests__/useGeminiChat.test.ts(75,34): error TS2339: Property 'sendMessage' does not exist on type '{ isLoading: boolean; useGoogleSearch: boolean; setUseGoogleSearch: Dispatch<SetStateAction<boolean>>; contextMessages: string[]; handleAddToContext: (text: string) => void; ... 4 more ...; isDataPartsEnabled: true; }'.
src/hooks/__tests__/useGeminiChat.test.ts(76,34): error TS2339: Property 'clearChat' does not exist on type '{ isLoading: boolean; useGoogleSearch: boolean; setUseGoogleSearch: Dispatch<SetStateAction<boolean>>; contextMessages: string[]; handleAddToContext: (text: string) => void; ... 4 more ...; isDataPartsEnabled: true; }'.
src/hooks/__tests__/useGeminiChat.test.ts(81,74): error TS6133: 'prompt' is declared but its value is never read.
src/hooks/__tests__/useGeminiChat.test.ts(81,74): error TS7006: Parameter 'prompt' implicitly has an 'any' type.
src/hooks/__tests__/useGeminiChat.test.ts(81,82): error TS7006: Parameter 'callback' implicitly has an 'any' type.
src/hooks/__tests__/useGeminiChat.test.ts(86,5): error TS2304: Cannot find name 'mockUseGeminiChat'.
src/hooks/__tests__/useGeminiChat.test.ts(99,41): error TS2554: Expected 2 arguments, but got 0.
src/hooks/__tests__/useGeminiChat.test.ts(102,28): error TS2339: Property 'sendMessage' does not exist on type '{ isLoading: boolean; useGoogleSearch: boolean; setUseGoogleSearch: Dispatch<SetStateAction<boolean>>; contextMessages: string[]; handleAddToContext: (text: string) => void; ... 4 more ...; isDataPartsEnabled: true; }'.
src/hooks/__tests__/useGeminiChat.test.ts(105,100): error TS2339: Property 'any' does not exist on type '(...args: any[]) => any'.
src/hooks/__tests__/useGeminiChat.test.ts(110,27): error TS2339: Property 'messages' does not exist on type '{ isLoading: boolean; useGoogleSearch: boolean; setUseGoogleSearch: Dispatch<SetStateAction<boolean>>; contextMessages: string[]; handleAddToContext: (text: string) => void; ... 4 more ...; isDataPartsEnabled: true; }'.
src/hooks/__tests__/useGeminiChat.test.ts(116,5): error TS2304: Cannot find name 'mockUseGeminiChat'.
src/hooks/__tests__/useGeminiChat.test.ts(126,72): error TS18046: 'error' is of type 'unknown'.
src/hooks/__tests__/useGeminiChat.test.ts(133,41): error TS2554: Expected 2 arguments, but got 0.
src/hooks/__tests__/useGeminiChat.test.ts(137,30): error TS2339: Property 'sendMessage' does not exist on type '{ isLoading: boolean; useGoogleSearch: boolean; setUseGoogleSearch: Dispatch<SetStateAction<boolean>>; contextMessages: string[]; handleAddToContext: (text: string) => void; ... 4 more ...; isDataPartsEnabled: true; }'.
src/hooks/__tests__/useGeminiChat.test.ts(148,31): error TS2322: Type '{ role: string; content: string; }' is not assignable to type 'never'.
src/hooks/__tests__/useGeminiChat.test.ts(150,5): error TS2304: Cannot find name 'mockUseGeminiChat'.
src/hooks/__tests__/useGeminiChat.test.ts(157,41): error TS2554: Expected 2 arguments, but got 0.
src/hooks/__tests__/useGeminiChat.test.ts(160,22): error TS2339: Property 'clearChat' does not exist on type '{ isLoading: boolean; useGoogleSearch: boolean; setUseGoogleSearch: Dispatch<SetStateAction<boolean>>; contextMessages: string[]; handleAddToContext: (text: string) => void; ... 4 more ...; isDataPartsEnabled: true; }'.
src/hooks/__tests__/useGeminiChat.test.ts(176,74): error TS6133: 'prompt' is declared but its value is never read.
src/hooks/__tests__/useGeminiChat.test.ts(176,74): error TS7006: Parameter 'prompt' implicitly has an 'any' type.
src/hooks/__tests__/useGeminiChat.test.ts(176,82): error TS7006: Parameter 'callback' implicitly has an 'any' type.
src/hooks/__tests__/useGeminiChat.test.ts(181,5): error TS2304: Cannot find name 'mockUseGeminiChat'.
src/hooks/__tests__/useGeminiChat.test.ts(187,15): error TS6133: 'onStreamEvent' is declared but its value is never read.
src/hooks/__tests__/useGeminiChat.test.ts(189,32): error TS2304: Cannot find name 'mockGenerateStreamingContent'.
src/hooks/__tests__/useGeminiChat.test.ts(197,41): error TS2554: Expected 2 arguments, but got 0.
src/hooks/__tests__/useGeminiChat.test.ts(200,28): error TS2339: Property 'sendMessage' does not exist on type '{ isLoading: boolean; useGoogleSearch: boolean; setUseGoogleSearch: Dispatch<SetStateAction<boolean>>; contextMessages: string[]; handleAddToContext: (text: string) => void; ... 4 more ...; isDataPartsEnabled: true; }'.
src/hooks/__tests__/useGeminiChat.test.ts(208,5): error TS2304: Cannot find name 'mockUseGeminiChat'.
src/hooks/__tests__/useGeminiChat.test.ts(224,41): error TS2554: Expected 2 arguments, but got 0.
src/hooks/__tests__/useGeminiChat.test.ts(227,28): error TS2339: Property 'sendMessage' does not exist on type '{ isLoading: boolean; useGoogleSearch: boolean; setUseGoogleSearch: Dispatch<SetStateAction<boolean>>; contextMessages: string[]; handleAddToContext: (text: string) => void; ... 4 more ...; isDataPartsEnabled: true; }'.
src/hooks/__tests__/useGeminiChat.test.ts(230,93): error TS2339: Property 'any' does not exist on type '(...args: any[]) => any'.
src/hooks/__tests__/useGeminiChat.test.ts(238,7): error TS2322: Type '{ role: string; content: string; }' is not assignable to type 'never'.
src/hooks/__tests__/useGeminiChat.test.ts(239,7): error TS2322: Type '{ role: string; content: string; }' is not assignable to type 'never'.
src/hooks/__tests__/useGeminiChat.test.ts(247,5): error TS2304: Cannot find name 'mockUseGeminiChat'.
src/hooks/__tests__/useGeminiChat.test.ts(260,41): error TS2554: Expected 2 arguments, but got 0.
src/hooks/__tests__/useGeminiChat.test.ts(263,28): error TS2339: Property 'sendMessage' does not exist on type '{ isLoading: boolean; useGoogleSearch: boolean; setUseGoogleSearch: Dispatch<SetStateAction<boolean>>; contextMessages: string[]; handleAddToContext: (text: string) => void; ... 4 more ...; isDataPartsEnabled: true; }'.
src/hooks/__tests__/useGeminiChat.test.ts(268,14): error TS2339: Property 'any' does not exist on type '(...args: any[]) => any'.
src/hooks/__tests__/useGeminiChat.test.ts(269,14): error TS2339: Property 'objectContaining' does not exist on type '(...args: any[]) => any'.
src/hooks/__tests__/useGeminiChat.test.ts(274,11): error TS6133: 'mockToolCall' is declared but its value is never read.
src/hooks/__tests__/useGeminiChat.test.ts(284,5): error TS2304: Cannot find name 'mockUseGeminiChat'.
src/hooks/__tests__/useGeminiChat.test.ts(296,76): error TS18046: 'error' is of type 'unknown'.
src/hooks/__tests__/useGeminiChat.test.ts(304,41): error TS2554: Expected 2 arguments, but got 0.
src/hooks/__tests__/useGeminiChat.test.ts(307,28): error TS2339: Property 'sendMessage' does not exist on type '{ isLoading: boolean; useGoogleSearch: boolean; setUseGoogleSearch: Dispatch<SetStateAction<boolean>>; contextMessages: string[]; handleAddToContext: (text: string) => void; ... 4 more ...; isDataPartsEnabled: true; }'.
src/hooks/useApiSearch.ts(58,15): error TS2559: Type 'string' has no properties in common with type 'Toast'.
src/hooks/useGeminiChat.ts(6,1): error TS6133: 'INITIAL_SYSTEM_PROMPT' is declared but its value is never read.
src/hooks/useGeminiChat.ts(7,1): error TS6133: 'buildMarkdownStylingSystemMessage' is declared but its value is never read.
src/hooks/useGeminiChat.ts(11,15): error TS6196: 'GeminiActionResponse' is declared but never used.
src/hooks/useGeminiChat.ts(12,1): error TS6192: All imports in import declaration are unused.
src/hooks/useGeminiChat.ts(21,60): error TS2339: Property 'isConnected' does not exist on type 'CombinedState'.
src/hooks/useGeminiChat.ts(30,9): error TS6133: 'userDefinedContext' is declared but its value is never read.
src/hooks/useGeminiChat.ts(77,17): error TS2532: Object is possibly 'undefined'.
src/hooks/useGeminiChat.ts(78,17): error TS2532: Object is possibly 'undefined'.
src/hooks/useGeminiChat.ts(79,27): error TS2532: Object is possibly 'undefined'.
src/hooks/useGeminiChat.ts(81,47): error TS2345: Argument of type '{ role: "system" | "user" | "model"; text: string; dataParts: SupportedDataPart[]; }' is not assignable to parameter of type 'Omit<ChatMessage, "id" | "timestamp">'.
  Types of property 'dataParts' are incompatible.
    Type 'import("/home/myrqyry/\uD83D\uDE4F\uFE0F/obs-copilot/src/types/obsActions").SupportedDataPart[]' is not assignable to type 'import("/home/myrqyry/\uD83D\uDE4F\uFE0F/obs-copilot/src/types").SupportedDataPart[]'.
      Type 'import("/home/myrqyry/\uD83D\uDE4F\uFE0F/obs-copilot/src/types/obsActions").SupportedDataPart' is not assignable to type 'import("/home/myrqyry/\uD83D\uDE4F\uFE0F/obs-copilot/src/types").SupportedDataPart' with 'exactOptionalPropertyTypes: true'. Consider adding 'undefined' to the types of the target's properties.
        Type 'SupportedDataPart' is not assignable to type 'MediaDataPart' with 'exactOptionalPropertyTypes: true'. Consider adding 'undefined' to the types of the target's properties.
          Types of property 'type' are incompatible.
            Type 'string' is not assignable to type '"media"'.
src/hooks/useGeminiChat.ts(88,21): error TS2375: Type 'import("/home/myrqyry/\uD83D\uDE4F\uFE0F/obs-copilot/src/types/obsActions").SupportedDataPart' is not assignable to type 'import("/home/myrqyry/\uD83D\uDE4F\uFE0F/obs-copilot/src/types").SupportedDataPart' with 'exactOptionalPropertyTypes: true'. Consider adding 'undefined' to the types of the target's properties.
  Type 'SupportedDataPart' is not assignable to type 'MediaDataPart' with 'exactOptionalPropertyTypes: true'. Consider adding 'undefined' to the types of the target's properties.
    Types of property 'type' are incompatible.
      Type 'string' is not assignable to type '"media"'.
src/hooks/useGeminiChat.ts(95,5): error TS6133: 'handleStreamerBotActionWithDataParts' is declared but its value is never read.
src/hooks/useGeminiChat.ts(96,5): error TS6133: 'buildObsSystemMessage' is declared but its value is never read.
src/hooks/useGeminiChat.ts(98,5): error TS2322: Type 'ObsClientImpl | null' is not assignable to type 'ObsClientImpl'.
  Type 'null' is not assignable to type 'ObsClientImpl'.
src/hooks/useGeminiChat.ts(189,13): error TS6133: 'allSucceeded' is declared but its value is never read.
src/hooks/useGeminiLive.ts(48,25): error TS7006: Parameter 'part' implicitly has an 'any' type.
src/hooks/useGeminiLive.ts(49,22): error TS7006: Parameter 'part' implicitly has an 'any' type.
src/hooks/useObsActions.ts(3,26): error TS6196: 'GeminiActionResponse' is declared but never used.
src/hooks/useObsActions.ts(186,13): error TS2322: Type '{ type: "streamerbot-action"; value: { action: string; args: Record<string, unknown> | undefined; status: "pending"; }; }' is not assignable to type 'SupportedDataPart'.
  The types of 'value.args' are incompatible between these types.
    Type 'Record<string, unknown> | undefined' is not assignable to type 'Record<string, unknown>'.
      Type 'undefined' is not assignable to type 'Record<string, unknown>'.
src/hooks/useObsActions.ts(197,13): error TS2322: Type '{ type: "streamerbot-action"; value: { action: string; args: Record<string, unknown> | undefined; status: "executing"; }; }' is not assignable to type 'SupportedDataPart'.
  The types of 'value.args' are incompatible between these types.
    Type 'Record<string, unknown> | undefined' is not assignable to type 'Record<string, unknown>'.
      Type 'undefined' is not assignable to type 'Record<string, unknown>'.
src/hooks/useObsActions.ts(215,11): error TS2322: Type '{ action: string; args: Record<string, unknown> | undefined; status: "completed"; result: { success: true; }; }' is not assignable to type '{ message: string; progress?: number; status: "error" | "pending" | "in-progress" | "completed"; details?: string; } | { action: string; target?: string; status: "error" | "pending" | "completed" | "executing"; result?: { ...; }; } | { ...; } | { ...; }'.
  Type '{ action: string; args: Record<string, unknown> | undefined; status: "completed"; result: { success: true; }; }' is not assignable to type '{ action: string; args?: Record<string, unknown>; status: "error" | "pending" | "completed" | "executing"; result?: { success: boolean; message?: string; error?: string; }; }' with 'exactOptionalPropertyTypes: true'. Consider adding 'undefined' to the types of the target's properties.
    Types of property 'args' are incompatible.
      Type 'Record<string, unknown> | undefined' is not assignable to type 'Record<string, unknown>'.
        Type 'undefined' is not assignable to type 'Record<string, unknown>'.
src/hooks/useObsActions.ts(234,11): error TS2322: Type '{ action: string; args: Record<string, unknown> | undefined; status: "error"; result: { success: false; error: string; }; }' is not assignable to type '{ message: string; progress?: number; status: "error" | "pending" | "in-progress" | "completed"; details?: string; } | { action: string; target?: string; status: "error" | "pending" | "completed" | "executing"; result?: { ...; }; } | { ...; } | { ...; }'.
  Type '{ action: string; args: Record<string, unknown> | undefined; status: "error"; result: { success: false; error: string; }; }' is not assignable to type '{ action: string; args?: Record<string, unknown>; status: "error" | "pending" | "completed" | "executing"; result?: { success: boolean; message?: string; error?: string; }; }' with 'exactOptionalPropertyTypes: true'. Consider adding 'undefined' to the types of the target's properties.
    Types of property 'args' are incompatible.
      Type 'Record<string, unknown> | undefined' is not assignable to type 'Record<string, unknown>'.
        Type 'undefined' is not assignable to type 'Record<string, unknown>'.
src/hooks/useObsWidget.ts(5,1): error TS6133: 'eventSubscriptionManager' is declared but its value is never read.
src/hooks/useObsWidget.ts(9,30): error TS7016: Could not find a declaration file for module 'uuid'. '/home/myrqyry//obs-copilot/node_modules/.pnpm/uuid@10.0.0/node_modules/uuid/dist/esm-browser/index.js' implicitly has an 'any' type.
  Try `npm i --save-dev @types/uuid` if it exists or add a new declaration (.d.ts) file containing `declare module 'uuid';`
src/hooks/useObsWidget.ts(86,75): error TS2551: Property 'debounce' does not exist on type 'PerformanceConfig'. Did you mean 'debounceMs'?
src/hooks/useObsWidget.ts(93,51): error TS2339: Property 'generateWidgetConfigFromPrompt' does not exist on type 'AIService'.
src/hooks/useOptimizedStoreSelectors.ts(12,39): error TS2304: Cannot find name 'ConnectionState'.
src/hooks/useOverlayGeneration.ts(2,1): error TS6133: 'OverlayConfig' is declared but its value is never read.
src/hooks/usePlugins.ts(44,52): error TS2345: Argument of type 'TabPlugin | undefined' is not assignable to parameter of type 'TabPlugin'.
  Type 'undefined' is not assignable to type 'TabPlugin'.
src/hooks/useStreamerBotConnection.ts(27,15): error TS2559: Type 'string' has no properties in common with type 'Toast'.
src/hooks/useStreamerBotConnection.ts(59,15): error TS2559: Type 'string' has no properties in common with type 'Toast'.
src/hooks/useStreamerBotConnection.ts(88,13): error TS2559: Type 'string' has no properties in common with type 'Toast'.
src/hooks/useTheme.ts(71,29): error TS2345: Argument of type 'string | undefined' is not assignable to parameter of type 'string'.
  Type 'undefined' is not assignable to type 'string'.
src/hooks/useTheme.ts(75,30): error TS2345: Argument of type 'string | undefined' is not assignable to parameter of type 'string'.
  Type 'undefined' is not assignable to type 'string'.
src/hooks/useTheme.ts(201,26): error TS2345: Argument of type 'string | undefined' is not assignable to parameter of type 'string'.
  Type 'undefined' is not assignable to type 'string'.
src/hooks/useTheme.ts(206,59): error TS2345: Argument of type 'string | undefined' is not assignable to parameter of type 'string'.
  Type 'undefined' is not assignable to type 'string'.
src/hooks/useTheme.ts(207,60): error TS2345: Argument of type 'string | undefined' is not assignable to parameter of type 'string'.
  Type 'undefined' is not assignable to type 'string'.
src/hooks/useTheme.ts(208,64): error TS2345: Argument of type 'string | undefined' is not assignable to parameter of type 'string'.
  Type 'undefined' is not assignable to type 'string'.
src/hooks/useTheme.ts(209,60): error TS2345: Argument of type 'string | undefined' is not assignable to parameter of type 'string'.
  Type 'undefined' is not assignable to type 'string'.
src/hooks/useTheme.ts(212,61): error TS2345: Argument of type 'string | undefined' is not assignable to parameter of type 'string'.
  Type 'undefined' is not assignable to type 'string'.
src/hooks/useTheme.ts(213,62): error TS2345: Argument of type 'string | undefined' is not assignable to parameter of type 'string'.
  Type 'undefined' is not assignable to type 'string'.
src/hooks/useTheme.ts(214,66): error TS2345: Argument of type 'string | undefined' is not assignable to parameter of type 'string'.
  Type 'undefined' is not assignable to type 'string'.
src/hooks/useTheme.ts(217,57): error TS2345: Argument of type 'string | undefined' is not assignable to parameter of type 'string'.
  Type 'undefined' is not assignable to type 'string'.
src/hooks/useTheme.ts(218,72): error TS2345: Argument of type 'string | undefined' is not assignable to parameter of type 'string'.
  Type 'undefined' is not assignable to type 'string'.
src/hooks/useTheme.ts(219,73): error TS2345: Argument of type 'string | undefined' is not assignable to parameter of type 'string'.
  Type 'undefined' is not assignable to type 'string'.
src/hooks/useTheme.ts(223,57): error TS2345: Argument of type 'string | undefined' is not assignable to parameter of type 'string'.
  Type 'undefined' is not assignable to type 'string'.
src/hooks/useTheme.ts(224,59): error TS2345: Argument of type 'string | undefined' is not assignable to parameter of type 'string'.
  Type 'undefined' is not assignable to type 'string'.
src/hooks/useTheme.ts(225,64): error TS2345: Argument of type 'string | undefined' is not assignable to parameter of type 'string'.
  Type 'undefined' is not assignable to type 'string'.
src/hooks/useTheme.ts(228,54): error TS2345: Argument of type 'string | undefined' is not assignable to parameter of type 'string'.
  Type 'undefined' is not assignable to type 'string'.
src/hooks/useTheme.ts(229,62): error TS2345: Argument of type 'string | undefined' is not assignable to parameter of type 'string'.
  Type 'undefined' is not assignable to type 'string'.
src/hooks/useTheme.ts(236,46): error TS2345: Argument of type 'string | undefined' is not assignable to parameter of type 'string | null'.
  Type 'undefined' is not assignable to type 'string | null'.
src/hooks/useTheme.ts(237,56): error TS2345: Argument of type 'string | undefined' is not assignable to parameter of type 'string | null'.
  Type 'undefined' is not assignable to type 'string | null'.
src/hooks/useTheme.ts(252,71): error TS2345: Argument of type 'string | undefined' is not assignable to parameter of type 'string'.
  Type 'undefined' is not assignable to type 'string'.
src/hooks/useTheme.ts(253,81): error TS2345: Argument of type 'string | undefined' is not assignable to parameter of type 'string'.
  Type 'undefined' is not assignable to type 'string'.
src/hooks/useTheme.ts(265,30): error TS2345: Argument of type 'string | undefined' is not assignable to parameter of type 'string'.
  Type 'undefined' is not assignable to type 'string'.
src/hooks/useTheme.ts(269,59): error TS2345: Argument of type 'string | undefined' is not assignable to parameter of type 'string'.
  Type 'undefined' is not assignable to type 'string'.
src/hooks/useTheme.ts(270,58): error TS2345: Argument of type 'string | undefined' is not assignable to parameter of type 'string'.
  Type 'undefined' is not assignable to type 'string'.
src/hooks/useTheme.ts(273,48): error TS2345: Argument of type 'string | undefined' is not assignable to parameter of type 'string | null'.
  Type 'undefined' is not assignable to type 'string | null'.
src/hooks/useTheme.ts(274,58): error TS2345: Argument of type 'string | undefined' is not assignable to parameter of type 'string | null'.
  Type 'undefined' is not assignable to type 'string | null'.
src/hooks/useTheme.ts(277,50): error TS2345: Argument of type 'string | undefined' is not assignable to parameter of type 'string'.
  Type 'undefined' is not assignable to type 'string'.
src/hooks/useTheme.ts(278,49): error TS2345: Argument of type 'string | undefined' is not assignable to parameter of type 'string'.
  Type 'undefined' is not assignable to type 'string'.
src/hooks/useTheme.ts(297,56): error TS2345: Argument of type 'string | undefined' is not assignable to parameter of type 'string'.
  Type 'undefined' is not assignable to type 'string'.
src/hooks/useTheme.ts(302,61): error TS2345: Argument of type 'string | undefined' is not assignable to parameter of type 'string'.
  Type 'undefined' is not assignable to type 'string'.
src/hooks/useTheme.ts(304,56): error TS2345: Argument of type 'string | undefined' is not assignable to parameter of type 'string'.
  Type 'undefined' is not assignable to type 'string'.
src/hooks/useTheme.ts(305,63): error TS2345: Argument of type 'string | undefined' is not assignable to parameter of type 'string'.
  Type 'undefined' is not assignable to type 'string'.
src/hooks/useTheme.ts(306,58): error TS2345: Argument of type 'string | undefined' is not assignable to parameter of type 'string'.
  Type 'undefined' is not assignable to type 'string'.
src/hooks/useTheme.ts(309,58): error TS2345: Argument of type 'string | undefined' is not assignable to parameter of type 'string'.
  Type 'undefined' is not assignable to type 'string'.
src/lib/errorUtils.ts(36,34): error TS2379: Argument of type '{ message: string; source: string; level: "info" | "error" | "warning" | "critical"; details: { stack: string | undefined; } | undefined; }' is not assignable to parameter of type 'Omit<AppError, "id" | "timestamp" | "isDismissed">' with 'exactOptionalPropertyTypes: true'. Consider adding 'undefined' to the types of the target's properties.
  Types of property 'details' are incompatible.
    Type '{ stack: string | undefined; } | undefined' is not assignable to type 'Record<string, any>'.
      Type 'undefined' is not assignable to type 'Record<string, any>'.
src/lib/utils.ts(121,18): error TS18048: 'header' is possibly 'undefined'.
src/lib/utils.ts(122,23): error TS2769: No overload matches this call.
  Overload 1 of 2, '(data: string): string', gave the following error.
    Argument of type 'string | undefined' is not assignable to parameter of type 'string'.
      Type 'undefined' is not assignable to type 'string'.
  Overload 2 of 2, '(data: string): string', gave the following error.
    Argument of type 'string | undefined' is not assignable to parameter of type 'string'.
      Type 'undefined' is not assignable to type 'string'.
src/lib/utils.ts(128,36): error TS2379: Argument of type '{ type: string | undefined; }' is not assignable to parameter of type 'BlobPropertyBag' with 'exactOptionalPropertyTypes: true'. Consider adding 'undefined' to the types of the target's properties.
  Types of property 'type' are incompatible.
    Type 'string | undefined' is not assignable to type 'string'.
      Type 'undefined' is not assignable to type 'string'.
src/middleware/searchKnowledgeBase.ts(25,26): error TS18048: 'frontmatter' is possibly 'undefined'.
src/middleware/searchKnowledgeBase.ts(26,25): error TS18048: 'frontmatter' is possibly 'undefined'.
src/middleware/searchKnowledgeBase.ts(28,9): error TS2322: Type 'string | undefined' is not assignable to type 'string'.
  Type 'undefined' is not assignable to type 'string'.
src/middleware/searchKnowledgeBase.ts(30,27): error TS2532: Object is possibly 'undefined'.
src/plugins/automation/AutomationTab.tsx(19,10): error TS6133: 'errorMessage' is declared but its value is never read.
src/plugins/automation/AutomationTab.tsx(24,5): error TS2339: Property 'isConnected' does not exist on type 'CombinedState'.
src/plugins/automation/AutomationTab.tsx(49,5): error TS2353: Object literal may only specify known properties, and 'onAddMessage' does not exist in type 'UseObsActionsProps'.
src/plugins/automation/AutomationTab.tsx(98,29): error TS6133: 'eventName' is declared but its value is never read.
src/plugins/automation/AutomationTab.tsx(305,8): error TS2375: Type '{ isOpen: boolean; onClose: () => void; editingRule: AutomationRule | undefined; }' is not assignable to type 'AutomationRuleBuilderProps' with 'exactOptionalPropertyTypes: true'. Consider adding 'undefined' to the types of the target's properties.
  Types of property 'editingRule' are incompatible.
    Type 'AutomationRule | undefined' is not assignable to type 'AutomationRule | null'.
      Type 'undefined' is not assignable to type 'AutomationRule | null'.
src/plugins/core/ActionParameterMapper.tsx(46,33): error TS2322: Type '{ id: string; type: "number"; value: string; onValueChange: (val: any) => void; className: string; }' is not assignable to type 'IntrinsicAttributes & TextInputProps'.
  Property 'onValueChange' does not exist on type 'IntrinsicAttributes & TextInputProps'. Did you mean 'onVolumeChange'?
src/plugins/core/ActionParameterMapper.tsx(46,49): error TS7006: Parameter 'val' implicitly has an 'any' type.
src/plugins/core/ActionParameterMapper.tsx(55,33): error TS2322: Type '{ id: string; type: "text"; value: any; onValueChange: (val: any) => void; className: string; }' is not assignable to type 'IntrinsicAttributes & TextInputProps'.
  Property 'onValueChange' does not exist on type 'IntrinsicAttributes & TextInputProps'. Did you mean 'onVolumeChange'?
src/plugins/core/ActionParameterMapper.tsx(55,49): error TS7006: Parameter 'val' implicitly has an 'any' type.
src/plugins/core/ActionParameterMapper.tsx(64,33): error TS2322: Type '{ id: string; type: "text"; value: string; onValueChange: (val: any) => void; className: string; disabled: true; }' is not assignable to type 'IntrinsicAttributes & TextInputProps'.
  Property 'onValueChange' does not exist on type 'IntrinsicAttributes & TextInputProps'. Did you mean 'onVolumeChange'?
src/plugins/core/ActionParameterMapper.tsx(64,49): error TS7006: Parameter 'val' implicitly has an 'any' type.
src/plugins/core/ConnectionForm.tsx(8,15): error TS2305: Module '"@/types/connections"' has no exported member 'ConnectionProfile'.
src/plugins/core/ConnectionForm.tsx(8,34): error TS2305: Module '"@/types/connections"' has no exported member 'ObsConnectionProfile'.
src/plugins/core/ConnectionForm.tsx(8,56): error TS2305: Module '"@/types/connections"' has no exported member 'StreamerbotConnectionProfile'.
src/plugins/core/ConnectionForm.tsx(8,86): error TS2724: '"@/types/connections"' has no exported member named 'ConnectionType'. Did you mean 'ConnectionState'?
src/plugins/core/ConnectionForm.tsx(15,5): error TS2322: Type 'string | boolean' is not assignable to type 'boolean'.
  Type 'string' is not assignable to type 'boolean'.
src/plugins/core/ConnectionPanel.tsx(5,10): error TS2305: Module '"@/types/connections"' has no exported member 'ConnectionProfile'.
src/plugins/core/ConnectionPanel.tsx(5,29): error TS2305: Module '"@/types/connections"' has no exported member 'ObsConnectionProfile'.
src/plugins/core/ConnectionPanel.tsx(5,51): error TS2305: Module '"@/types/connections"' has no exported member 'StreamerbotConnectionProfile'.
src/plugins/core/ConnectionPanel.tsx(71,13): error TS2322: Type '{ isConnected: boolean; isConnecting: boolean; error: boolean; }' is not assignable to type 'IntrinsicAttributes & ConnectionStatusIconProps'.
  Property 'isConnected' does not exist on type 'IntrinsicAttributes & ConnectionStatusIconProps'.
src/plugins/core/ConnectionsTab.tsx(5,10): error TS2305: Module '"@/types/connections"' has no exported member 'ConnectionProfile'.
src/plugins/core/GeminiTab.tsx(5,10): error TS6133: 'errorMessage' is declared but its value is never read.
src/plugins/core/GenerateTab.tsx(2,1): error TS6192: All imports in import declaration are unused.
src/plugins/core/GenerateTab.tsx(13,3): error TS6133: 'Download' is declared but its value is never read.
src/plugins/core/GenerateTab.tsx(15,3): error TS6133: 'Palette' is declared but its value is never read.
src/plugins/core/GenerateTab.tsx(17,3): error TS6133: 'Headphones' is declared but its value is never read.
src/plugins/core/NewObsStudioTab.tsx(17,9): error TS6133: 'removeWidget' is declared but its value is never read.
src/plugins/core/NewObsStudioTab.tsx(41,25): error TS2339: Property 'sceneName' does not exist on type 'ObsWidgetConfig'.
  Property 'sceneName' does not exist on type 'BaseWidgetConfig & { type: "action"; action: "toggle_mute"; sourceName: string; }'.
src/plugins/core/NewObsStudioTab.tsx(42,26): error TS2339: Property 'sourceName' does not exist on type 'ObsWidgetConfig'.
  Property 'sourceName' does not exist on type 'BaseWidgetConfig & { type: "action"; action: "switch_scene"; sceneName: string; }'.
src/plugins/core/ObsControlsTab.tsx(2,10): error TS2614: Module '"react-grid-layout"' has no exported member 'Responsive'. Did you mean to use 'import Responsive from "react-grid-layout"' instead?
src/plugins/core/ObsControlsTab.tsx(3,26): error TS6133: 'Save' is declared but its value is never read.
src/plugins/core/ObsControlsTab.tsx(5,29): error TS6133: 'CardHeader' is declared but its value is never read.
src/plugins/core/ObsControlsTab.tsx(6,16): error TS6133: 'TabsContent' is declared but its value is never read.
src/plugins/core/ObsControlsTab.tsx(31,5): error TS6133: 'createWidgetGroup' is declared but its value is never read.
src/plugins/core/ObsControlsTab.tsx(32,5): error TS6133: 'updateWidgetGroup' is declared but its value is never read.
src/plugins/core/ObsControlsTab.tsx(50,27): error TS2339: Property 'addToast' does not exist on type 'UiStore'.
src/plugins/core/ObsControlsTab.tsx(99,43): error TS6133: 'layout' is declared but its value is never read.
src/plugins/core/ObsControlsTab.tsx(247,22): error TS2604: JSX element type 'UniversalWidgetEngine' does not have any construct or call signatures.
src/plugins/core/ObsControlsTab.tsx(247,22): error TS2786: 'UniversalWidgetEngine' cannot be used as a JSX component.
  Its type 'UniversalWidgetEngine' is not a valid JSX element type.
src/plugins/core/ObsControlsTab.tsx(249,34): error TS7006: Parameter 'id' implicitly has an 'any' type.
src/plugins/core/ObsControlsTab.tsx(249,38): error TS7006: Parameter 'value' implicitly has an 'any' type.
src/plugins/core/ObsControlsTab.tsx(266,22): error TS2604: JSX element type 'UniversalWidgetEngine' does not have any construct or call signatures.
src/plugins/core/ObsControlsTab.tsx(266,22): error TS2786: 'UniversalWidgetEngine' cannot be used as a JSX component.
  Its type 'UniversalWidgetEngine' is not a valid JSX element type.
src/plugins/core/ObsControlsTab.tsx(268,34): error TS7006: Parameter 'id' implicitly has an 'any' type.
src/plugins/core/ObsControlsTab.tsx(268,38): error TS7006: Parameter 'value' implicitly has an 'any' type.
src/plugins/core/ObsWidgetConfigModal.tsx(57,27): error TS2339: Property 'action' does not exist on type 'Partial<ObsWidgetConfig>'.
  Property 'action' does not exist on type 'Partial<ControlConfig>'.
src/plugins/core/ObsWidgetConfigModal.tsx(57,63): error TS2339: Property 'sceneName' does not exist on type 'Partial<ObsWidgetConfig>'.
  Property 'sceneName' does not exist on type 'Partial<BaseWidgetConfig & { type: "action"; action: "toggle_mute"; sourceName: string; }>'.
src/plugins/core/ObsWidgetConfigModal.tsx(105,14): error TS2375: Type '{ children: Element[]; onValueChange: (widgetType: WidgetType) => void; value: "action" | "control" | undefined; }' is not assignable to type '{ value?: string; defaultValue?: string; onValueChange?(value: string): void; }' with 'exactOptionalPropertyTypes: true'. Consider adding 'undefined' to the types of the target's properties.
  Types of property 'value' are incompatible.
    Type 'string | undefined' is not assignable to type 'string'.
      Type 'undefined' is not assignable to type 'string'.
src/plugins/core/SettingsTab.tsx(18,35): error TS6196: 'ChatPattern' is declared but never used.
src/plugins/core/SettingsTab.tsx(19,1): error TS6133: 'generatePatternCSS' is declared but its value is never read.
src/plugins/core/SettingsTab.tsx(289,17): error TS2322: Type '{ value: number[]; onValueChange: (value: any) => void; min: number; max: number; step: number; }' is not assignable to type 'IntrinsicAttributes & SliderProps'.
  Property 'onValueChange' does not exist on type 'IntrinsicAttributes & SliderProps'.
src/plugins/core/SettingsTab.tsx(289,33): error TS7006: Parameter 'value' implicitly has an 'any' type.
src/plugins/core/SettingsTab.tsx(318,34): error TS2375: Type '{ userColor: string; modelColor: string; flipSides: boolean; extraDarkMode: boolean; customBackground: string | undefined; bubbleFillOpacity: number; secondaryAccent: CatppuccinAccentColorName; chatBubbleBlendMode: MixBlendMode | undefined; }' is not assignable to type 'ChatBubblePreviewProps' with 'exactOptionalPropertyTypes: true'. Consider adding 'undefined' to the types of the target's properties.
  Types of property 'customBackground' are incompatible.
    Type 'string | undefined' is not assignable to type 'string'.
      Type 'undefined' is not assignable to type 'string'.
src/plugins/core/StreamingAssetsTab.tsx(2,29): error TS6133: 'CardHeader' is declared but its value is never read.
src/plugins/core/StreamingAssetsTab.tsx(2,41): error TS6133: 'CardTitle' is declared but its value is never read.
src/plugins/core/StreamingAssetsTab.tsx(3,16): error TS6133: 'TabsContent' is declared but its value is never read.
src/plugins/core/StreamingAssetsTab.tsx(5,20): error TS6133: 'Download' is declared but its value is never read.
src/plugins/core/UniversalWidgetConfigModal.tsx(28,5): error TS2322: Type '""' is not assignable to type '"createInput" | "setInputSettings" | "setSceneItemEnabled" | "getInputSettings" | "getSceneItemList" | "setCurrentProgramScene" | "setVideoSettings" | "createScene" | "removeInput" | ... 92 more ... | "setStreamInfo"'.
src/plugins/core/UniversalWidgetConfigModal.tsx(29,5): error TS2322: Type '""' is not assignable to type 'TargetType'.
src/plugins/core/UniversalWidgetConfigModal.tsx(36,35): error TS2339: Property 'parameters' does not exist on type 'UniversalWidgetConfig'.
src/plugins/core/UniversalWidgetConfigModal.tsx(50,30): error TS2339: Property 'parameters' does not exist on type 'UniversalWidgetConfig'.
src/plugins/core/UniversalWidgetConfigModal.tsx(68,31): error TS2353: Object literal may only specify known properties, and 'config' does not exist in type 'Partial<WidgetState>'.
src/plugins/core/UniversalWidgetConfigModal.tsx(80,12): error TS2739: Type '{ onSelect: (template: any) => void; id: string; }' is missing the following properties from type 'WidgetTemplateSelectorProps': name, controlType, actionType, targetType
src/plugins/core/UniversalWidgetConfigModal.tsx(83,50): error TS2322: Type '{ children: Element; title: string; defaultOpen: boolean; }' is not assignable to type 'IntrinsicAttributes & CollapsibleSectionProps'.
  Property 'defaultOpen' does not exist on type 'IntrinsicAttributes & CollapsibleSectionProps'.
src/plugins/core/UniversalWidgetConfigModal.tsx(89,50): error TS2322: Type '{ children: Element; title: string; defaultOpen: boolean; }' is not assignable to type 'IntrinsicAttributes & CollapsibleSectionProps'.
  Property 'defaultOpen' does not exist on type 'IntrinsicAttributes & CollapsibleSectionProps'.
src/plugins/core/UniversalWidgetConfigModal.tsx(110,45): error TS2322: Type '{ children: Element; title: string; defaultOpen: boolean; }' is not assignable to type 'IntrinsicAttributes & CollapsibleSectionProps'.
  Property 'defaultOpen' does not exist on type 'IntrinsicAttributes & CollapsibleSectionProps'.
src/plugins/core/components/WidgetConfigPanel.tsx(2,33): error TS6133: 'Eye' is declared but its value is never read.
src/plugins/core/components/WidgetConfigPanel.tsx(2,38): error TS6133: 'EyeOff' is declared but its value is never read.
src/plugins/core/components/WidgetConfigPanel.tsx(9,1): error TS6133: 'Slider' is declared but its value is never read.
src/plugins/core/components/WidgetConfigPanel.tsx(12,8): error TS6133: 'useWidgetStore' is declared but its value is never read.
src/plugins/core/components/WidgetConfigPanel.tsx(54,31): error TS2538: Type 'undefined' cannot be used as an index type.
src/plugins/core/components/WidgetConfigPanel.tsx(54,55): error TS2538: Type 'undefined' cannot be used as an index type.
src/plugins/core/components/WidgetConfigPanel.tsx(56,17): error TS2538: Type 'undefined' cannot be used as an index type.
src/plugins/core/components/WidgetConfigPanel.tsx(112,20): error TS2375: Type '{ children: Element[]; value: WidgetControlType | undefined; onValueChange: (value: string) => void; }' is not assignable to type '{ value?: string; defaultValue?: string; onValueChange?(value: string): void; }' with 'exactOptionalPropertyTypes: true'. Consider adding 'undefined' to the types of the target's properties.
  Types of property 'value' are incompatible.
    Type 'import("/home/myrqyry/\uD83D\uDE4F\uFE0F/obs-copilot/src/types/universalWidget").WidgetControlType | undefined' is not assignable to type 'string'.
      Type 'undefined' is not assignable to type 'string'.
src/plugins/core/components/WidgetConfigPanel.tsx(174,40): error TS2339: Property 'obsConfig' does not exist on type 'Partial<UniversalWidgetConfig>'.
src/plugins/core/components/WidgetConfigPanel.tsx(185,42): error TS2339: Property 'obsConfig' does not exist on type 'Partial<UniversalWidgetConfig>'.
src/plugins/core/components/WidgetConfigPanel.tsx(234,54): error TS2339: Property 'color' does not exist on type 'VisualWidgetConfig'.
src/plugins/core/components/WidgetPalette.tsx(4,29): error TS6133: 'CardHeader' is declared but its value is never read.
src/plugins/core/components/WidgetPalette.tsx(4,41): error TS6133: 'CardTitle' is declared but its value is never read.
src/plugins/core/components/WidgetPalette.tsx(39,7): error TS2353: Object literal may only specify known properties, and 'obsConfig' does not exist in type 'Partial<UniversalWidgetConfig>'.
src/plugins/core/components/WidgetPalette.tsx(55,7): error TS2353: Object literal may only specify known properties, and 'obsConfig' does not exist in type 'Partial<UniversalWidgetConfig>'.
src/plugins/core/components/WidgetPalette.tsx(70,7): error TS2353: Object literal may only specify known properties, and 'obsConfig' does not exist in type 'Partial<UniversalWidgetConfig>'.
src/plugins/core/components/WidgetPalette.tsx(87,7): error TS2353: Object literal may only specify known properties, and 'obsConfig' does not exist in type 'Partial<UniversalWidgetConfig>'.
src/plugins/core/components/WidgetPalette.tsx(105,7): error TS2353: Object literal may only specify known properties, and 'obsConfig' does not exist in type 'Partial<UniversalWidgetConfig>'.
src/plugins/core/components/WidgetPalette.tsx(125,7): error TS2353: Object literal may only specify known properties, and 'obsConfig' does not exist in type 'Partial<UniversalWidgetConfig>'.
src/plugins/core/components/WidgetPalette.tsx(145,7): error TS2353: Object literal may only specify known properties, and 'obsConfig' does not exist in type 'Partial<UniversalWidgetConfig>'.
src/plugins/core/components/WidgetPalette.tsx(160,9): error TS6198: All destructured elements are unused.
src/plugins/core/components/WidgetPalette.tsx(180,42): error TS2339: Property 'obsConfig' does not exist on type 'Partial<UniversalWidgetConfig>'.
src/plugins/core/components/WidgetPalette.tsx(187,9): error TS2353: Object literal may only specify known properties, and 'color' does not exist in type 'VisualWidgetConfig'.
src/plugins/core/components/WidgetPalette.tsx(266,48): error TS2322: Type '{ children: WidgetControlType; variant: "outline"; size: string; }' is not assignable to type 'IntrinsicAttributes & BadgeProps'.
  Property 'size' does not exist on type 'IntrinsicAttributes & BadgeProps'.
src/plugins/core/components/WidgetPalette.tsx(269,50): error TS2322: Type '{ children: string; variant: "secondary"; size: string; }' is not assignable to type 'IntrinsicAttributes & BadgeProps'.
  Property 'size' does not exist on type 'IntrinsicAttributes & BadgeProps'.
src/plugins/core/components/WidgetPalette.tsx(289,44): error TS2345: Argument of type 'WidgetTemplate | undefined' is not assignable to parameter of type 'WidgetTemplate'.
  Type 'undefined' is not assignable to type 'WidgetTemplate'.
src/plugins/core/components/WidgetPalette.tsx(298,44): error TS2345: Argument of type 'WidgetTemplate | undefined' is not assignable to parameter of type 'WidgetTemplate'.
  Type 'undefined' is not assignable to type 'WidgetTemplate'.
src/plugins/emote-wall/EmoteWallTab.tsx(17,35): error TS2322: Type 'EmoteWallTheme | undefined' is not assignable to type 'EmoteWallTheme'.
  Type 'undefined' is not assignable to type 'EmoteWallTheme'.
src/plugins/twitch-chat/TwitchChat.tsx(9,1): error TS6133: 'ChatConnectionInput' is declared but its value is never read.
src/plugins/twitch-chat/TwitchChat.tsx(28,10): error TS6133: 'isAtBottom' is declared but its value is never read.
src/plugins/twitch-chat/TwitchChat.tsx(118,17): error TS18048: 'selectedTheme' is possibly 'undefined'.
src/plugins/twitch-chat/TwitchChat.tsx(119,17): error TS18048: 'selectedTheme' is possibly 'undefined'.
src/plugins/twitch-chat/TwitchChat.tsx(120,18): error TS18048: 'selectedTheme' is possibly 'undefined'.
src/plugins/twitch-chat/TwitchChat.tsx(121,21): error TS18048: 'selectedTheme' is possibly 'undefined'.
src/plugins/twitch-chat/TwitchChat.tsx(122,25): error TS18048: 'selectedTheme' is possibly 'undefined'.
src/plugins/twitch-chat/TwitchChat.tsx(123,26): error TS18048: 'selectedTheme' is possibly 'undefined'.
src/plugins/twitch-chat/TwitchChat.tsx(181,81): error TS18048: 'selectedTheme' is possibly 'undefined'.
src/services/__mocks__/obs-websocket-js.ts(1,21): error TS2708: Cannot use namespace 'jest' as a value.
src/services/__mocks__/obs-websocket-js.ts(2,24): error TS2708: Cannot use namespace 'jest' as a value.
src/services/__mocks__/obs-websocket-js.ts(3,18): error TS2708: Cannot use namespace 'jest' as a value.
src/services/__mocks__/obs-websocket-js.ts(4,16): error TS2708: Cannot use namespace 'jest' as a value.
src/services/__mocks__/obs-websocket-js.ts(6,22): error TS2708: Cannot use namespace 'jest' as a value.
src/services/__mocks__/obsClient.ts(1,28): error TS2708: Cannot use namespace 'jest' as a value.
src/services/__mocks__/obsClient.ts(2,31): error TS2708: Cannot use namespace 'jest' as a value.
src/services/__mocks__/obsClient.ts(3,25): error TS2708: Cannot use namespace 'jest' as a value.
src/services/__mocks__/obsClient.ts(4,23): error TS2708: Cannot use namespace 'jest' as a value.
src/services/__mocks__/obsClient.ts(6,30): error TS2708: Cannot use namespace 'jest' as a value.
src/services/__mocks__/obsClient.ts(12,19): error TS2708: Cannot use namespace 'jest' as a value.
src/services/__mocks__/obsClient.ts(13,29): error TS2708: Cannot use namespace 'jest' as a value.
src/services/__mocks__/obsClient.ts(14,22): error TS2708: Cannot use namespace 'jest' as a value.
src/services/__mocks__/obsClient.ts(15,22): error TS2708: Cannot use namespace 'jest' as a value.
src/services/__mocks__/obsClient.ts(16,23): error TS2708: Cannot use namespace 'jest' as a value.
src/services/__mocks__/obsClient.ts(17,23): error TS2708: Cannot use namespace 'jest' as a value.
src/services/__tests__/ObsClient.test.ts(87,1): error TS6133: 'OBSWebSocket' is declared but its value is never read.
src/services/__tests__/ObsClient.test.ts(132,7): error TS6133: 'mockConsoleInfo' is declared but its value is never read.
src/services/__tests__/ObsClient.test.ts(133,7): error TS6133: 'mockConsoleError' is declared but its value is never read.
src/services/__tests__/ObsClient.test.ts(137,16): error TS2503: Cannot find namespace 'vi'.
src/services/__tests__/ObsClient.test.ts(137,26): error TS2709: Cannot use namespace 'OBSWebSocket' as a type.
src/services/__tests__/ObsClient.test.ts(244,7): error TS2304: Cannot find name 'fail'.
src/services/__tests__/ObsClient.test.ts(251,49): error TS2339: Property 'objectContaining' does not exist on type '(...args: any[]) => any'.
src/services/__tests__/ObsClient.test.ts(253,29): error TS2339: Property 'stringContaining' does not exist on type '(...args: any[]) => any'.
src/services/__tests__/ObsClient.test.ts(271,7): error TS2304: Cannot find name 'fail'.
src/services/__tests__/ObsClient.test.ts(278,49): error TS2339: Property 'objectContaining' does not exist on type '(...args: any[]) => any'.
src/services/__tests__/ObsClient.test.ts(280,29): error TS2339: Property 'stringContaining' does not exist on type '(...args: any[]) => any'.
src/services/__tests__/ObsClient.test.ts(317,57): error TS2339: Property 'stringContaining' does not exist on type '(...args: any[]) => any'.
src/services/__tests__/ObsClient.test.ts(335,53): error TS2339: Property 'objectContaining' does not exist on type '(...args: any[]) => any'.
src/services/__tests__/ObsClient.test.ts(338,23): error TS2339: Property 'objectContaining' does not exist on type '(...args: any[]) => any'.
src/services/__tests__/ObsClient.test.ts(345,16): error TS2503: Cannot find namespace 'vi'.
src/services/__tests__/ObsClient.test.ts(345,26): error TS2709: Cannot use namespace 'OBSWebSocket' as a type.
src/services/__tests__/ObsClient.test.ts(365,41): error TS2503: Cannot find namespace 'vi'.
src/services/__tests__/ObsClient.test.ts(365,51): error TS2709: Cannot use namespace 'OBSWebSocket' as a type.
src/services/__tests__/ObsClient.test.ts(368,36): error TS7006: Parameter 'event' implicitly has an 'any' type.
src/services/__tests__/ObsClient.test.ts(368,43): error TS7006: Parameter 'listener' implicitly has an 'any' type.
src/services/__tests__/ObsClient.test.ts(400,72): error TS2339: Property 'any' does not exist on type '(...args: any[]) => any'.
src/services/__tests__/ObsClient.test.ts(499,16): error TS2503: Cannot find namespace 'vi'.
src/services/__tests__/ObsClient.test.ts(499,26): error TS2709: Cannot use namespace 'OBSWebSocket' as a type.
src/services/__tests__/ObsClient.test.ts(501,20): error TS2503: Cannot find namespace 'vi'.
src/services/__tests__/ObsClient.test.ts(517,41): error TS2503: Cannot find namespace 'vi'.
src/services/__tests__/ObsClient.test.ts(517,51): error TS2709: Cannot use namespace 'OBSWebSocket' as a type.
src/services/__tests__/ObsClient.test.ts(524,11): error TS6133: 'mockUseUiStore' is declared but its value is never read.
src/services/__tests__/ObsClient.test.ts(559,27): error TS2503: Cannot find namespace 'vi'.
src/services/__tests__/ObsClient.test.ts(571,11): error TS6133: 'reconnectStart' is declared but its value is never read.
src/services/__tests__/ObsClient.test.ts(601,53): error TS2339: Property 'objectContaining' does not exist on type '(...args: any[]) => any'.
src/services/__tests__/geminiService.test.ts(2,1): error TS2304: Cannot find name 'vi'.
src/services/__tests__/geminiService.test.ts(4,11): error TS2304: Cannot find name 'vi'.
src/services/__tests__/geminiService.test.ts(10,1): error TS2304: Cannot find name 'vi'.
src/services/__tests__/geminiService.test.ts(11,19): error TS2304: Cannot find name 'vi'.
src/services/__tests__/geminiService.test.ts(15,1): error TS2304: Cannot find name 'vi'.
src/services/__tests__/geminiService.test.ts(16,21): error TS2304: Cannot find name 'vi'.
src/services/__tests__/geminiService.test.ts(20,1): error TS2304: Cannot find name 'vi'.
src/services/__tests__/geminiService.test.ts(32,1): error TS2304: Cannot find name 'vi'.
src/services/__tests__/geminiService.test.ts(34,11): error TS2304: Cannot find name 'vi'.
src/services/__tests__/geminiService.test.ts(39,1): error TS2304: Cannot find name 'vi'.
src/services/__tests__/geminiService.test.ts(40,18): error TS2304: Cannot find name 'vi'.
src/services/__tests__/geminiService.test.ts(51,1): error TS2582: Cannot find name 'describe'. Do you need to install type definitions for a test runner? Try `npm i --save-dev @types/jest` or `npm i --save-dev @types/mocha`.
src/services/__tests__/geminiService.test.ts(52,20): error TS2304: Cannot find name 'vi'.
src/services/__tests__/geminiService.test.ts(53,20): error TS2503: Cannot find namespace 'vi'.
src/services/__tests__/geminiService.test.ts(55,3): error TS2304: Cannot find name 'beforeEach'.
src/services/__tests__/geminiService.test.ts(56,5): error TS2304: Cannot find name 'vi'.
src/services/__tests__/geminiService.test.ts(57,19): error TS2304: Cannot find name 'vi'.
src/services/__tests__/geminiService.test.ts(59,24): error TS2503: Cannot find namespace 'vi'.
src/services/__tests__/geminiService.test.ts(60,26): error TS2503: Cannot find namespace 'vi'.
src/services/__tests__/geminiService.test.ts(61,23): error TS2503: Cannot find namespace 'vi'.
src/services/__tests__/geminiService.test.ts(64,3): error TS2304: Cannot find name 'afterEach'.
src/services/__tests__/geminiService.test.ts(68,3): error TS2582: Cannot find name 'describe'. Do you need to install type definitions for a test runner? Try `npm i --save-dev @types/jest` or `npm i --save-dev @types/mocha`.
src/services/__tests__/geminiService.test.ts(69,5): error TS2582: Cannot find name 'it'. Do you need to install type definitions for a test runner? Try `npm i --save-dev @types/jest` or `npm i --save-dev @types/mocha`.
src/services/__tests__/geminiService.test.ts(75,7): error TS2304: Cannot find name 'expect'.
src/services/__tests__/geminiService.test.ts(84,7): error TS2304: Cannot find name 'expect'.
src/services/__tests__/geminiService.test.ts(87,5): error TS2582: Cannot find name 'it'. Do you need to install type definitions for a test runner? Try `npm i --save-dev @types/jest` or `npm i --save-dev @types/mocha`.
src/services/__tests__/geminiService.test.ts(100,7): error TS2304: Cannot find name 'expect'.
src/services/__tests__/geminiService.test.ts(111,5): error TS2582: Cannot find name 'it'. Do you need to install type definitions for a test runner? Try `npm i --save-dev @types/jest` or `npm i --save-dev @types/mocha`.
src/services/__tests__/geminiService.test.ts(115,13): error TS2304: Cannot find name 'expect'.
src/services/__tests__/geminiService.test.ts(116,7): error TS2304: Cannot find name 'expect'.
src/services/__tests__/geminiService.test.ts(124,5): error TS2582: Cannot find name 'it'. Do you need to install type definitions for a test runner? Try `npm i --save-dev @types/jest` or `npm i --save-dev @types/mocha`.
src/services/__tests__/geminiService.test.ts(128,13): error TS2304: Cannot find name 'expect'.
src/services/__tests__/geminiService.test.ts(129,7): error TS2304: Cannot find name 'expect'.
src/services/__tests__/geminiService.test.ts(133,3): error TS2582: Cannot find name 'describe'. Do you need to install type definitions for a test runner? Try `npm i --save-dev @types/jest` or `npm i --save-dev @types/mocha`.
src/services/__tests__/geminiService.test.ts(134,5): error TS2582: Cannot find name 'it'. Do you need to install type definitions for a test runner? Try `npm i --save-dev @types/jest` or `npm i --save-dev @types/mocha`.
src/services/__tests__/geminiService.test.ts(149,7): error TS2304: Cannot find name 'expect'.
src/services/__tests__/geminiService.test.ts(154,7): error TS2304: Cannot find name 'expect'.
src/services/__tests__/geminiService.test.ts(157,5): error TS2582: Cannot find name 'it'. Do you need to install type definitions for a test runner? Try `npm i --save-dev @types/jest` or `npm i --save-dev @types/mocha`.
src/services/__tests__/geminiService.test.ts(165,7): error TS2304: Cannot find name 'expect'.
src/services/__tests__/geminiService.test.ts(169,3): error TS2582: Cannot find name 'describe'. Do you need to install type definitions for a test runner? Try `npm i --save-dev @types/jest` or `npm i --save-dev @types/mocha`.
src/services/__tests__/geminiService.test.ts(170,5): error TS2582: Cannot find name 'it'. Do you need to install type definitions for a test runner? Try `npm i --save-dev @types/jest` or `npm i --save-dev @types/mocha`.
src/services/__tests__/geminiService.test.ts(176,7): error TS2304: Cannot find name 'expect'.
src/services/__tests__/geminiService.test.ts(176,71): error TS2304: Cannot find name 'expect'.
src/services/__tests__/geminiService.test.ts(179,7): error TS2304: Cannot find name 'expect'.
src/services/__tests__/geminiService.test.ts(182,5): error TS2582: Cannot find name 'it'. Do you need to install type definitions for a test runner? Try `npm i --save-dev @types/jest` or `npm i --save-dev @types/mocha`.
src/services/__tests__/geminiService.test.ts(190,7): error TS2304: Cannot find name 'expect'.
src/services/__tests__/geminiService.test.ts(191,7): error TS2304: Cannot find name 'expect'.
src/services/__tests__/geminiService.test.ts(194,5): error TS2582: Cannot find name 'it'. Do you need to install type definitions for a test runner? Try `npm i --save-dev @types/jest` or `npm i --save-dev @types/mocha`.
src/services/__tests__/geminiService.test.ts(197,13): error TS2304: Cannot find name 'expect'.
src/services/__tests__/geminiService.test.ts(198,7): error TS2304: Cannot find name 'expect'.
src/services/__tests__/geminiService.test.ts(202,3): error TS2582: Cannot find name 'describe'. Do you need to install type definitions for a test runner? Try `npm i --save-dev @types/jest` or `npm i --save-dev @types/mocha`.
src/services/__tests__/geminiService.test.ts(203,5): error TS2582: Cannot find name 'it'. Do you need to install type definitions for a test runner? Try `npm i --save-dev @types/jest` or `npm i --save-dev @types/mocha`.
src/services/__tests__/geminiService.test.ts(209,7): error TS2304: Cannot find name 'expect'.
src/services/__tests__/geminiService.test.ts(210,7): error TS2304: Cannot find name 'expect'.
src/services/__tests__/geminiService.test.ts(218,5): error TS2582: Cannot find name 'it'. Do you need to install type definitions for a test runner? Try `npm i --save-dev @types/jest` or `npm i --save-dev @types/mocha`.
src/services/__tests__/geminiService.test.ts(221,13): error TS2304: Cannot find name 'expect'.
src/services/__tests__/geminiService.test.ts(224,5): error TS2582: Cannot find name 'it'. Do you need to install type definitions for a test runner? Try `npm i --save-dev @types/jest` or `npm i --save-dev @types/mocha`.
src/services/__tests__/geminiService.test.ts(227,13): error TS2304: Cannot find name 'expect'.
src/services/__tests__/geminiService.test.ts(231,3): error TS2582: Cannot find name 'describe'. Do you need to install type definitions for a test runner? Try `npm i --save-dev @types/jest` or `npm i --save-dev @types/mocha`.
src/services/__tests__/geminiService.test.ts(232,5): error TS2582: Cannot find name 'it'. Do you need to install type definitions for a test runner? Try `npm i --save-dev @types/jest` or `npm i --save-dev @types/mocha`.
src/services/__tests__/geminiService.test.ts(238,7): error TS2304: Cannot find name 'expect'.
src/services/__tests__/geminiService.test.ts(239,7): error TS2304: Cannot find name 'expect'.
src/services/__tests__/geminiService.test.ts(249,5): error TS2582: Cannot find name 'it'. Do you need to install type definitions for a test runner? Try `npm i --save-dev @types/jest` or `npm i --save-dev @types/mocha`.
src/services/__tests__/geminiService.test.ts(252,13): error TS2304: Cannot find name 'expect'.
src/services/__tests__/geminiService.test.ts(256,3): error TS2582: Cannot find name 'describe'. Do you need to install type definitions for a test runner? Try `npm i --save-dev @types/jest` or `npm i --save-dev @types/mocha`.
src/services/__tests__/geminiService.test.ts(257,5): error TS2582: Cannot find name 'it'. Do you need to install type definitions for a test runner? Try `npm i --save-dev @types/jest` or `npm i --save-dev @types/mocha`.
src/services/__tests__/geminiService.test.ts(266,7): error TS2304: Cannot find name 'expect'.
src/services/__tests__/geminiService.test.ts(271,7): error TS2304: Cannot find name 'expect'.
src/services/__tests__/geminiService.test.ts(280,5): error TS2582: Cannot find name 'it'. Do you need to install type definitions for a test runner? Try `npm i --save-dev @types/jest` or `npm i --save-dev @types/mocha`.
src/services/__tests__/geminiService.test.ts(283,13): error TS2304: Cannot find name 'expect'.
src/services/__tests__/geminiService.test.ts(287,3): error TS2582: Cannot find name 'describe'. Do you need to install type definitions for a test runner? Try `npm i --save-dev @types/jest` or `npm i --save-dev @types/mocha`.
src/services/__tests__/geminiService.test.ts(288,5): error TS2582: Cannot find name 'it'. Do you need to install type definitions for a test runner? Try `npm i --save-dev @types/jest` or `npm i --save-dev @types/mocha`.
src/services/__tests__/geminiService.test.ts(294,7): error TS2304: Cannot find name 'expect'.
src/services/__tests__/geminiService.test.ts(295,7): error TS2304: Cannot find name 'expect'.
src/services/__tests__/geminiService.test.ts(304,5): error TS2582: Cannot find name 'it'. Do you need to install type definitions for a test runner? Try `npm i --save-dev @types/jest` or `npm i --save-dev @types/mocha`.
src/services/__tests__/geminiService.test.ts(307,13): error TS2304: Cannot find name 'expect'.
src/services/__tests__/geminiService.test.ts(308,7): error TS2304: Cannot find name 'expect'.
src/services/__tests__/geminiService.test.ts(308,48): error TS2304: Cannot find name 'expect'.
src/services/__tests__/geminiService.test.ts(309,78): error TS2304: Cannot find name 'expect'.
src/services/__tests__/geminiService.test.ts(314,3): error TS2582: Cannot find name 'describe'. Do you need to install type definitions for a test runner? Try `npm i --save-dev @types/jest` or `npm i --save-dev @types/mocha`.
src/services/__tests__/geminiService.test.ts(315,5): error TS2582: Cannot find name 'it'. Do you need to install type definitions for a test runner? Try `npm i --save-dev @types/jest` or `npm i --save-dev @types/mocha`.
src/services/__tests__/geminiService.test.ts(321,7): error TS2304: Cannot find name 'expect'.
src/services/__tests__/geminiService.test.ts(322,7): error TS2304: Cannot find name 'expect'.
src/services/__tests__/geminiService.test.ts(329,5): error TS2582: Cannot find name 'it'. Do you need to install type definitions for a test runner? Try `npm i --save-dev @types/jest` or `npm i --save-dev @types/mocha`.
src/services/__tests__/geminiService.test.ts(335,7): error TS2304: Cannot find name 'expect'.
src/services/__tests__/geminiService.test.ts(336,7): error TS2304: Cannot find name 'expect'.
src/services/__tests__/geminiService.test.ts(339,5): error TS2582: Cannot find name 'it'. Do you need to install type definitions for a test runner? Try `npm i --save-dev @types/jest` or `npm i --save-dev @types/mocha`.
src/services/__tests__/geminiService.test.ts(342,13): error TS2304: Cannot find name 'expect'.
src/services/__tests__/geminiService.test.ts(346,3): error TS2582: Cannot find name 'describe'. Do you need to install type definitions for a test runner? Try `npm i --save-dev @types/jest` or `npm i --save-dev @types/mocha`.
src/services/__tests__/geminiService.test.ts(347,5): error TS2582: Cannot find name 'it'. Do you need to install type definitions for a test runner? Try `npm i --save-dev @types/jest` or `npm i --save-dev @types/mocha`.
src/services/__tests__/geminiService.test.ts(348,13): error TS2304: Cannot find name 'expect'.
src/services/__tests__/geminiService.test.ts(348,99): error TS2304: Cannot find name 'vi'.
src/services/__tests__/geminiService.test.ts(351,5): error TS2582: Cannot find name 'it'. Do you need to install type definitions for a test runner? Try `npm i --save-dev @types/jest` or `npm i --save-dev @types/mocha`.
src/services/__tests__/geminiService.test.ts(352,13): error TS2304: Cannot find name 'expect'.
src/services/__tests__/geminiService.test.ts(355,5): error TS2582: Cannot find name 'it'. Do you need to install type definitions for a test runner? Try `npm i --save-dev @types/jest` or `npm i --save-dev @types/mocha`.
src/services/__tests__/geminiService.test.ts(356,13): error TS2304: Cannot find name 'expect'.
src/services/aiMiddleware.ts(40,5): error TS2353: Object literal may only specify known properties, and 'generateEnhancedImage' does not exist in type 'AIService'.
src/services/automationService.ts(330,34): error TS2345: Argument of type 'AutomationAction | undefined' is not assignable to parameter of type 'AutomationAction'.
  Type 'undefined' is not assignable to type 'AutomationAction'.
src/services/automationService.ts(380,17): error TS2379: Argument of type '{ name: string | undefined; }' is not assignable to parameter of type '{ id?: string; name?: string; }' with 'exactOptionalPropertyTypes: true'. Consider adding 'undefined' to the types of the target's properties.
  Types of property 'name' are incompatible.
    Type 'string | undefined' is not assignable to type 'string'.
      Type 'undefined' is not assignable to type 'string'.
src/services/chatEmoteService.ts(385,28): error TS2345: Argument of type 'string | undefined' is not assignable to parameter of type 'string'.
  Type 'undefined' is not assignable to type 'string'.
src/services/chatEmoteService.ts(386,28): error TS2345: Argument of type 'string | undefined' is not assignable to parameter of type 'string'.
  Type 'undefined' is not assignable to type 'string'.
src/services/conflictResolver.ts(16,31): error TS2339: Property 'priority' does not exist on type '{ config: UniversalWidgetConfig; state: WidgetState; }'.
src/services/conflictResolver.ts(17,31): error TS2339: Property 'priority' does not exist on type '{ config: UniversalWidgetConfig; state: WidgetState; }'.
src/services/conflictResolver.ts(21,14): error TS7053: Element implicitly has an 'any' type because expression of type 'string' can't be used to index type 'WidgetState'.
  No index signature with a parameter of type 'string' was found on type 'WidgetState'.
src/services/conflictResolver.ts(24,14): error TS7053: Element implicitly has an 'any' type because expression of type 'string' can't be used to index type 'WidgetState'.
  No index signature with a parameter of type 'string' was found on type 'WidgetState'.
src/services/conflictResolver.ts(28,26): error TS7053: Element implicitly has an 'any' type because expression of type 'string' can't be used to index type 'WidgetState'.
  No index signature with a parameter of type 'string' was found on type 'WidgetState'.
src/services/conflictResolver.ts(29,26): error TS7053: Element implicitly has an 'any' type because expression of type 'string' can't be used to index type 'WidgetState'.
  No index signature with a parameter of type 'string' was found on type 'WidgetState'.
src/services/conflictResolver.ts(69,79): error TS2339: Property 'priority' does not exist on type '{ config: UniversalWidgetConfig; state: WidgetState; }'.
src/services/empService.ts(3,8): error TS2613: Module '"/home/myrqyry/\uD83D\uDE4F\uFE0F/obs-copilot/node_modules/.pnpm/glob@10.4.5/node_modules/glob/dist/esm/index"' has no default export. Did you mean to use 'import { glob } from "/home/myrqyry/\uD83D\uDE4F\uFE0F/obs-copilot/node_modules/.pnpm/glob@10.4.5/node_modules/glob/dist/esm/index"' instead?
src/services/empService.ts(142,28): error TS18048: 'frontmatter' is possibly 'undefined'.
src/services/empService.ts(143,27): error TS18048: 'frontmatter' is possibly 'undefined'.
src/services/empService.ts(146,11): error TS2322: Type 'string | undefined' is not assignable to type 'string'.
  Type 'undefined' is not assignable to type 'string'.
src/services/empService.ts(148,29): error TS2532: Object is possibly 'undefined'.
src/services/geminiService.ts(221,44): error TS2345: Argument of type 'Buffer<ArrayBuffer>' is not assignable to parameter of type 'ArrayBuffer'.
  Types of property '[Symbol.toStringTag]' are incompatible.
    Type '"Uint8Array"' is not assignable to type '"ArrayBuffer"'.
src/services/geminiService.ts(353,21): error TS6133: 'options' is declared but its value is never read.
src/services/geminiService.ts(426,28): error TS6133: 'chatSession' is declared but its value is never read.
src/services/htmlTemplateService.ts(243,22): error TS2339: Property 'addBrowserSource' does not exist on type 'ObsClientImpl'.
src/services/obsClient.ts(2,1): error TS6133: 'backoff' is declared but its value is never read.
src/services/obsClient.ts(55,11): error TS6133: 'connectionLock' is declared but its value is never read.
src/services/obsClient.ts(527,30): error TS2339: Property 'action' does not exist on type 'UniversalWidgetConfig'.
src/services/obsClient.ts(529,67): error TS2339: Property 'action' does not exist on type 'UniversalWidgetConfig'.
src/services/obsClient.ts(529,143): error TS2339: Property 'action' does not exist on type 'UniversalWidgetConfig'.
src/services/overlayService.ts(2,25): error TS6133: 'OverlayCustomization' is declared but its value is never read.
src/services/overlayService.ts(2,47): error TS6133: 'GeneratedCode' is declared but its value is never read.
src/services/overlayService.ts(6,9): error TS2749: 'GoogleGenAI' refers to a value, but is being used as a type here. Did you mean 'typeof GoogleGenAI'?
src/services/overlayService.ts(7,19): error TS2749: 'GoogleGenAI' refers to a value, but is being used as a type here. Did you mean 'typeof GoogleGenAI'?
src/services/overlayService.ts(165,17): error TS2339: Property 'FileSystemManager' does not exist on type 'Window & typeof globalThis'.
src/services/overlayService.ts(169,42): error TS2339: Property 'FileSystemManager' does not exist on type 'Window & typeof globalThis'.
src/services/snapshotService.ts(10,60): error TS2339: Property 'getState' does not exist on type 'unknown'.
src/services/snapshotService.ts(11,58): error TS2339: Property 'getState' does not exist on type 'unknown'.
src/services/snapshotService.ts(12,54): error TS2339: Property 'getState' does not exist on type 'unknown'.
src/services/stateSynchronizer.ts(7,11): error TS6133: 'eventManager' is declared but its value is never read.
src/services/stateSynchronizer.ts(13,33): error TS2353: Object literal may only specify known properties, and 'availableScenes' does not exist in type 'WidgetStore | Partial<WidgetStore> | ((state: WidgetStore) => WidgetStore | Partial<WidgetStore>)'.
src/services/stateSynchronizer.ts(17,33): error TS2353: Object literal may only specify known properties, and 'currentScene' does not exist in type 'WidgetStore | Partial<WidgetStore> | ((state: WidgetStore) => WidgetStore | Partial<WidgetStore>)'.
src/services/stateSynchronizer.ts(26,9): error TS7053: Element implicitly has an 'any' type because expression of type 'any' can't be used to index type '{}'.
src/services/stateSynchronizer.ts(29,9): error TS7053: Element implicitly has an 'any' type because expression of type 'any' can't be used to index type '{}'.
src/services/stateSynchronizer.ts(31,33): error TS2353: Object literal may only specify known properties, and 'mutedInputs' does not exist in type 'WidgetStore | Partial<WidgetStore> | ((state: WidgetStore) => WidgetStore | Partial<WidgetStore>)'.
src/services/stateSynchronizer.ts(64,26): error TS2339: Property 'updateWidgetState' does not exist on type 'UseBoundStore<WithPersist<WithDevtools<StoreApi<WidgetStore>>, WidgetStore>>'.
src/services/stateSynchronizer.ts(67,26): error TS2339: Property 'updateWidgetState' does not exist on type 'UseBoundStore<WithPersist<WithDevtools<StoreApi<WidgetStore>>, WidgetStore>>'.
src/services/streamerBotService.ts(73,11): error TS2375: Type 'StreamerBotClientOptions | { host: string; port: number | undefined; }' is not assignable to type 'StreamerBotClientOptions' with 'exactOptionalPropertyTypes: true'. Consider adding 'undefined' to the types of the target's properties.
  Type '{ host: string; port: number | undefined; }' is not assignable to type 'StreamerBotClientOptions' with 'exactOptionalPropertyTypes: true'. Consider adding 'undefined' to the types of the target's properties.
    Types of property 'port' are incompatible.
      Type 'number | undefined' is not assignable to type 'number'.
        Type 'undefined' is not assignable to type 'number'.
src/services/streamerBotService.ts(272,20): error TS2345: Argument of type 'string' is not assignable to parameter of type '"*" | "Twitch.Follow" | "Twitch.Cheer" | "Twitch.Sub" | "Twitch.ReSub" | "Twitch.GiftSub" | "Twitch.GiftBomb" | "Twitch.Raid" | "Twitch.HypeTrainStart" | "Twitch.HypeTrainUpdate" | ... 498 more ... | "Kick.*"'.
src/services/streamerBotService.ts(565,28): error TS6133: 'info' is declared but its value is never read.
src/services/streamerBotService.ts(635,7): error TS2412: Type 'undefined' is not assignable to type '(info?: unknown) => void' with 'exactOptionalPropertyTypes: true'. Consider adding 'undefined' to the type of the target.
src/services/streamerBotService.ts(636,7): error TS2412: Type 'undefined' is not assignable to type '(code?: number | undefined, reason?: string | undefined) => void' with 'exactOptionalPropertyTypes: true'. Consider adding 'undefined' to the type of the target.
src/services/streamerBotService.ts(637,7): error TS2412: Type 'undefined' is not assignable to type '(err?: unknown) => void' with 'exactOptionalPropertyTypes: true'. Consider adding 'undefined' to the type of the target.
src/services/streamerBotService.ts(638,7): error TS2412: Type 'undefined' is not assignable to type '(message?: any) => void' with 'exactOptionalPropertyTypes: true'. Consider adding 'undefined' to the type of the target.
src/services/twitchEventSubService.ts(3,1): error TS6133: 'AutomationRule' is declared but its value is never read.
src/services/twitchEventSubService.ts(5,24): error TS2307: Cannot find module '../lib/logger' or its corresponding type declarations.
src/services/twitchEventSubService.ts(107,42): error TS2339: Property 'data' does not exist on type 'EventSubSubscription'.
src/services/twitchResolver.ts(24,13): error TS2488: Type '[number, string | null] | undefined' must have a '[Symbol.iterator]()' method that returns an iterator.
src/services/widgetDiscovery.ts(24,39): error TS2339: Property 'getAvailableTargets' does not exist on type 'ObsClientImpl'.
src/services/widgetDiscovery.ts(30,48): error TS2339: Property 'generateWidgetConfigFromPrompt' does not exist on type 'AIService'.
src/services/widgetDiscovery.ts(53,48): error TS2339: Property 'generateWidgetConfigFromPrompt' does not exist on type 'AIService'.
src/store/audioStore.ts(78,23): error TS7006: Parameter 'message' implicitly has an 'any' type.
src/store/audioStore.ts(83,41): error TS2345: Argument of type 'Buffer<ArrayBuffer>' is not assignable to parameter of type 'ArrayBuffer'.
  Types of property '[Symbol.toStringTag]' are incompatible.
    Type '"Uint8Array"' is not assignable to type '"ArrayBuffer"'.
src/store/audioStore.ts(88,21): error TS7006: Parameter 'error' implicitly has an 'any' type.
src/store/connections/connectionProfilesStore.ts(2,15): error TS2305: Module '"@/types/connections"' has no exported member 'ConnectionProfile'.
src/store/connections/obsConnectionStore.ts(69,109): error TS6133: 'get' is declared but its value is never read.
src/store/connections/obsConnectionStore.ts(93,13): error TS2345: Argument of type '(state: ObsConnectionState) => { scenes: { sceneName: string; }[]; currentProgramScene: any; sources: any; streamStatus: OBSStreamStatus; recordStatus: OBSRecordStatus; ... 15 more ...; resetSettings: () => void; }' is not assignable to parameter of type 'ObsConnectionState | Partial<ObsConnectionState> | ((state: ObsConnectionState) => ObsConnectionState | Partial<...>)'.
  Type '(state: ObsConnectionState) => { scenes: { sceneName: string; }[]; currentProgramScene: any; sources: any; streamStatus: OBSStreamStatus; recordStatus: OBSRecordStatus; ... 15 more ...; resetSettings: () => void; }' is not assignable to type '(state: ObsConnectionState) => ObsConnectionState | Partial<ObsConnectionState>'.
    Type '{ scenes: { sceneName: string; }[]; currentProgramScene: any; sources: any; streamStatus: OBSStreamStatus; recordStatus: OBSRecordStatus; videoSettings: OBSVideoSettings; obs: ObsClientImpl | null; ... 13 more ...; resetSettings: () => void; }' is not assignable to type 'ObsConnectionState | Partial<ObsConnectionState>'.
      Type '{ scenes: { sceneName: string; }[]; currentProgramScene: any; sources: any; streamStatus: OBSStreamStatus; recordStatus: OBSRecordStatus; videoSettings: OBSVideoSettings; obs: ObsClientImpl | null; ... 13 more ...; resetSettings: () => void; }' is not assignable to type 'Partial<ObsConnectionState>'.
        Types of property 'scenes' are incompatible.
          Type '{ sceneName: string; }[]' is not assignable to type 'OBSScene[]'.
            Property 'sceneIndex' is missing in type '{ sceneName: string; }' but required in type 'OBSScene'.
src/store/connections/obsConnectionStore.ts(178,13): error TS2345: Argument of type '{ obsStatus: "error"; connectionError: string | undefined; }' is not assignable to parameter of type 'ObsConnectionState | Partial<ObsConnectionState> | ((state: ObsConnectionState) => ObsConnectionState | Partial<...>)'.
  Type '{ obsStatus: "error"; connectionError: string | undefined; }' is not assignable to type 'Partial<ObsConnectionState>' with 'exactOptionalPropertyTypes: true'. Consider adding 'undefined' to the types of the target's properties.
    Types of property 'connectionError' are incompatible.
      Type 'string | undefined' is not assignable to type 'string | null'.
        Type 'undefined' is not assignable to type 'string | null'.
src/store/generateStore.ts(211,29): error TS6133: 'params' is declared but its value is never read.
src/store/generateStore.ts(259,31): error TS2339: Property 'addToast' does not exist on type 'UiStore'.
src/store/imageEditorStore.ts(4,1): error TS6133: 'shallow' is declared but its value is never read.
src/store/imageEditorStore.ts(141,22): error TS7006: Parameter 'crop' implicitly has an 'any' type.
src/store/imageEditorStore.ts(142,22): error TS7006: Parameter 'zoom' implicitly has an 'any' type.
src/store/imageEditorStore.ts(143,26): error TS7006: Parameter 'rotation' implicitly has an 'any' type.
src/store/imageEditorStore.ts(144,24): error TS7006: Parameter 'aspect' implicitly has an 'any' type.
src/store/imageEditorStore.ts(145,32): error TS7006: Parameter 'pixels' implicitly has an 'any' type.
src/store/imageEditorStore.ts(146,25): error TS7006: Parameter 'isCropping' implicitly has an 'any' type.
src/store/imageEditorStore.ts(147,28): error TS7006: Parameter 'width' implicitly has an 'any' type.
src/store/imageEditorStore.ts(147,35): error TS7006: Parameter 'height' implicitly has an 'any' type.
src/store/imageEditorStore.ts(148,20): error TS7006: Parameter 'flipH' implicitly has an 'any' type.
src/store/imageEditorStore.ts(149,20): error TS7006: Parameter 'flipV' implicitly has an 'any' type.
src/store/imageEditorStore.ts(150,21): error TS7006: Parameter 'filter' implicitly has an 'any' type.
src/store/imageEditorStore.ts(151,29): error TS7006: Parameter 'text' implicitly has an 'any' type.
src/store/imageEditorStore.ts(151,35): error TS7006: Parameter 'color' implicitly has an 'any' type.
src/store/imageEditorStore.ts(151,42): error TS7006: Parameter 'size' implicitly has an 'any' type.
src/store/imageEditorStore.ts(151,48): error TS7006: Parameter 'x' implicitly has an 'any' type.
src/store/imageEditorStore.ts(151,51): error TS7006: Parameter 'y' implicitly has an 'any' type.
src/store/imageEditorStore.ts(160,23): error TS7006: Parameter 'prompt' implicitly has an 'any' type.
src/store/imageEditorStore.ts(161,24): error TS7006: Parameter 'loading' implicitly has an 'any' type.
src/store/imageEditorStore.ts(162,22): error TS7006: Parameter 'error' implicitly has an 'any' type.
src/store/imageEditorStore.ts(163,30): error TS7006: Parameter 'images' implicitly has an 'any' type.
src/store/imageEditorStore.ts(164,26): error TS7006: Parameter 'show' implicitly has an 'any' type.
src/store/imageEditorStore.ts(165,22): error TS7006: Parameter 'model' implicitly has an 'any' type.
src/store/imageEditorStore.ts(166,26): error TS7006: Parameter 'ratio' implicitly has an 'any' type.
src/store/imageEditorStore.ts(167,29): error TS7006: Parameter 'count' implicitly has an 'any' type.
src/store/imageEditorStore.ts(168,35): error TS7006: Parameter 'enabled' implicitly has an 'any' type.
src/store/imageEditorStore.ts(169,31): error TS7006: Parameter 'enabled' implicitly has an 'any' type.
src/store/imageEditorStore.ts(170,29): error TS7006: Parameter 'enabled' implicitly has an 'any' type.
src/store/imageEditorStore.ts(171,29): error TS7006: Parameter 'images' implicitly has an 'any' type.
src/store/imageEditorStore.ts(172,34): error TS7006: Parameter 'show' implicitly has an 'any' type.
src/store/imageEditorStore.ts(173,29): error TS7006: Parameter 'open' implicitly has an 'any' type.
src/store/imageEditorStore.ts(174,22): error TS7006: Parameter 'loading' implicitly has an 'any' type.
src/store/overlaysStore.ts(7,1): error TS6192: All imports in import declaration are unused.
src/store/widgetsStore.ts(5,1): error TS6133: 'eventSubscriptionManager' is declared but its value is never read.
src/store/widgetsStore.ts(28,76): error TS2375: Type '{ id: string; value: any; isActive: false; isLoading: false; isDirty: false; error: undefined; lastUpdated: number; lastSynced: number; }' is not assignable to type 'WidgetState' with 'exactOptionalPropertyTypes: true'. Consider adding 'undefined' to the types of the target's properties.
  Types of property 'error' are incompatible.
    Type 'undefined' is not assignable to type 'string'.
src/store/widgetsStore.ts(56,13): error TS18048: 'config.eventSubscriptions.length' is possibly 'undefined'.
src/store/widgetsStore.ts(61,13): error TS2345: Argument of type '(state: WidgetStore) => { widgets: { [x: string]: { config: UniversalWidgetConfig; state: WidgetState; } | { config: { id: string; name: string; ... 23 more ...; filterConfig?: FilterConfig; }; state?: WidgetState; }; }; }' is not assignable to parameter of type 'WidgetStore | Partial<WidgetStore> | ((state: WidgetStore) => WidgetStore | Partial<WidgetStore>)'.
  Type '(state: WidgetStore) => { widgets: { [x: string]: { config: UniversalWidgetConfig; state: WidgetState; } | { config: { id: string; name: string; ... 23 more ...; filterConfig?: FilterConfig; }; state?: WidgetState; }; }; }' is not assignable to type '(state: WidgetStore) => WidgetStore | Partial<WidgetStore>'.
    Type '{ widgets: { [x: string]: { config: UniversalWidgetConfig; state: WidgetState; } | { config: { id: string; name: string; description?: string; controlType: WidgetControlType; ... 21 more ...; filterConfig?: FilterConfig; }; state?: WidgetState; }; }; }' is not assignable to type 'WidgetStore | Partial<WidgetStore>'.
      Type '{ widgets: { [x: string]: { config: UniversalWidgetConfig; state: WidgetState; } | { config: { id: string; name: string; description?: string; controlType: WidgetControlType; ... 21 more ...; filterConfig?: FilterConfig; }; state?: WidgetState; }; }; }' is not assignable to type 'Partial<WidgetStore>'.
        Types of property 'widgets' are incompatible.
          Type '{ [x: string]: { config: UniversalWidgetConfig; state: WidgetState; } | { config: { id: string; name: string; description?: string; controlType: WidgetControlType; ... 21 more ...; filterConfig?: FilterConfig; }; state?: WidgetState; }; }' is not assignable to type 'Record<string, { config: UniversalWidgetConfig; state: WidgetState; }>'.
            'string' index signatures are incompatible.
              Type '{ config: UniversalWidgetConfig; state: WidgetState; } | { config: { id: string; name: string; description?: string; controlType: WidgetControlType; ... 21 more ...; filterConfig?: FilterConfig; }; state?: WidgetState; }' is not assignable to type '{ config: UniversalWidgetConfig; state: WidgetState; }'.
                Type '{ config: { id: string; name: string; description?: string; controlType: WidgetControlType; actionType: ObsActionType; ... 20 more ...; filterConfig?: FilterConfig; }; state?: WidgetState; }' is not assignable to type '{ config: UniversalWidgetConfig; state: WidgetState; }'.
                  Property 'state' is optional in type '{ config: { id: string; name: string; description?: string; controlType: WidgetControlType; actionType: "createInput" | "setInputSettings" | "setSceneItemEnabled" | ... 98 more ... | "setStreamInfo"; ... 20 more ...; filterConfig?: FilterConfig; }; state?: WidgetState; }' but required in type '{ config: UniversalWidgetConfig; state: WidgetState; }'.
src/store/widgetsStore.ts(66,28): error TS2532: Object is possibly 'undefined'.
src/store/widgetsStore.ts(72,13): error TS2345: Argument of type '(state: WidgetStore) => { widgets: { [x: string]: { config: UniversalWidgetConfig; state: WidgetState; } | { state: { lastUpdated: number; id: string; ... 7 more ...; performance?: WidgetMetrics; }; config?: UniversalWidgetConfig; }; }; }' is not assignable to parameter of type 'WidgetStore | Partial<WidgetStore> | ((state: WidgetStore) => WidgetStore | Partial<WidgetStore>)'.
  Type '(state: WidgetStore) => { widgets: { [x: string]: { config: UniversalWidgetConfig; state: WidgetState; } | { state: { lastUpdated: number; id: string; ... 7 more ...; performance?: WidgetMetrics; }; config?: UniversalWidgetConfig; }; }; }' is not assignable to type '(state: WidgetStore) => WidgetStore | Partial<WidgetStore>'.
    Type '{ widgets: { [x: string]: { config: UniversalWidgetConfig; state: WidgetState; } | { state: { lastUpdated: number; id: string; value: any; isActive: boolean; isLoading: boolean; isDirty: boolean; error?: string; lastSynced: number; metadata?: Record<string, any>; performance?: WidgetMetrics; }; config?: UniversalWid...' is not assignable to type 'WidgetStore | Partial<WidgetStore>'.
      Type '{ widgets: { [x: string]: { config: UniversalWidgetConfig; state: WidgetState; } | { state: { lastUpdated: number; id: string; value: any; isActive: boolean; isLoading: boolean; isDirty: boolean; error?: string; lastSynced: number; metadata?: Record<string, any>; performance?: WidgetMetrics; }; config?: UniversalWid...' is not assignable to type 'Partial<WidgetStore>'.
        Types of property 'widgets' are incompatible.
          Type '{ [x: string]: { config: UniversalWidgetConfig; state: WidgetState; } | { state: { lastUpdated: number; id: string; value: any; isActive: boolean; isLoading: boolean; isDirty: boolean; error?: string; lastSynced: number; metadata?: Record<string, any>; performance?: WidgetMetrics; }; config?: UniversalWidgetConfig; ...' is not assignable to type 'Record<string, { config: UniversalWidgetConfig; state: WidgetState; }>'.
            'string' index signatures are incompatible.
              Type '{ config: UniversalWidgetConfig; state: WidgetState; } | { state: { lastUpdated: number; id: string; value: any; isActive: boolean; isLoading: boolean; ... 4 more ...; performance?: WidgetMetrics; }; config?: UniversalWidgetConfig; }' is not assignable to type '{ config: UniversalWidgetConfig; state: WidgetState; }'.
                Type '{ state: { lastUpdated: number; id: string; value: any; isActive: boolean; isLoading: boolean; isDirty: boolean; error?: string; lastSynced: number; metadata?: Record<string, any>; performance?: WidgetMetrics; }; config?: UniversalWidgetConfig; }' is not assignable to type '{ config: UniversalWidgetConfig; state: WidgetState; }'.
                  Property 'config' is optional in type '{ state: { lastUpdated: number; id: string; value: any; isActive: boolean; isLoading: boolean; isDirty: boolean; error?: string; lastSynced: number; metadata?: Record<string, any>; performance?: WidgetMetrics; }; config?: UniversalWidgetConfig; }' but required in type '{ config: UniversalWidgetConfig; state: WidgetState; }'.
src/store/widgetsStore.ts(77,27): error TS2532: Object is possibly 'undefined'.
src/store/widgetsStore.ts(86,26): error TS18048: 'removed' is possibly 'undefined'.
src/store/widgetsStore.ts(87,15): error TS18048: 'config.eventSubscriptions.length' is possibly 'undefined'.
src/store/widgetsStore.ts(109,23): error TS6133: 'response' is declared but its value is never read.
src/store/widgetsStore.ts(133,11): error TS2322: Type '(name: string) => Promise<string | null>' is not assignable to type '(name: string) => StorageValue<WidgetStore> | Promise<StorageValue<WidgetStore> | null> | null'.
  Type 'Promise<string | null>' is not assignable to type 'StorageValue<WidgetStore> | Promise<StorageValue<WidgetStore> | null> | null'.
    Type 'Promise<string | null>' is not assignable to type 'Promise<StorageValue<WidgetStore> | null>'.
      Type 'string | null' is not assignable to type 'StorageValue<WidgetStore> | null'.
        Type 'string' is not assignable to type 'StorageValue<WidgetStore>'.
src/store/widgetsStore.ts(134,11): error TS2322: Type '(name: string, value: string) => Promise<void>' is not assignable to type '(name: string, value: StorageValue<WidgetStore>) => unknown'.
  Types of parameters 'value' and 'value' are incompatible.
    Type 'StorageValue<WidgetStore>' is not assignable to type 'string'.
src/store/widgetsStore.ts(137,9): error TS2322: Type '(state: WidgetStore) => { widgets: Record<string, { config: UniversalWidgetConfig; state: WidgetState; }>; isLoading: boolean; }' is not assignable to type '(state: WidgetStore) => WidgetStore'.
  Type '{ widgets: Record<string, { config: UniversalWidgetConfig; state: WidgetState; }>; isLoading: boolean; }' is not assignable to type 'WidgetStore'.
    Type '{ widgets: Record<string, { config: UniversalWidgetConfig; state: WidgetState; }>; isLoading: boolean; }' is missing the following properties from type 'WidgetStoreActions': addWidget, updateWidgetConfig, updateWidgetState, removeWidget, and 4 more.
src/utils/__tests__/imageProxy.test.ts(1,24): error TS6133: 'it' is declared but its value is never read.
src/utils/__tests__/imageProxy.test.ts(10,7): error TS6133: 'OriginalURL' is declared but its value is never read.
src/utils/__tests__/imageProxy.test.ts(17,26): error TS2503: Cannot find namespace 'vi'.
src/utils/__tests__/imageProxy.test.ts(36,16): error TS2339: Property 'any' does not exist on type '(...args: any[]) => any'.
src/utils/__tests__/logger.test.ts(34,14): error TS2339: Property 'stringContaining' does not exist on type '(...args: any[]) => any'.
src/utils/__tests__/logger.test.ts(43,14): error TS2339: Property 'stringContaining' does not exist on type '(...args: any[]) => any'.
src/utils/__tests__/logger.test.ts(52,14): error TS2339: Property 'stringContaining' does not exist on type '(...args: any[]) => any'.
src/utils/__tests__/logger.test.ts(61,14): error TS2339: Property 'stringContaining' does not exist on type '(...args: any[]) => any'.
src/utils/__tests__/logger.test.ts(76,14): error TS2339: Property 'stringContaining' does not exist on type '(...args: any[]) => any'.
src/utils/__tests__/logger.test.ts(82,14): error TS2339: Property 'any' does not exist on type '(...args: any[]) => any'.
src/utils/__tests__/logger.test.ts(83,14): error TS2339: Property 'any' does not exist on type '(...args: any[]) => any'.
src/utils/choiceDetection.ts(53,23): error TS2532: Object is possibly 'undefined'.
src/utils/choiceDetection.ts(54,23): error TS2532: Object is possibly 'undefined'.
src/utils/contrast.ts(18,19): error TS2532: Object is possibly 'undefined'.
src/utils/contrast.ts(18,38): error TS2532: Object is possibly 'undefined'.
src/utils/contrast.ts(18,57): error TS2532: Object is possibly 'undefined'.
src/utils/errorHandler.ts(41,11): error TS2375: Type '{ message: string; source: string; level: ErrorLevel; timestamp: Date; stack: string | undefined; }' is not assignable to type 'AppErrorInterface' with 'exactOptionalPropertyTypes: true'. Consider adding 'undefined' to the types of the target's properties.
  Types of property 'stack' are incompatible.
    Type 'string | undefined' is not assignable to type 'string'.
      Type 'undefined' is not assignable to type 'string'.
src/utils/persistence.ts(33,7): error TS2375: Type '{ obsUrl: string; obsPassword: undefined; autoConnect: false; rememberApiKey: false; streamerBotAddress: string; streamerBotPort: string; }' is not assignable to type 'ConnectionSettings' with 'exactOptionalPropertyTypes: true'. Consider adding 'undefined' to the types of the target's properties.
  Types of property 'obsPassword' are incompatible.
    Type 'undefined' is not assignable to type 'string'.
src/utils/persistence.ts(99,3): error TS2375: Type '{ obsUrl: string; obsPassword: undefined; autoConnect: boolean; rememberApiKey: boolean | undefined; streamerBotAddress: string | undefined; streamerBotPort: string | undefined; }' is not assignable to type 'ConnectionSettings' with 'exactOptionalPropertyTypes: true'. Consider adding 'undefined' to the types of the target's properties.
  Types of property 'obsPassword' are incompatible.
    Type 'undefined' is not assignable to type 'string'.
